$@MID@$: 65
Date: Sun, 14 Apr 2019 00:39:40 +0000
Reply to: 66
Event: 024
Station: FC-09
Instrument: RingNet
Attached: Dual 202um
Action: Deployed
Sounding: 0085
Sample_ID: 433317
End_Sample_ID: 
Wire Out: 0075
Depth: 
Author: BelangerD
Seq_Number: 39197012
IMEI_No: 
WMO_No: 
S/N: 
Name: 
Comment: T4235
Time|Position: 2019-04-14 | 003915.00 | 46 59.9375 N | 49 59.9682 W
Cruise: 39197
PI: Snook, Steve
Protocol: AZMP
Platform: CCGS Teleost
Revisions: 
Attachment: 
Encoding: plain
========================================

$@MID@$: 66
Date: Sun, 14 Apr 2019 00:43:15 +0000
Reply to: 67
In reply to: 65
Event: 024
Station: FC-09
Instrument: RingNet
Attached: Dual 202um
Action: Bottom
Sounding: 0085
Sample_ID: 433317
End_Sample_ID: 
Wire Out: 0075
Depth: 
Author: BelangerD
Seq_Number: 39197012
IMEI_No: 
WMO_No: 
S/N: 
Name: 
Comment: T4235
Time|Position: 2019-04-14 | 004249.00 | 46 59.9111 N | 49 59.9208 W
Cruise: 39197
PI: Snook, Steve
Protocol: AZMP
Platform: CCGS Teleost
Revisions: 
Attachment: 
Encoding: plain
========================================

$@MID@$: 67
Date: Sun, 14 Apr 2019 00:48:48 +0000
In reply to: 66
Event: 024
Station: FC-09
Instrument: RingNet
Attached: Dual 202um
Action: Recovered
Sounding: 0085
Sample_ID: 433317
End_Sample_ID: 
Wire Out: 0075
Depth: 
Author: BelangerD
Seq_Number: 39197012
IMEI_No: 
WMO_No: 
S/N: 
Name: 
Comment: T4235
Time|Position: 2019-04-14 | 004823.00 | 46 59.8632 N | 49 59.8676 W
Cruise: 39197
PI: Snook, Steve
Protocol: AZMP
Platform: CCGS Teleost
Revisions: 
Attachment: 
Encoding: plain
========================================

$@MID@$: 68
Date: Sun, 14 Apr 2019 00:59:55 +0000
Reply to: 69
Event: 024
Station: FC-09
Instrument: CTD
Attached: pH
Action: Deployed
Sounding: 0084
Sample_ID: 433311
End_Sample_ID: 433317
Wire Out: 
Depth: 
Author: PyeB
Seq_Number: 39197012
IMEI_No: 
WMO_No: 
S/N: S1221
Name: 
Comment: 
Time|Position: 2019-04-14 | 005929.00 | 46 59.8114 N | 49 59.7527 W
Cruise: 39197
PI: Snook, Steve
Protocol: AZMP
Platform: CCGS Teleost
Revisions: 
Attachment: 
Encoding: plain
========================================

$@MID@$: 69
Date: Sun, 14 Apr 2019 01:01:34 +0000
Reply to: 70
In reply to: 68
Event: 024
Station: FC-09
Instrument: CTD
Attached: pH
Action: Bottom
Sounding: 0084
Sample_ID: 433311
End_Sample_ID: 433317
Wire Out: 
Depth: 
Author: PyeB
Seq_Number: 39197012
IMEI_No: 
WMO_No: 
S/N: S1221
Name: 
Comment: 
Time|Position: 2019-04-14 | 010108.00 | 46 59.8 N | 49 59.7339 W
Cruise: 39197
PI: Snook, Steve
Protocol: AZMP
Platform: CCGS Teleost
Revisions: 
Attachment: 
Encoding: plain
========================================

$@MID@$: 70
Date: Sun, 14 Apr 2019 01:12:05 +0000
In reply to: 69
Event: 024
Station: FC-09
Instrument: CTD
Attached: pH
Action: Recovered
Sounding: 0084
Sample_ID: 433311
End_Sample_ID: 433317
Wire Out: 
Depth: 
Author: PyeB
Seq_Number: 39197012
IMEI_No: 
WMO_No: 
S/N: S1221
Name: 
Comment: 
Time|Position: 2019-04-14 | 011140.00 | 46 59.7402 N | 49 59.6055 W
Cruise: 39197
PI: Snook, Steve
Protocol: AZMP
Platform: CCGS Teleost
Revisions: 
Attachment: 
Encoding: plain
========================================

$@MID@$: 71
Date: Sun, 14 Apr 2019 04:41:33 +0000
Reply to: 72
Event: 025
Station: FC-10
Instrument: RingNet
Attached: 70um/202um
Action: Bottom
Sounding: 0083
Sample_ID: 433318
End_Sample_ID: 
Wire Out: 0073
Depth: 
Author: RamsayD
Seq_Number: 39197013
IMEI_No: 
WMO_No: 
S/N: 
Name: 
Comment: 70 PANEL RIP, REDID NETS
Time|Position: 2019-04-14 | 044108.00 | 47 0.1335 N | 49 7.1697 W
Cruise: 39197
PI: Snook, Steve
Protocol: AZMP
Platform: CCGS Teleost
Revisions: 14/Apr/2019 05:00:58
Attachment: 
Encoding: plain
========================================

$@MID@$: 72
Date: Sun, 14 Apr 2019 04:47:57 +0000
In reply to: 71
Event: 025
Station: FC-10
Instrument: RingNet
Attached: 70um/202um
Action: Recovered
Sounding: 0083
Sample_ID: 433318
End_Sample_ID: 
Wire Out: 0073
Depth: 
Author: RamsayD
Seq_Number: 39197013
IMEI_No: 
WMO_No: 
S/N: 
Name: 
Comment: 70 PANEL RIP, REDID NETS
Time|Position: 2019-04-14 | 044732.00 | 47 0.1362 N | 49 7.1488 W
Cruise: 39197
PI: Snook, Steve
Protocol: AZMP
Platform: CCGS Teleost
Revisions: 14/Apr/2019 05:00:24
Attachment: 
Encoding: plain
========================================

$@MID@$: 73
Date: Sun, 14 Apr 2019 04:58:49 +0000
Reply to: 74
Event: 026
Station: FC-10
Instrument: RingNet
Attached: 70um/202um
Action: Deployed
Sounding: 0083
Sample_ID: 433318
End_Sample_ID: 
Wire Out: 0073
Depth: 
Author: RastinS
Seq_Number: 39197013
IMEI_No: 
WMO_No: 
S/N: 
Name: 
Comment: T4236
Time|Position: 2019-04-14 | 045824.00 | 47 0.1177 N | 49 7.1602 W
Cruise: 39197
PI: Snook, Steve
Protocol: AZMP
Platform: CCGS Teleost
Revisions: 14/Apr/2019 04:59:48
Attachment: 
Encoding: plain
========================================

$@MID@$: 74
Date: Sun, 14 Apr 2019 05:02:35 +0000
Reply to: 75
In reply to: 73
Event: 026
Station: FC-10
Instrument: RingNet
Attached: 70um/202um
Action: Bottom
Sounding: 0083
Sample_ID: 433318
End_Sample_ID: 
Wire Out: 0073
Depth: 
Author: RastinS
Seq_Number: 39197013
IMEI_No: 
WMO_No: 
S/N: 
Name: 
Comment: T4236
Time|Position: 2019-04-14 | 050210.00 | 47 0.1296 N | 49 7.1404 W
Cruise: 39197
PI: Snook, Steve
Protocol: AZMP
Platform: CCGS Teleost
Revisions: 14/Apr/2019 04:59:48
Attachment: 
Encoding: plain
========================================

$@MID@$: 75
Date: Sun, 14 Apr 2019 05:05:04 +0000
In reply to: 74
Event: 026
Station: FC-10
Instrument: RingNet
Attached: 70um/202um
Action: Recovered
Sounding: 0083
Sample_ID: 433318
End_Sample_ID: 
Wire Out: 0073
Depth: 
Author: RastinS
Seq_Number: 39197013
IMEI_No: 
WMO_No: 
S/N: 
Name: 
Comment: T4236
Time|Position: 2019-04-14 | 050610.00 | 47 0.1296 N | 49 7.1404 W
Cruise: 39197
PI: Snook, Steve
Protocol: AZMP
Platform: CCGS Teleost
Revisions: 14/Apr/2019 04:59:48
Attachment: 
Encoding: plain
========================================

$@MID@$: 76
Date: Sun, 14 Apr 2019 05:23:14 +0000
Reply to: 77
Event: 027
Station: FC-10
Instrument: CTD
Attached: pH
Action: Deployed
Sounding: 0083
Sample_ID: 4333189
End_Sample_ID: 433324
Wire Out: 
Depth: 
Author: BaileyW
Seq_Number: 39197013
IMEI_No: 
WMO_No: 
S/N: S1221
Name: 
Comment: 
Time|Position: 2019-04-14 | 052410.00 | 47 0.0 N | 49 7.00 W
Cruise: 39197
PI: Snook, Steve
Protocol: AZMP
Platform: CCGS Teleost
Revisions: 
Attachment: 
Encoding: plain
========================================

$@MID@$: 77
Date: Sun, 14 Apr 2019 05:29:55 +0000
Reply to: 78
In reply to: 76
Event: 027
Station: FC-10
Instrument: CTD
Attached: pH
Action: Bottom
Sounding: 0083
Sample_ID: 433318
End_Sample_ID: 433324
Wire Out: 
Depth: 
Author: BaileyW
Seq_Number: 39197013
IMEI_No: 
WMO_No: 
S/N: S1221
Name: 
Comment: 
Time|Position: 2019-04-14 | 053010.00 | 47 0.0 N | 49 7.00 W
Cruise: 39197
PI: Snook, Steve
Protocol: AZMP
Platform: CCGS Teleost
Revisions: 
Attachment: 
Encoding: plain
========================================

$@MID@$: 78
Date: Sun, 14 Apr 2019 05:42:18 +0000
In reply to: 77
Event: 027
Station: FC-10
Instrument: CTD
Attached: pH
Action: Recovered
Sounding: 0083
Sample_ID: 433318
End_Sample_ID: 433324
Wire Out: 
Depth: 
Author: BaileyW
Seq_Number: 39197013
IMEI_No: 
WMO_No: 
S/N: S1221
Name: 
Comment: 
Time|Position: 2019-04-14 | 054210.00 | 47 0.0 N | 49 7.00 W
Cruise: 39197
PI: Snook, Steve
Protocol: AZMP
Platform: CCGS Teleost
Revisions: 
Attachment: 
Encoding: plain
========================================

$@MID@$: 79
Date: Sun, 14 Apr 2019 07:53:15 +0000
Reply to: 80
Event: 028
Station: FC-11
Instrument: CTD
Attached: pH
Action: Deployed
Sounding: 0104
Sample_ID: 
End_Sample_ID: 
Wire Out: 
Depth: 
Author: BaileyW
Seq_Number: 39197014
IMEI_No: 
WMO_No: 
S/N: S1221
Name: 
Comment: 
Time|Position: 2019-04-14 | 074710.00 | 47 0.0 N | 48 37.00 W
Cruise: 39197
PI: Snook, Steve
Protocol: AZMP
Platform: CCGS Teleost
Revisions: 
Attachment: 
Encoding: plain
========================================

$@MID@$: 80
Date: Sun, 14 Apr 2019 07:53:42 +0000
Reply to: 81
In reply to: 79
Event: 028
Station: FC-11
Instrument: CTD
Attached: pH
Action: Bottom
Sounding: 0104
Sample_ID: 
End_Sample_ID: 
Wire Out: 
Depth: 
Author: BaileyW
Seq_Number: 39197014
IMEI_No: 
WMO_No: 
S/N: S1221
Name: 
Comment: 
Time|Position: 2019-04-14 | 075010.00 | 47 0.0 N | 48 37.00 W
Cruise: 39197
PI: Snook, Steve
Protocol: AZMP
Platform: CCGS Teleost
Revisions: 
Attachment: 
Encoding: plain
========================================

$@MID@$: 81
Date: Sun, 14 Apr 2019 07:54:08 +0000
In reply to: 80
Event: 028
Station: FC-11
Instrument: CTD
Attached: pH
Action: Recovered
Sounding: 0104
Sample_ID: 
End_Sample_ID: 
Wire Out: 
Depth: 
Author: BaileyW
Seq_Number: 39197014
IMEI_No: 
WMO_No: 
S/N: S1221
Name: 
Comment: 
Time|Position: 2019-04-14 | 075310.00 | 47 0.0 N | 48 37.00 W
Cruise: 39197
PI: Snook, Steve
Protocol: AZMP
Platform: CCGS Teleost
Revisions: 
Attachment: 
Encoding: plain
========================================

$@MID@$: 82
Date: Sun, 14 Apr 2019 09:54:40 +0000
Reply to: 83
Event: 029
Station: FC-12
Instrument: RingNet
Attached: Dual 202um
Action: Deployed
Sounding: 0135
Sample_ID: 433333
End_Sample_ID: 
Wire Out: 0125
Depth: 
Author: RastinS
Seq_Number: 39197015
IMEI_No: 
WMO_No: 
S/N: 
Name: 
Comment: T4237
Time|Position: 2019-04-14 | 095414.00 | 46 59.9029 N | 48 6.8681 W
Cruise: 39197
PI: Snook, Steve
Protocol: AZMP
Platform: CCGS Teleost
Revisions: 14/Apr/2019 12:06:31
Attachment: 
Encoding: plain
========================================

$@MID@$: 83
Date: Sun, 14 Apr 2019 10:03:24 +0000
Reply to: 84
In reply to: 82
Event: 029
Station: FC-12
Instrument: RingNet
Attached: Dual 202um
Action: Bottom
Sounding: 0135
Sample_ID: 433333
End_Sample_ID: 
Wire Out: 0125
Depth: 
Author: RastinS
Seq_Number: 39197015
IMEI_No: 
WMO_No: 
S/N: 
Name: 
Comment: T4237
Time|Position: 2019-04-14 | 100259.00 | 46 59.8571 N | 48 6.687 W
Cruise: 39197
PI: Snook, Steve
Protocol: AZMP
Platform: CCGS Teleost
Revisions: 14/Apr/2019 12:06:16
Attachment: 
Encoding: plain
========================================

$@MID@$: 84
Date: Sun, 14 Apr 2019 10:12:17 +0000
In reply to: 83
Event: 029
Station: FC-12
Instrument: RingNet
Attached: Dual 202um
Action: Recovered
Sounding: 0135
Sample_ID: 433333
End_Sample_ID: 
Wire Out: 0125
Depth: 
Author: RastinS
Seq_Number: 39197015
IMEI_No: 
WMO_No: 
S/N: 
Name: 
Comment: T4237
Time|Position: 2019-04-14 | 101152.00 | 46 59.8226 N | 48 6.4929 W
Cruise: 39197
PI: Snook, Steve
Protocol: AZMP
Platform: CCGS Teleost
Revisions: 14/Apr/2019 12:05:50
Attachment: 
Encoding: plain
========================================

$@MID@$: 85
Date: Sun, 14 Apr 2019 10:30:06 +0000
Reply to: 86
Event: 030
Station: FC-12
Instrument: CTD
Attached: pH
Action: Deployed
Sounding: 0138
Sample_ID: 433325
End_Sample_ID: 433333
Wire Out: 
Depth: 
Author: BaileyW
Seq_Number: 39197015
IMEI_No: 
WMO_No: 
S/N: S1221
Name: 
Comment: 
Time|Position: 2019-04-14 | 102941.00 | 46 59.9415 N | 48 6.2993 W
Cruise: 39197
PI: Snook, Steve
Protocol: AZMP
Platform: CCGS Teleost
Revisions: 
Attachment: 
Encoding: plain
========================================

$@MID@$: 86
Date: Sun, 14 Apr 2019 10:36:20 +0000
Reply to: 87
In reply to: 85
Event: 030
Station: FC-12
Instrument: CTD
Attached: pH
Action: Bottom
Sounding: 0138
Sample_ID: 433325
End_Sample_ID: 433333
Wire Out: 
Depth: 
Author: BaileyW
Seq_Number: 39197015
IMEI_No: 
WMO_No: 
S/N: S1221
Name: 
Comment: 
Time|Position: 2019-04-14 | 103555.00 | 46 59.9701 N | 48 6.1397 W
Cruise: 39197
PI: Snook, Steve
Protocol: AZMP
Platform: CCGS Teleost
Revisions: 
Attachment: 
Encoding: plain
========================================

$@MID@$: 87
Date: Sun, 14 Apr 2019 10:54:28 +0000
In reply to: 86
Event: 030
Station: FC-12
Instrument: CTD
Attached: pH
Action: Recovered
Sounding: 0138
Sample_ID: 433325
End_Sample_ID: 433333
Wire Out: 
Depth: 
Author: BaileyW
Seq_Number: 39197015
IMEI_No: 
WMO_No: 
S/N: S1221
Name: 
Comment: 
Time|Position: 2019-04-14 | 105403.00 | 47 0.0524 N | 48 5.6377 W
Cruise: 39197
PI: Snook, Steve
Protocol: AZMP
Platform: CCGS Teleost
Revisions: 
Attachment: 
Encoding: plain
========================================

$@MID@$: 88
Date: Sun, 14 Apr 2019 12:04:42 +0000
Reply to: 89
Event: 031
Station: FC-13
Instrument: RingNet
Attached: 70um/202um
Action: Deployed
Sounding: 0165
Sample_ID: 433334
End_Sample_ID: 
Wire Out: 0155
Depth: 
Author: RastinS
Seq_Number: 39197016
IMEI_No: 
WMO_No: 
S/N: 
Name: 
Comment: T4238
Time|Position: 2019-04-14 | 120417.00 | 46 59.9401 N | 47 49.118 W
Cruise: 39197
PI: Snook, Steve
Protocol: AZMP
Platform: CCGS Teleost
Revisions: 
Attachment: 
Encoding: plain
========================================

$@MID@$: 89
Date: Sun, 14 Apr 2019 12:14:32 +0000
Reply to: 90
In reply to: 88
Event: 031
Station: FC-13
Instrument: RingNet
Attached: 70um/202um
Action: Bottom
Sounding: 0165
Sample_ID: 433334
End_Sample_ID: 
Wire Out: 0155
Depth: 
Author: RastinS
Seq_Number: 39197016
IMEI_No: 
WMO_No: 
S/N: 
Name: 
Comment: T4238
Time|Position: 2019-04-14 | 121406.00 | 46 59.9352 N | 47 48.9638 W
Cruise: 39197
PI: Snook, Steve
Protocol: AZMP
Platform: CCGS Teleost
Revisions: 
Attachment: 
Encoding: plain
========================================

$@MID@$: 90
Date: Sun, 14 Apr 2019 12:23:51 +0000
In reply to: 89
Event: 031
Station: FC-13
Instrument: RingNet
Attached: 70um/202um
Action: Recovered
Sounding: 0165
Sample_ID: 433334
End_Sample_ID: 
Wire Out: 0155
Depth: 
Author: RastinS
Seq_Number: 39197016
IMEI_No: 
WMO_No: 
S/N: 
Name: 
Comment: T4238
Time|Position: 2019-04-14 | 122325.00 | 46 59.9086 N | 47 48.8378 W
Cruise: 39197
PI: Snook, Steve
Protocol: AZMP
Platform: CCGS Teleost
Revisions: 
Attachment: 
Encoding: plain
========================================

$@MID@$: 91
Date: Sun, 14 Apr 2019 12:44:10 +0000
Reply to: 92
Event: 032
Station: FC-13
Instrument: CTD
Attached: pH
Action: Deployed
Sounding: 0166
Sample_ID: 433334
End_Sample_ID: 433343
Wire Out: 
Depth: 
Author: BaileyW
Seq_Number: 39197016
IMEI_No: 
WMO_No: 
S/N: S1221
Name: 
Comment: 
Time|Position: 2019-04-14 | 124345.00 | 47 0.0317 N | 47 48.9159 W
Cruise: 39197
PI: Snook, Steve
Protocol: AZMP
Platform: CCGS Teleost
Revisions: 
Attachment: 
Encoding: plain
========================================

$@MID@$: 92
Date: Sun, 14 Apr 2019 12:49:34 +0000
Reply to: 93
In reply to: 91
Event: 032
Station: FC-13
Instrument: CTD
Attached: pH
Action: Bottom
Sounding: 0166
Sample_ID: 433334
End_Sample_ID: 433343
Wire Out: 
Depth: 
Author: BaileyW
Seq_Number: 39197016
IMEI_No: 
WMO_No: 
S/N: S1221
Name: 
Comment: 
Time|Position: 2019-04-14 | 124909.00 | 47 0.0083 N | 47 48.8374 W
Cruise: 39197
PI: Snook, Steve
Protocol: AZMP
Platform: CCGS Teleost
Revisions: 
Attachment: 
Encoding: plain
========================================

$@MID@$: 93
Date: Sun, 14 Apr 2019 13:08:44 +0000
In reply to: 92
Event: 032
Station: FC-13
Instrument: CTD
Attached: pH
Action: Recovered
Sounding: 0166
Sample_ID: 433334
End_Sample_ID: 433343
Wire Out: 
Depth: 
Author: BaileyW
Seq_Number: 39197016
IMEI_No: 
WMO_No: 
S/N: S1221
Name: 
Comment: 
Time|Position: 2019-04-14 | 130818.00 | 46 59.9623 N | 47 48.5509 W
Cruise: 39197
PI: Snook, Steve
Protocol: AZMP
Platform: CCGS Teleost
Revisions: 
Attachment: 
Encoding: plain
========================================

$@MID@$: 94
Date: Sun, 14 Apr 2019 14:25:26 +0000
Reply to: 95
Event: 033
Station: FC-14
Instrument: RingNet
Attached: Dual 202um
Action: Deployed
Sounding: 0216
Sample_ID: 39197017
End_Sample_ID: 
Wire Out: 0206
Depth: 
Author: BelangerD
Seq_Number: 433353
IMEI_No: 
WMO_No: 
S/N: 
Name: 
Comment: T4239
Time|Position: 2019-04-14 | 142501.00 | 46 59.9773 N | 47 30.3665 W
Cruise: 39197
PI: Snook, Steve
Protocol: AZMP
Platform: CCGS Teleost
Revisions: 
Attachment: 
Encoding: plain
========================================

$@MID@$: 95
Date: Sun, 14 Apr 2019 14:33:47 +0000
Reply to: 96
In reply to: 94
Event: 033
Station: FC-14
Instrument: RingNet
Attached: Dual 202um
Action: Bottom
Sounding: 0216
Sample_ID: 39197017
End_Sample_ID: 
Wire Out: 0206
Depth: 
Author: BelangerD
Seq_Number: 433353
IMEI_No: 
WMO_No: 
S/N: 
Name: 
Comment: T4239
Time|Position: 2019-04-14 | 143321.00 | 46 59.8811 N | 47 30.2389 W
Cruise: 39197
PI: Snook, Steve
Protocol: AZMP
Platform: CCGS Teleost
Revisions: 
Attachment: 
Encoding: plain
========================================

$@MID@$: 96
Date: Sun, 14 Apr 2019 14:43:08 +0000
In reply to: 95
Event: 033
Station: FC-14
Instrument: RingNet
Attached: Dual 202um
Action: Recovered
Sounding: 0216
Sample_ID: 39197017
End_Sample_ID: 
Wire Out: 0206
Depth: 
Author: BelangerD
Seq_Number: 433353
IMEI_No: 
WMO_No: 
S/N: 
Name: 
Comment: T4239
Time|Position: 2019-04-14 | 144243.00 | 46 59.8916 N | 47 30.0933 W
Cruise: 39197
PI: Snook, Steve
Protocol: AZMP
Platform: CCGS Teleost
Revisions: 
Attachment: 
Encoding: plain
========================================

$@MID@$: 97
Date: Sun, 14 Apr 2019 14:57:33 +0000
Reply to: 98
Event: 034
Station: FC-14
Instrument: CTD
Attached: pH
Action: Deployed
Sounding: 0217
Sample_ID: 433344
End_Sample_ID: 433353
Wire Out: 
Depth: 
Author: PyeB
Seq_Number: 39197017
IMEI_No: 
WMO_No: 
S/N: S1221
Name: 
Comment: 
Time|Position: 2019-04-14 | 145708.00 | 46 59.8144 N | 47 29.9471 W
Cruise: 39197
PI: Snook, Steve
Protocol: AZMP
Platform: CCGS Teleost
Revisions: 
Attachment: 
Encoding: plain
========================================

$@MID@$: 98
Date: Sun, 14 Apr 2019 15:02:55 +0000
Reply to: 99
In reply to: 97
Event: 034
Station: FC-14
Instrument: CTD
Attached: pH
Action: Bottom
Sounding: 0217
Sample_ID: 433344
End_Sample_ID: 433353
Wire Out: 
Depth: 
Author: PyeB
Seq_Number: 39197017
IMEI_No: 
WMO_No: 
S/N: S1221
Name: 
Comment: 
Time|Position: 2019-04-14 | 150230.00 | 46 59.7085 N | 47 29.8949 W
Cruise: 39197
PI: Snook, Steve
Protocol: AZMP
Platform: CCGS Teleost
Revisions: 
Attachment: 
Encoding: plain
========================================

$@MID@$: 99
Date: Sun, 14 Apr 2019 15:22:01 +0000
In reply to: 98
Event: 034
Station: FC-14
Instrument: CTD
Attached: pH
Action: Recovered
Sounding: 0217
Sample_ID: 433344
End_Sample_ID: 433353
Wire Out: 
Depth: 
Author: PyeB
Seq_Number: 39197017
IMEI_No: 
WMO_No: 
S/N: S1221
Name: 
Comment: 
Time|Position: 2019-04-14 | 152136.00 | 46 59.3776 N | 47 29.6604 W
Cruise: 39197
PI: Snook, Steve
Protocol: AZMP
Platform: CCGS Teleost
Revisions: 
Attachment: 
Encoding: plain
========================================

$@MID@$: 100
Date: Sun, 14 Apr 2019 16:31:13 +0000
Reply to: 101
Event: 035
Station: FC-15
Instrument: RingNet
Attached: 70um/202um
Action: Deployed
Sounding: 0535
Sample_ID: 433354
End_Sample_ID: 
Wire Out: 0525
Depth: 
Author: BelangerD
Seq_Number: 39197018
IMEI_No: 
WMO_No: 
S/N: 
Name: 
Comment: T4240
Time|Position: 2019-04-14 | 163048.00 | 46 59.7989 N | 47 15.1369 W
Cruise: 39197
PI: Snook, Steve
Protocol: AZMP
Platform: CCGS Teleost
Revisions: 14/Apr/2019 16:48:25
Attachment: 
Encoding: plain
========================================

$@MID@$: 101
Date: Sun, 14 Apr 2019 16:47:29 +0000
Reply to: 102
In reply to: 100
Event: 035
Station: FC-15
Instrument: RingNet
Attached: 70um/202um
Action: Bottom
Sounding: 0535
Sample_ID: 433354
End_Sample_ID: 
Wire Out: 0525
Depth: 
Author: BelangerD
Seq_Number: 39197018
IMEI_No: 
WMO_No: 
S/N: 
Name: 
Comment: T4240
Time|Position: 2019-04-14 | 164704.00 | 46 59.3734 N | 47 14.9662 W
Cruise: 39197
PI: Snook, Steve
Protocol: AZMP
Platform: CCGS Teleost
Revisions: 
Attachment: 
Encoding: plain
========================================

$@MID@$: 102
Date: Sun, 14 Apr 2019 17:06:08 +0000
In reply to: 101
Event: 035
Station: FC-15
Instrument: RingNet
Attached: 70um/202um
Action: Recovered
Sounding: 0535
Sample_ID: 433354
End_Sample_ID: 
Wire Out: 0525
Depth: 
Author: BelangerD
Seq_Number: 39197018
IMEI_No: 
WMO_No: 
S/N: 
Name: 
Comment: T4240 SMALL TEAR (1 inch) IN THE TOP SECTION OF THE 70um NET 
Time|Position: 2019-04-14 | 170543.00 | 46 58.9386 N | 47 14.9139 W
Cruise: 39197
PI: Snook, Steve
Protocol: AZMP
Platform: CCGS Teleost
Revisions: 14/Apr/2019 17:49:52
Attachment: 
Encoding: plain
========================================

$@MID@$: 103
Date: Sun, 14 Apr 2019 17:30:31 +0000
Reply to: 104
Event: 036
Station: FC-15
Instrument: CTD
Attached: pH
Action: Deployed
Sounding: 0536
Sample_ID: 433354
End_Sample_ID: 433364
Wire Out: 
Depth: 
Author: DoodyR
Seq_Number: 39197018
IMEI_No: 
WMO_No: 
S/N: S1221
Name: 
Comment: 
Time|Position: 2019-04-14 | 173006.00 | 46 59.9673 N | 47 15.0405 W
Cruise: 39197
PI: Snook, Steve
Protocol: AZMP
Platform: CCGS Teleost
Revisions: 
Attachment: 
Encoding: plain
========================================

$@MID@$: 104
Date: Sun, 14 Apr 2019 17:42:04 +0000
Reply to: 105
In reply to: 103
Event: 036
Station: FC-15
Instrument: CTD
Attached: pH
Action: Bottom
Sounding: 0536
Sample_ID: 433354
End_Sample_ID: 433364
Wire Out: 
Depth: 
Author: DoodyR
Seq_Number: 39197018
IMEI_No: 
WMO_No: 
S/N: S1221
Name: 
Comment: 
Time|Position: 2019-04-14 | 174138.00 | 46 59.7641 N | 47 15.0757 W
Cruise: 39197
PI: Snook, Steve
Protocol: AZMP
Platform: CCGS Teleost
Revisions: 
Attachment: 
Encoding: plain
========================================

$@MID@$: 105
Date: Sun, 14 Apr 2019 18:20:47 +0000
In reply to: 104
Event: 036
Station: FC-15
Instrument: CTD
Attached: pH
Action: Recovered
Sounding: 0536
Sample_ID: 433354
End_Sample_ID: 433364
Wire Out: 
Depth: 
Author: DoodyR
Seq_Number: 39197018
IMEI_No: 
WMO_No: 
S/N: S1221
Name: 
Comment: 
Time|Position: 2019-04-14 | 182022.00 | 46 59.784 N | 47 13.9542 W
Cruise: 39197
PI: Snook, Steve
Protocol: AZMP
Platform: CCGS Teleost
Revisions: 
Attachment: 
Encoding: plain
========================================

$@MID@$: 106
Date: Sun, 14 Apr 2019 18:58:35 +0000
Reply to: 107
Event: 037
Station: FC-16
Instrument: CTD
Attached: pH
Action: Deployed
Sounding: 0848
Sample_ID: 
End_Sample_ID: 
Wire Out: 
Depth: 
Author: PyeB
Seq_Number: 39197019
IMEI_No: 
WMO_No: 
S/N: S1221
Name: 
Comment: 
Time|Position: 2019-04-14 | 185810.00 | 46 59.9795 N | 47 9.9682 W
Cruise: 39197
PI: Snook, Steve
Protocol: AZMP
Platform: CCGS Teleost
Revisions: 
Attachment: 
Encoding: plain
========================================

$@MID@$: 107
Date: Sun, 14 Apr 2019 19:06:53 +0000
Reply to: 108
In reply to: 106
Event: 037
Station: FC-16
Instrument: CTD
Attached: pH
Action: Bottom
Sounding: 0848
Sample_ID: 
End_Sample_ID: 
Wire Out: 
Depth: 
Author: PyeB
Seq_Number: 39197019
IMEI_No: 
WMO_No: 
S/N: S1221
Name: 
Comment: 
Time|Position: 2019-04-14 | 190628.00 | 46 59.8743 N | 47 9.8194 W
Cruise: 39197
PI: Snook, Steve
Protocol: AZMP
Platform: CCGS Teleost
Revisions: 
Attachment: 
Encoding: plain
========================================

$@MID@$: 108
Date: Sun, 14 Apr 2019 19:25:56 +0000
In reply to: 107
Event: 037
Station: FC-16
Instrument: CTD
Attached: pH
Action: Recovered
Sounding: 0848
Sample_ID: 
End_Sample_ID: 
Wire Out: 
Depth: 
Author: PyeB
Seq_Number: 39197019
IMEI_No: 
WMO_No: 
S/N: S1221
Name: 
Comment: 
Time|Position: 2019-04-14 | 192530.00 | 46 59.7341 N | 47 9.4929 W
Cruise: 39197
PI: Snook, Steve
Protocol: AZMP
Platform: CCGS Teleost
Revisions: 
Attachment: 
Encoding: plain
========================================

$@MID@$: 109
Date: Sun, 14 Apr 2019 20:31:49 +0000
Event: 038
Station: MM-AMAR-03
Instrument: Deploy Mooring
Attached: 
Action: Anchor Away
Sounding: 1110
Sample_ID: 
End_Sample_ID: 
Wire Out: 
Depth: 
Author: DoyleG
Seq_Number: 
IMEI_No: 
WMO_No: 
S/N: 
Name: 
Comment: marine mammals mooring
Time|Position: 2019-04-14 | 203124.00 | 47 0.0255 N | 47 3.2385 W
Cruise: 39197
PI: Snook, Steve
Protocol: AZMP
Platform: CCGS Teleost
Revisions: 
Attachment: 
Encoding: plain
========================================

$@MID@$: 110
Date: Sun, 14 Apr 2019 20:51:10 +0000
Reply to: 111
Event: 039
Station: FC-17
Instrument: RingNet
Attached: Dual 202um
Action: Deployed
Sounding: 1130
Sample_ID: 433374
End_Sample_ID: 
Wire Out: 1000
Depth: 
Author: BelangerD
Seq_Number: 39197020
IMEI_No: 
WMO_No: 
S/N: 
Name: 
Comment: T4241
Time|Position: 2019-04-14 | 205044.00 | 46 59.694 N | 47 0.9307 W
Cruise: 39197
PI: Snook, Steve
Protocol: AZMP
Platform: CCGS Teleost
Revisions: 
Attachment: 
Encoding: plain
========================================

$@MID@$: 111
Date: Sun, 14 Apr 2019 21:34:07 +0000
Reply to: 112
In reply to: 110
Event: 039
Station: FC-17
Instrument: RingNet
Attached: Dual 202um
Action: Bottom
Sounding: 1130
Sample_ID: 433374
End_Sample_ID: 
Wire Out: 1000
Depth: 
Author: BelangerD
Seq_Number: 39197020
IMEI_No: 
WMO_No: 
S/N: 
Name: 
Comment: T4241
Time|Position: 2019-04-14 | 213342.00 | 46 58.7075 N | 47 0.6023 W
Cruise: 39197
PI: Snook, Steve
Protocol: AZMP
Platform: CCGS Teleost
Revisions: 
Attachment: 
Encoding: plain
========================================

$@MID@$: 112
Date: Sun, 14 Apr 2019 22:10:51 +0000
In reply to: 111
Event: 039
Station: FC-17
Instrument: RingNet
Attached: Dual 202um
Action: Recovered
Sounding: 1130
Sample_ID: 433374
End_Sample_ID: 
Wire Out: 1000
Depth: 
Author: BelangerD
Seq_Number: 39197020
IMEI_No: 
WMO_No: 
S/N: 
Name: 
Comment: T4241
Time|Position: 2019-04-14 | 221025.00 | 46 57.9547 N | 47 0.5117 W
Cruise: 39197
PI: Snook, Steve
Protocol: AZMP
Platform: CCGS Teleost
Revisions: 
Attachment: 
Encoding: plain
========================================

$@MID@$: 113
Date: Sun, 14 Apr 2019 22:41:49 +0000
Reply to: 114
Event: 040
Station: FC-17
Instrument: CTD
Attached: pH
Action: Deployed
Sounding: 1132
Sample_ID: 433365
End_Sample_ID: 433374
Wire Out: 
Depth: 
Author: DoodyR
Seq_Number: 39197020
IMEI_No: 
WMO_No: 
S/N: S1221
Name: 
Comment: 
Time|Position: 2019-04-14 | 224124.00 | 46 59.6917 N | 47 1.3942 W
Cruise: 39197
PI: Snook, Steve
Protocol: AZMP
Platform: CCGS Teleost
Revisions: 
Attachment: 
Encoding: plain
========================================

$@MID@$: 114
Date: Sun, 14 Apr 2019 23:08:55 +0000
Reply to: 115
In reply to: 113
Event: 040
Station: FC-17
Instrument: CTD
Attached: pH
Action: Bottom
Sounding: 1132
Sample_ID: 433365
End_Sample_ID: 433374
Wire Out: 
Depth: 
Author: DoodyR
Seq_Number: 39197020
IMEI_No: 
WMO_No: 
S/N: S1221
Name: 
Comment: 
Time|Position: 2019-04-14 | 230829.00 | 46 59.3165 N | 47 1.5153 W
Cruise: 39197
PI: Snook, Steve
Protocol: AZMP
Platform: CCGS Teleost
Revisions: 
Attachment: 
Encoding: plain
========================================

$@MID@$: 115
Date: Sun, 14 Apr 2019 23:45:20 +0000
In reply to: 114
Event: 040
Station: FC-17
Instrument: CTD
Attached: pH
Action: Recovered
Sounding: 1132
Sample_ID: 433365
End_Sample_ID: 433374
Wire Out: 
Depth: 
Author: DoodyR
Seq_Number: 39197020
IMEI_No: 
WMO_No: 
S/N: S1221
Name: 
Comment: 
Time|Position: 2019-04-14 | 234455.00 | 46 58.7727 N | 47 1.712 W
Cruise: 39197
PI: Snook, Steve
Protocol: AZMP
Platform: CCGS Teleost
Revisions: 
Attachment: 
Encoding: plain
========================================

