$@MID@$: 34
Date: Mon, 13 Nov 2017 01:03:22 +0000
Reply to: 33
Event: 145
Station: S27TOSI01-12
Instrument: XBT
Attached: T-06
Action: Deployed
Sounding: 0372
Sample_ID: 
End_Sample_ID: 
Wire Out: 
Depth: 
Author: CyrF
IMEI_No: 
WMO_No: 
S/N: 
Name: 
Comment: 
Time|Position: Port Com 5 Not available!
Cruise: 15009
PI: Lewis, Sara
Protocol: AZMP
Platform: Fugro Discovery
Revisions: 
Attachment: 
Encoding: plain
========================================


$@MID@$: 35
Date: Mon, 13 Nov 2017 01:08:08 +0000
In reply to: 34
Event: 145
Station: S27TOSI01-12
Instrument: XBT
Attached: T-06
Action: Bottom
Sounding: 0372
Sample_ID: 
End_Sample_ID: 
Wire Out: 
Depth: 
Author: CyrF
IMEI_No: 
WMO_No: 
S/N: 
Name: 
Comment: 
Time|Position: Port Com 5 Not available!
Cruise: 15009
PI: Lewis, Sara
Protocol: AZMP
Platform: Fugro Discovery
Revisions: 
Attachment: 
Encoding: plain
========================================


$@MID@$: 36
Date: Mon, 13 Nov 2017 03:04:22 +0000
Reply to: 35
Event: 146
Station: S27TOSI01-13
Instrument: XBT
Attached: T-06
Action: Deployed
Sounding: 0286
Sample_ID: 
End_Sample_ID: 
Wire Out: 
Depth: 
Author: CyrF
IMEI_No: 
WMO_No: 
S/N: 
Name: 
Comment: 
Time|Position: Port Com 5 Not available!
Cruise: 15009
PI: Lewis, Sara
Protocol: AZMP
Platform: Fugro Discovery
Revisions: 
Attachment: 
Encoding: plain
========================================


$@MID@$: 37
Date: Mon, 13 Nov 2017 03:09:06 +0000
In reply to: 36
Event: 146
Station: S27TOSI01-13
Instrument: XBT
Attached: T-06
Action: Bottom
Sounding: 0286
Sample_ID: 
End_Sample_ID: 
Wire Out: 
Depth: 
Author: CyrF
IMEI_No: 
WMO_No: 
S/N: 
Name: 
Comment: 
Time|Position: Port Com 5 Not available!
Cruise: 15009
PI: Lewis, Sara
Protocol: AZMP
Platform: Fugro Discovery
Revisions: 
Attachment: 
Encoding: plain
========================================


$@MID@$: 38
Date: Mon, 13 Nov 2017 05:12:30 +0000
Reply to: 37
Event: 147
Station: S27TOSI01-14
Instrument: XBT
Attached: T-06
Action: Deployed
Sounding: 0220
Sample_ID: 
End_Sample_ID: 
Wire Out: 
Depth: 
Author: DoyleG
IMEI_No: 
WMO_No: 
S/N: 
Name: 
Comment: 
Time|Position: Port Com 5 Not available!
Cruise: 15009
PI: Lewis, Sara
Protocol: AZMP
Platform: Fugro Discovery
Revisions: 13/Nov/2017 05:13:49
Attachment: 
Encoding: plain
========================================

$@MID@$: 39
Date: Mon, 13 Nov 2017 05:13:42 +0000
In reply to: 38
Event: 147
Station: S27TOSI01-14
Instrument: XBT
Attached: T-06
Action: Bottom
Sounding: 0220
Sample_ID: 
End_Sample_ID: 
Wire Out: 
Depth: 
Author: DoyleG
IMEI_No: 
WMO_No: 
S/N: 
Name: 
Comment: 
Time|Position: Port Com 5 Not available!
Cruise: 15009
PI: Lewis, Sara
Protocol: AZMP
Platform: Fugro Discovery
Revisions: 
Attachment: 
Encoding: plain
========================================

$@MID@$: 40
Date: Mon, 13 Nov 2017 07:21:19 +0000
Reply to: 39
Event: 148
Station: S27TOSI01-15
Instrument: XBT
Attached: T-06
Action: Deployed
Sounding: 0257
Sample_ID: 
End_Sample_ID: 
Wire Out: 
Depth: 
Author: SnookS
IMEI_No: 
WMO_No: 
S/N: 
Name: 
Comment: 
Time|Position: Port Com 5 Not available!
Cruise: 15009
PI: Lewis, Sara
Protocol: AZMP
Platform: Fugro Discovery
Revisions: 
Attachment: 
Encoding: plain
========================================

$@MID@$: 41
Date: Mon, 13 Nov 2017 07:22:06 +0000
In reply to: 40
Event: 148
Station: S27TOSI01-15
Instrument: XBT
Attached: T-06
Action: Bottom
Sounding: 0257
Sample_ID: 
End_Sample_ID: 
Wire Out: 
Depth: 
Author: SnookS
IMEI_No: 
WMO_No: 
S/N: 
Name: 
Comment: 
Time|Position: Port Com 5 Not available!
Cruise: 15009
PI: Lewis, Sara
Protocol: AZMP
Platform: Fugro Discovery
Revisions: 
Attachment: 
Encoding: plain
========================================

$@MID@$: 42
Date: Mon, 13 Nov 2017 09:07:08 +0000
Reply to: 43
Event: 149
Station: S27TOSI01-16
Instrument: XBT
Attached: T-06
Action: Deployed
Sounding: 0289
Sample_ID: 
End_Sample_ID: 
Wire Out: 
Depth: 
Author: SnookS
IMEI_No: 
WMO_No: 
S/N: 
Name: 
Comment: 
Time|Position: Port Com 5 Not available!
Cruise: 15009
PI: Lewis, Sara
Protocol: AZMP
Platform: Fugro Discovery
Revisions: 
Attachment: 
Encoding: plain
========================================

$@MID@$: 43
Date: Mon, 13 Nov 2017 09:07:17 +0000
In reply to: 42
Event: 149
Station: S27TOSI01-16
Instrument: XBT
Attached: T-06
Action: Bottom
Sounding: 0289
Sample_ID: 
End_Sample_ID: 
Wire Out: 
Depth: 
Author: SnookS
IMEI_No: 
WMO_No: 
S/N: 
Name: 
Comment: 
Time|Position: Port Com 5 Not available!
Cruise: 15009
PI: Lewis, Sara
Protocol: AZMP
Platform: Fugro Discovery
Revisions: 
Attachment: 
Encoding: plain
========================================

$@MID@$: 44
Date: Mon, 13 Nov 2017 11:02:35 +0000
Reply to: 45
Event: 150
Station: S27TOSI01-17
Instrument: XBT
Attached: T-06
Action: Deployed
Sounding: 0233
Sample_ID: 
End_Sample_ID: 
Wire Out: 
Depth: 
Author: SnookS
IMEI_No: 
WMO_No: 
S/N: 
Name: 
Comment: 
Time|Position: Port Com 5 Not available!
Cruise: 15009
PI: Lewis, Sara
Protocol: AZMP
Platform: Fugro Discovery
Revisions: 
Attachment: 
Encoding: plain
========================================

$@MID@$: 45
Date: Mon, 13 Nov 2017 11:03:13 +0000
In reply to: 44
Event: 150
Station: S27TOSI01-17
Instrument: XBT
Attached: T-06
Action: Bottom
Sounding: 0233
Sample_ID: 
End_Sample_ID: 
Wire Out: 
Depth: 
Author: SnookS
IMEI_No: 
WMO_No: 
S/N: 
Name: 
Comment: 
Time|Position: Port Com 5 Not available!
Cruise: 15009
PI: Lewis, Sara
Protocol: AZMP
Platform: Fugro Discovery
Revisions: 
Attachment: 
Encoding: plain
========================================

$@MID@$: 46
Date: Mon, 13 Nov 2017 13:03:39 +0000
Reply to: 47
Event: 151
Station: S27TOSI01-18
Instrument: XBT
Attached: T-10
Action: Deployed
Sounding: 0184
Sample_ID: 
End_Sample_ID: 
Wire Out: 
Depth: 
Author: SnookS
IMEI_No: 
WMO_No: 
S/N: 
Name: 
Comment: 
Time|Position: Port Com 5 Not available!
Cruise: 15009
PI: Lewis, Sara
Protocol: AZMP
Platform: Fugro Discovery
Revisions: 
Attachment: 
Encoding: plain
========================================

$@MID@$: 47
Date: Mon, 13 Nov 2017 13:04:29 +0000
In reply to: 46
Event: 151
Station: S27TOSI01-18
Instrument: XBT
Attached: T-10
Action: Bottom
Sounding: 0184
Sample_ID: 
End_Sample_ID: 
Wire Out: 
Depth: 
Author: SnookS
IMEI_No: 
WMO_No: 
S/N: 
Name: 
Comment: 
Time|Position: Port Com 5 Not available!
Cruise: 15009
PI: Lewis, Sara
Protocol: AZMP
Platform: Fugro Discovery
Revisions: 
Attachment: 
Encoding: plain
========================================

$@MID@$: 48
Date: Mon, 13 Nov 2017 15:00:09 +0000
Reply to: 49
Event: 152
Station: S27TOSI01-19
Instrument: XBT
Attached: T-10
Action: Deployed
Sounding: 0195
Sample_ID: 
End_Sample_ID: 
Wire Out: 
Depth: 
Author: SnookS
IMEI_No: 
WMO_No: 
S/N: 
Name: 
Comment: 
Time|Position: Port Com 5 Not available!
Cruise: 15009
PI: Lewis, Sara
Protocol: AZMP
Platform: Fugro Discovery
Revisions: 
Attachment: 
Encoding: plain
========================================

$@MID@$: 49
Date: Mon, 13 Nov 2017 15:00:47 +0000
In reply to: 48
Event: 152
Station: S27TOSI01-19
Instrument: XBT
Attached: T-10
Action: Bottom
Sounding: 0195
Sample_ID: 
End_Sample_ID: 
Wire Out: 
Depth: 
Author: SnookS
IMEI_No: 
WMO_No: 
S/N: 
Name: 
Comment: 
Time|Position: Port Com 5 Not available!
Cruise: 15009
PI: Lewis, Sara
Protocol: AZMP
Platform: Fugro Discovery
Revisions: 
Attachment: 
Encoding: plain
========================================

$@MID@$: 50
Date: Mon, 13 Nov 2017 17:14:02 +0000
Event: 153
Station: S27TOSI01-20
Instrument: XBT
Attached: T-10
Action: Bottom
Sounding: 0150
Sample_ID: 
End_Sample_ID: 
Wire Out: 
Depth: 
Author: CyrF
IMEI_No: 
WMO_No: 
S/N: 
Name: 
Comment: 
Time|Position: Port Com 5 Not available!
Cruise: 15009
PI: Lewis, Sara
Protocol: AZMP
Platform: Fugro Discovery
Revisions: 
Attachment: 
Encoding: plain
========================================

$@MID@$: 51
Date: Mon, 13 Nov 2017 19:10:08 +0000
Event: 154
Station: S27TOSI01-21
Instrument: XBT
Attached: T-10
Action: Bottom
Sounding: 0178
Sample_ID: 
End_Sample_ID: 
Wire Out: 
Depth: 
Author: CyrF
IMEI_No: 
WMO_No: 
S/N: 
Name: 
Comment: 
Time|Position: Port Com 5 Not available!
Cruise: 15009
PI: Lewis, Sara
Protocol: AZMP
Platform: Fugro Discovery
Revisions: 13/Nov/2017 19:10:40
Attachment: 
Encoding: plain
========================================

$@MID@$: 52
Date: Mon, 13 Nov 2017 22:17:08 +0000
Reply to: 53
Event: 155
Station: SI-01
Instrument: CTD
Attached: pH
Action: Deployed
Sounding: 0068
Sample_ID: 430420
End_Sample_ID: 430426
Wire Out: 
Depth: 
Author: CyrF
IMEI_No: 
WMO_No: 
S/N: S1221
Name: 
Comment: 
Time|Position: Port Com 5 Not available!
Cruise: 15009
PI: Lewis, Sara
Protocol: AZMP
Platform: Fugro Discovery
Revisions: 
Attachment: 
Encoding: plain
========================================

$@MID@$: 53
Date: Mon, 13 Nov 2017 22:29:07 +0000
Reply to: 54
In reply to: 52
Event: 155
Station: SI-01
Instrument: CTD
Attached: pH
Action: Bottom
Sounding: 0068
Sample_ID: 430420
End_Sample_ID: 430426
Wire Out: 
Depth: 
Author: CyrF
IMEI_No: 
WMO_No: 
S/N: S1221
Name: 
Comment: 
Time|Position: Port Com 5 Not available!
Cruise: 15009
PI: Lewis, Sara
Protocol: AZMP
Platform: Fugro Discovery
Revisions: 
Attachment: 
Encoding: plain
========================================

$@MID@$: 54
Date: Mon, 13 Nov 2017 22:29:16 +0000
In reply to: 53
Event: 155
Station: SI-01
Instrument: CTD
Attached: pH
Action: Recovered
Sounding: 0068
Sample_ID: 430420
End_Sample_ID: 430426
Wire Out: 
Depth: 
Author: CyrF
IMEI_No: 
WMO_No: 
S/N: S1221
Name: 
Comment: 
Time|Position: Port Com 5 Not available!
Cruise: 15009
PI: Lewis, Sara
Protocol: AZMP
Platform: Fugro Discovery
Revisions: 
Attachment: 
Encoding: plain
========================================

$@MID@$: 55
Date: Mon, 13 Nov 2017 22:35:40 +0000
Reply to: 56
Event: 156
Station: SI-01
Instrument: RingNet
Attached: 20um
Action: Deployed
Sounding: 0068
Sample_ID: 
End_Sample_ID: 
Wire Out: 
Depth: 
Author: HigdonJ
IMEI_No: 
WMO_No: 
S/N: 
Name: 
Comment: 
Time|Position: Port Com 5 Not available!
Cruise: 15009
PI: Lewis, Sara
Protocol: AZMP
Platform: Fugro Discovery
Revisions: 
Attachment: 
Encoding: plain
========================================

$@MID@$: 56
Date: Mon, 13 Nov 2017 22:36:22 +0000
In reply to: 55
Event: 156
Station: SI-01
Instrument: RingNet
Attached: 20um
Action: Recovered
Sounding: 0068
Sample_ID: 
End_Sample_ID: 
Wire Out: 
Depth: 
Author: HigdonJ
IMEI_No: 
WMO_No: 
S/N: 
Name: 
Comment: 
Time|Position: Port Com 5 Not available!
Cruise: 15009
PI: Lewis, Sara
Protocol: AZMP
Platform: Fugro Discovery
Revisions: 
Attachment: 
Encoding: plain
========================================

$@MID@$: 57
Date: Mon, 13 Nov 2017 22:44:51 +0000
Reply to: 58
Event: 157
Station: SI-01
Instrument: RingNet
Attached: 70um/202um
Action: Deployed
Sounding: 0068
Sample_ID: 430420
End_Sample_ID: 
Wire Out: 0058
Depth: 
Author: HigdonJ
IMEI_No: 
WMO_No: 
S/N: 
Name: 
Comment: T3971
Time|Position: Port Com 5 Not available!
Cruise: 15009
PI: Lewis, Sara
Protocol: AZMP
Platform: Fugro Discovery
Revisions: 19/Nov/2017 22:29:50
Attachment: 
Encoding: plain
========================================

$@MID@$: 58
Date: Mon, 13 Nov 2017 22:48:07 +0000
Reply to: 59
In reply to: 57
Event: 157
Station: SI-01
Instrument: RingNet
Attached: 70um/202um
Action: Bottom
Sounding: 0068
Sample_ID: 430420
End_Sample_ID: 
Wire Out: 0058
Depth: 
Author: HigdonJ
IMEI_No: 
WMO_No: 
S/N: 
Name: 
Comment: 
Time|Position: Port Com 5 Not available!
Cruise: 15009
PI: Lewis, Sara
Protocol: AZMP
Platform: Fugro Discovery
Revisions: 19/Nov/2017 22:30:02
Attachment: 
Encoding: plain
========================================

$@MID@$: 59
Date: Mon, 13 Nov 2017 22:49:44 +0000
In reply to: 58
Event: 157
Station: SI-01
Instrument: RingNet
Attached: 70um/202um
Action: Recovered
Sounding: 0068
Sample_ID: 430420
End_Sample_ID: 
Wire Out: 0058
Depth: 
Author: HigdonJ
IMEI_No: 
WMO_No: 
S/N: 
Name: 
Comment: 
Time|Position: Port Com 5 Not available!
Cruise: 15009
PI: Lewis, Sara
Protocol: AZMP
Platform: Fugro Discovery
Revisions: 19/Nov/2017 22:30:14
Attachment: 
Encoding: plain
========================================

