$@MID@$: 236
Date: Sat, 09 Dec 2017 22:18:35 +0000
Reply to: 237
Event: 225
Station: S27-01
Instrument: CTD
Attached: pH
Action: Deployed
Sounding: 0174
Sample_ID: 430597
End_Sample_ID: 430606
Wire Out: 
Depth: 
Author: CyrF
IMEI_No: 
WMO_No: 
S/N: S1221
Name: 
Comment: BEGINNING OF PART II
Time|Position: 2017-12-09 | 221743.00 | 47 32.804737 N | 52 35.183254 W
Cruise: 15009
PI: Lewis, Sara
Protocol: AZMP
Platform: Fugro Discovery
Revisions: 
Attachment: 
Encoding: plain
========================================

$@MID@$: 237
Date: Sat, 09 Dec 2017 22:23:06 +0000
Reply to: 238
In reply to: 236
Event: 225
Station: S27-01
Instrument: CTD
Attached: pH
Action: Bottom
Sounding: 0174
Sample_ID: 430597
End_Sample_ID: 430606
Wire Out: 
Depth: 
Author: CyrF
IMEI_No: 
WMO_No: 
S/N: S1221
Name: 
Comment: 
Time|Position: 2017-12-09 | 222214.00 | 47 32.805058 N | 52 35.182262 W
Cruise: 15009
PI: Lewis, Sara
Protocol: AZMP
Platform: Fugro Discovery
Revisions: 
Attachment: 
Encoding: plain
========================================

$@MID@$: 238
Date: Sat, 09 Dec 2017 22:44:55 +0000
In reply to: 237
Event: 225
Station: S27-01
Instrument: CTD
Attached: pH
Action: Recovered
Sounding: 0174
Sample_ID: 430597
End_Sample_ID: 430606
Wire Out: 
Depth: 
Author: CyrF
IMEI_No: 
WMO_No: 
S/N: S1221
Name: 
Comment: MIS-FIRED 75M
Time|Position: 2017-12-09 | 224403.00 | 47 32.805691 N | 52 35.181858 W
Cruise: 15009
PI: Lewis, Sara
Protocol: AZMP
Platform: Fugro Discovery
Revisions: 09/Dec/2017 23:26:09
Attachment: 
Encoding: plain
========================================

$@MID@$: 239
Date: Sat, 09 Dec 2017 22:55:17 +0000
Reply to: 240
Event: 226
Station: S27-01
Instrument: RingNet
Attached: 70um/202um
Action: Deployed
Sounding: 0174
Sample_ID: 430597
End_Sample_ID: 
Wire Out: 0160
Depth: 
Author: HigdonJ
IMEI_No: 
WMO_No: 
S/N: 
Name: 
Comment: T-3988
Time|Position: 2017-12-09 | 225425.00 | 47 32.804569 N | 52 35.182861 W
Cruise: 15009
PI: Lewis, Sara
Protocol: AZMP
Platform: Fugro Discovery
Revisions: 09/Dec/2017 23:48:19
Attachment: 
Encoding: plain
========================================

$@MID@$: 240
Date: Sat, 09 Dec 2017 22:59:44 +0000
Reply to: 241
In reply to: 239
Event: 226
Station: S27-01
Instrument: RingNet
Attached: 70um/202um
Action: Bottom
Sounding: 0174
Sample_ID: 430597
End_Sample_ID: 
Wire Out: 0160
Depth: 
Author: HigdonJ
IMEI_No: 
WMO_No: 
S/N: 
Name: 
Comment: T-3988
Time|Position: 2017-12-09 | 225852.00 | 47 32.805908 N | 52 35.180614 W
Cruise: 15009
PI: Lewis, Sara
Protocol: AZMP
Platform: Fugro Discovery
Revisions: 09/Dec/2017 23:47:59
Attachment: 
Encoding: plain
========================================

$@MID@$: 241
Date: Sat, 09 Dec 2017 23:05:00 +0000
In reply to: 240
Event: 226
Station: S27-01
Instrument: RingNet
Attached: 70um/202um
Action: Recovered
Sounding: 0174
Sample_ID: 430597
End_Sample_ID: 
Wire Out: 160
Depth: 
Author: HigdonJ
IMEI_No: 
WMO_No: 
S/N: 
Name: 
Comment: T-3988
Time|Position: 2017-12-09 | 230408.00 | 47 32.806019 N | 52 35.181541 W
Cruise: 15009
PI: Lewis, Sara
Protocol: AZMP
Platform: Fugro Discovery
Revisions: 09/Dec/2017 23:46:07
Attachment: 
Encoding: plain
========================================

$@MID@$: 242
Date: Sat, 09 Dec 2017 23:14:04 +0000
Reply to: 243
Event: 227
Station: S27-01
Instrument: RingNet
Attached: 70um/202um
Action: Deployed
Sounding: 0174
Sample_ID: 430597
End_Sample_ID: 
Wire Out: 
Depth: 
Author: HigdonJ
IMEI_No: 
WMO_No: 
S/N: 
Name: 
Comment: T-3988
Time|Position: 2017-12-09 | 231312.00 | 47 32.80431 N | 52 35.183796 W
Cruise: 15009
PI: Lewis, Sara
Protocol: AZMP
Platform: Fugro Discovery
Revisions: 09/Dec/2017 23:17:12
Attachment: 
Encoding: plain
========================================

$@MID@$: 243
Date: Sat, 09 Dec 2017 23:19:58 +0000
Reply to: 244
In reply to: 242
Event: 227
Station: S27-01
Instrument: RingNet
Attached: 70um/202um
Action: Bottom
Sounding: 0174
Sample_ID: 430597
End_Sample_ID: 
Wire Out: 
Depth: 
Author: HigdonJ
IMEI_No: 
WMO_No: 
S/N: 
Name: 
Comment: T-3988
Time|Position: 2017-12-09 | 231906.00 | 47 32.806164 N | 52 35.182354 W
Cruise: 15009
PI: Lewis, Sara
Protocol: AZMP
Platform: Fugro Discovery
Revisions: 09/Dec/2017 23:17:12
Attachment: 
Encoding: plain
========================================

$@MID@$: 244
Date: Sat, 09 Dec 2017 23:25:05 +0000
In reply to: 243
Event: 227
Station: S27-01
Instrument: RingNet
Attached: 70um/202um
Action: Recovered
Sounding: 0174
Sample_ID: 430597
End_Sample_ID: 
Wire Out: 
Depth: 
Author: HigdonJ
IMEI_No: 
WMO_No: 
S/N: 
Name: 
Comment: T-3988
Time|Position: 2017-12-09 | 232413.00 | 47 32.804993 N | 52 35.18359 W
Cruise: 15009
PI: Lewis, Sara
Protocol: AZMP
Platform: Fugro Discovery
Revisions: 09/Dec/2017 23:17:12
Attachment: 
Encoding: plain
========================================

