$@MID@$: 63
Date: Fri, 22 Nov 2019 11:31:18 +0000
Reply to: 64
Event: 024
Station: SPBTOSEGB01-02
Instrument: XBT
Attached: T-10
Action: Deployed
Sounding: 0100
Sample_ID: 
End_Sample_ID: 
Wire Out: 
Depth: 
Author: RamsayD
Seq_Number: 79001016
IMEI_No: 
WMO_No: 
S/N: 
Name: 
Comment: have a good day
Time|Position: 2019-11-22 | 113117.756 | 46 28.97296 N | 56 20.76894 W
Cruise: 79001
PI: Snook, Steve
Protocol: AZMP
Platform: RRS James Cook
Revisions: 
Attachment: 
Encoding: plain
========================================

$@MID@$: 64
Date: Fri, 22 Nov 2019 11:31:49 +0000
In reply to: 63
Event: 024
Station: SPBTOSEGB01-02
Instrument: XBT
Attached: T-10
Action: Bottom
Sounding: 0100
Sample_ID: 
End_Sample_ID: 
Wire Out: 
Depth: 
Author: RamsayD
Seq_Number: 79001016
IMEI_No: 
WMO_No: 
S/N: 
Name: 
Comment: have a good day
Time|Position: 2019-11-22 | 113148.0045 | 46 28.96893 N | 56 20.65154 W
Cruise: 79001
PI: Snook, Steve
Protocol: AZMP
Platform: RRS James Cook
Revisions: 
Attachment: 
Encoding: plain
========================================

$@MID@$: 65
Date: Fri, 22 Nov 2019 20:24:03 +0000
Reply to: 66
Event: 025
Station: SPBTOSEGB01-03
Instrument: XBT
Attached: T-10
Action: Deployed
Sounding: 0151
Sample_ID: 
End_Sample_ID: 
Wire Out: 
Depth: 
Author: PyeB
Seq_Number: 79001017
IMEI_No: 
WMO_No: 
S/N: 
Name: 
Comment: 
Time|Position: 2019-11-22 | 202401.848 | 46 28.69363 N | 55 37.51874 W
Cruise: 79001
PI: Snook, Steve
Protocol: AZMP
Platform: RRS James Cook
Revisions: 
Attachment: 
Encoding: plain
========================================

$@MID@$: 66
Date: Fri, 22 Nov 2019 20:24:43 +0000
In reply to: 65
Event: 025
Station: SPBTOSEGB01-03
Instrument: XBT
Attached: T-10
Action: Bottom
Sounding: 0151
Sample_ID: 
End_Sample_ID: 
Wire Out: 
Depth: 
Author: PyeB
Seq_Number: 79001017
IMEI_No: 
WMO_No: 
S/N: 
Name: 
Comment: 
Time|Position: 2019-11-22 | 202442.0015 | 46 28.69552 N | 55 37.35546 W
Cruise: 79001
PI: Snook, Steve
Protocol: AZMP
Platform: RRS James Cook
Revisions: 
Attachment: 
Encoding: plain
========================================

$@MID@$: 67
Date: Fri, 22 Nov 2019 22:35:57 +0000
Reply to: 68
Event: 026
Station: SPBTOSEGB01-04
Instrument: XBT
Attached: T-10
Action: Deployed
Sounding: 0170
Sample_ID: 
End_Sample_ID: 
Wire Out: 
Depth: 
Author: DoodyR
Seq_Number: 79001018
IMEI_No: 
WMO_No: 
S/N: 
Name: 
Comment: 
Time|Position: 2019-11-22 | 223555.871 | 46 29.29342 N | 55 4.72375 W
Cruise: 79001
PI: Snook, Steve
Protocol: AZMP
Platform: RRS James Cook
Revisions: 
Attachment: 
Encoding: plain
========================================

$@MID@$: 68
Date: Fri, 22 Nov 2019 22:36:46 +0000
In reply to: 67
Event: 026
Station: SPBTOSEGB01-04
Instrument: XBT
Attached: T-10
Action: Bottom
Sounding: 0170
Sample_ID: 
End_Sample_ID: 
Wire Out: 
Depth: 
Author: DoodyR
Seq_Number: 79001018
IMEI_No: 
WMO_No: 
S/N: 
Name: 
Comment: 
Time|Position: 2019-11-22 | 223645.0043 | 46 29.29691 N | 55 4.51906 W
Cruise: 79001
PI: Snook, Steve
Protocol: AZMP
Platform: RRS James Cook
Revisions: 
Attachment: 
Encoding: plain
========================================

