$@MID@$: 103
Date: Sun, 24 Nov 2019 00:04:17 +0000
Reply to: 104
Event: 038
Station: SEGB-07
Instrument: RingNet
Attached: 70um/202um
Action: Deployed
Sounding: 0083
Sample_ID: 434746
End_Sample_ID: 
Wire Out: 0073
Depth: 
Author: BelangerD
Seq_Number: 79001025
IMEI_No: 
WMO_No: 
S/N: 
Name: 
Comment: T4335
Time|Position: 2019-11-24 | 000416.0041 | 45 27.49751 N | 51 59.94036 W
Cruise: 79001
PI: Snook, Steve
Protocol: AZMP
Platform: RRS James Cook
Revisions: 
Attachment: 
Encoding: plain
========================================

$@MID@$: 104
Date: Sun, 24 Nov 2019 00:08:29 +0000
Reply to: 105
In reply to: 103
Event: 038
Station: SEGB-07
Instrument: RingNet
Attached: 70um/202um
Action: Bottom
Sounding: 0083
Sample_ID: 434746
End_Sample_ID: 
Wire Out: 0073
Depth: 
Author: BelangerD
Seq_Number: 79001025
IMEI_No: 
WMO_No: 
S/N: 
Name: 
Comment: T4335
Time|Position: 2019-11-24 | 000828.137 | 45 27.49691 N | 51 59.94093 W
Cruise: 79001
PI: Snook, Steve
Protocol: AZMP
Platform: RRS James Cook
Revisions: 
Attachment: 
Encoding: plain
========================================

$@MID@$: 105
Date: Sun, 24 Nov 2019 00:25:15 +0000
In reply to: 104
Event: 038
Station: SEGB-07
Instrument: RingNet
Attached: 70um/202um
Action: Recovered
Sounding: 0083
Sample_ID: 434746
End_Sample_ID: 
Wire Out: 0073
Depth: 
Author: BelangerD
Seq_Number: 79001025
IMEI_No: 
WMO_No: 
S/N: 
Name: 
Comment: T4335
Time|Position: 2019-11-24 | 002514.140 | 45 26.12379 N | 51 58.78412 W
Cruise: 79001
PI: Snook, Steve
Protocol: AZMP
Platform: RRS James Cook
Revisions: 
Attachment: 
Encoding: plain
========================================

$@MID@$: 106
Date: Sun, 24 Nov 2019 03:04:06 +0000
Reply to: 107
Event: 039
Station: SEGB-08
Instrument: CTD
Attached: pH
Action: Deployed
Sounding: 0074
Sample_ID: 434756
End_Sample_ID: 434772
Wire Out: 
Depth: 
Author: PyeB
Seq_Number: 79001026
IMEI_No: 
WMO_No: 
S/N: S1257
Name: 
Comment: 
Time|Position: 2019-11-24 | 030405.167 | 45 5.7513 N | 51 42.06431 W
Cruise: 79001
PI: Snook, Steve
Protocol: AZMP
Platform: RRS James Cook
Revisions: 
Attachment: 
Encoding: plain
========================================

$@MID@$: 107
Date: Sun, 24 Nov 2019 03:04:55 +0000
Reply to: 108
In reply to: 106
Event: 039
Station: SEGB-08
Instrument: CTD
Attached: pH
Action: Bottom
Sounding: 0074
Sample_ID: 434756
End_Sample_ID: 434772
Wire Out: 
Depth: 
Author: PyeB
Seq_Number: 79001026
IMEI_No: 
WMO_No: 
S/N: S1257
Name: 
Comment: 
Time|Position: 2019-11-24 | 030454.0005 | 45 5.75167 N | 51 42.06388 W
Cruise: 79001
PI: Snook, Steve
Protocol: AZMP
Platform: RRS James Cook
Revisions: 
Attachment: 
Encoding: plain
========================================

$@MID@$: 108
Date: Sun, 24 Nov 2019 03:36:56 +0000
In reply to: 107
Event: 039
Station: SEGB-08
Instrument: CTD
Attached: pH
Action: Recovered
Sounding: 0074
Sample_ID: 434756
End_Sample_ID: 434772
Wire Out: 
Depth: 
Author: PyeB
Seq_Number: 79001026
IMEI_No: 
WMO_No: 
S/N: S1257
Name: 
Comment: 
Time|Position: 2019-11-24 | 033655.0010 | 45 5.75141 N | 51 42.06487 W
Cruise: 79001
PI: Snook, Steve
Protocol: AZMP
Platform: RRS James Cook
Revisions: 
Attachment: 
Encoding: plain
========================================

$@MID@$: 109
Date: Sun, 24 Nov 2019 03:48:37 +0000
Reply to: 110
Event: 040
Station: SEGB-08
Instrument: RingNet
Attached: Dual 202um
Action: Deployed
Sounding: 0074
Sample_ID: 434772
End_Sample_ID: 
Wire Out: 0064
Depth: 
Author: RockwoodH
Seq_Number: 79001026
IMEI_No: 
WMO_No: 
S/N: 
Name: 
Comment: T4336
Time|Position: 2019-11-24 | 034836.175 | 45 5.75118 N | 51 42.06498 W
Cruise: 79001
PI: Snook, Steve
Protocol: AZMP
Platform: RRS James Cook
Revisions: 
Attachment: 
Encoding: plain
========================================

$@MID@$: 110
Date: Sun, 24 Nov 2019 03:51:15 +0000
Reply to: 111
In reply to: 109
Event: 040
Station: SEGB-08
Instrument: RingNet
Attached: Dual 202um
Action: Bottom
Sounding: 0074
Sample_ID: 434772
End_Sample_ID: 
Wire Out: 0064
Depth: 
Author: RockwoodH
Seq_Number: 79001026
IMEI_No: 
WMO_No: 
S/N: 
Name: 
Comment: T4336
Time|Position: 2019-11-24 | 035114.176 | 45 5.75053 N | 51 42.06461 W
Cruise: 79001
PI: Snook, Steve
Protocol: AZMP
Platform: RRS James Cook
Revisions: 
Attachment: 
Encoding: plain
========================================

$@MID@$: 111
Date: Sun, 24 Nov 2019 03:53:01 +0000
In reply to: 110
Event: 040
Station: SEGB-08
Instrument: RingNet
Attached: Dual 202um
Action: Recovered
Sounding: 0074
Sample_ID: 434772
End_Sample_ID: 
Wire Out: 0064
Depth: 
Author: RockwoodH
Seq_Number: 79001026
IMEI_No: 
WMO_No: 
S/N: 
Name: 
Comment: T4336
Time|Position: 2019-11-24 | 035300.0038 | 45 5.75125 N | 51 42.06507 W
Cruise: 79001
PI: Snook, Steve
Protocol: AZMP
Platform: RRS James Cook
Revisions: 
Attachment: 
Encoding: plain
========================================

$@MID@$: 112
Date: Sun, 24 Nov 2019 06:51:53 +0000
Reply to: 113
Event: 041
Station: SEGB-09
Instrument: CTD
Attached: pH
Action: Deployed
Sounding: 0076
Sample_ID: 434773
End_Sample_ID: 434783
Wire Out: 
Depth: 
Author: BaileyW
Seq_Number: 79001027
IMEI_No: 
WMO_No: 
S/N: S1257
Name: 
Comment: 
Time|Position: 2019-11-24 | 065152.207 | 44 43.48158 N | 51 23.61408 W
Cruise: 79001
PI: Snook, Steve
Protocol: AZMP
Platform: RRS James Cook
Revisions: 
Attachment: 
Encoding: plain
========================================

$@MID@$: 113
Date: Sun, 24 Nov 2019 06:56:08 +0000
Reply to: 114
In reply to: 112
Event: 041
Station: SEGB-09
Instrument: CTD
Attached: pH
Action: Bottom
Sounding: 0076
Sample_ID: 434773
End_Sample_ID: 434783
Wire Out: 
Depth: 
Author: BaileyW
Seq_Number: 79001027
IMEI_No: 
WMO_No: 
S/N: S1257
Name: 
Comment: 
Time|Position: 2019-11-24 | 065607.0007 | 44 43.48162 N | 51 23.61366 W
Cruise: 79001
PI: Snook, Steve
Protocol: AZMP
Platform: RRS James Cook
Revisions: 
Attachment: 
Encoding: plain
========================================

$@MID@$: 114
Date: Sun, 24 Nov 2019 07:16:39 +0000
In reply to: 113
Event: 041
Station: SEGB-09
Instrument: CTD
Attached: pH
Action: Recovered
Sounding: 0076
Sample_ID: 434773
End_Sample_ID: 434783
Wire Out: 
Depth: 
Author: BaileyW
Seq_Number: 79001027
IMEI_No: 
WMO_No: 
S/N: S1257
Name: 
Comment: 
Time|Position: 2019-11-24 | 071638.211 | 44 43.48229 N | 51 23.61365 W
Cruise: 79001
PI: Snook, Steve
Protocol: AZMP
Platform: RRS James Cook
Revisions: 
Attachment: 
Encoding: plain
========================================

$@MID@$: 115
Date: Sun, 24 Nov 2019 07:29:45 +0000
Reply to: 116
Event: 042
Station: SEGB-09
Instrument: RingNet
Attached: 70um/202um
Action: Deployed
Sounding: 0074
Sample_ID: 434774
End_Sample_ID: 
Wire Out: 0064
Depth: 
Author: RockwoodH
Seq_Number: 79001027
IMEI_No: 
WMO_No: 
S/N: 
Name: 
Comment: T4337
Time|Position: 2019-11-24 | 072944.0015 | 44 43.48185 N | 51 23.61318 W
Cruise: 79001
PI: Snook, Steve
Protocol: AZMP
Platform: RRS James Cook
Revisions: 
Attachment: 
Encoding: plain
========================================

$@MID@$: 116
Date: Sun, 24 Nov 2019 07:32:24 +0000
Reply to: 117
In reply to: 115
Event: 042
Station: SEGB-09
Instrument: RingNet
Attached: 70um/202um
Action: Bottom
Sounding: 0074
Sample_ID: 434774
End_Sample_ID: 
Wire Out: 0064
Depth: 
Author: RockwoodH
Seq_Number: 79001027
IMEI_No: 
WMO_No: 
S/N: 
Name: 
Comment: T4337
Time|Position: 2019-11-24 | 073223.214 | 44 43.4824 N | 51 23.61348 W
Cruise: 79001
PI: Snook, Steve
Protocol: AZMP
Platform: RRS James Cook
Revisions: 
Attachment: 
Encoding: plain
========================================

$@MID@$: 117
Date: Sun, 24 Nov 2019 07:34:20 +0000
In reply to: 116
Event: 042
Station: SEGB-09
Instrument: RingNet
Attached: 70um/202um
Action: Recovered
Sounding: 0074
Sample_ID: 434774
End_Sample_ID: 
Wire Out: 0064
Depth: 
Author: RockwoodH
Seq_Number: 79001027
IMEI_No: 
WMO_No: 
S/N: 
Name: 
Comment: T4337
Time|Position: 2019-11-24 | 073419.214 | 44 43.48081 N | 51 23.61538 W
Cruise: 79001
PI: Snook, Steve
Protocol: AZMP
Platform: RRS James Cook
Revisions: 
Attachment: 
Encoding: plain
========================================

$@MID@$: 118
Date: Sun, 24 Nov 2019 10:33:05 +0000
Reply to: 119
Event: 043
Station: SEGB-10
Instrument: CTD
Attached: pH
Action: Deployed
Sounding: 0075
Sample_ID: 434784
End_Sample_ID: 434792
Wire Out: 
Depth: 
Author: RastinS
Seq_Number: 79001028
IMEI_No: 
WMO_No: 
S/N: S1257
Name: 
Comment: 
Time|Position: 2019-11-24 | 103304.245 | 44 21.85626 N | 51 6.30854 W
Cruise: 79001
PI: Snook, Steve
Protocol: AZMP
Platform: RRS James Cook
Revisions: 
Attachment: 
Encoding: plain
========================================

$@MID@$: 119
Date: Sun, 24 Nov 2019 10:37:58 +0000
Reply to: 120
In reply to: 118
Event: 043
Station: SEGB-10
Instrument: CTD
Attached: pH
Action: Bottom
Sounding: 0075
Sample_ID: 434784
End_Sample_ID: 434792
Wire Out: 
Depth: 
Author: RastinS
Seq_Number: 79001028
IMEI_No: 
WMO_No: 
S/N: S1257
Name: 
Comment: 
Time|Position: 2019-11-24 | 103757.0043 | 44 21.85727 N | 51 6.30958 W
Cruise: 79001
PI: Snook, Steve
Protocol: AZMP
Platform: RRS James Cook
Revisions: 
Attachment: 
Encoding: plain
========================================

$@MID@$: 120
Date: Sun, 24 Nov 2019 10:56:01 +0000
In reply to: 119
Event: 043
Station: SEGB-10
Instrument: CTD
Attached: pH
Action: Recovered
Sounding: 0075
Sample_ID: 434784
End_Sample_ID: 434792
Wire Out: 
Depth: 
Author: RastinS
Seq_Number: 79001028
IMEI_No: 
WMO_No: 
S/N: S1257
Name: 
Comment: 
Time|Position: 2019-11-24 | 105600.249 | 44 21.85643 N | 51 6.30847 W
Cruise: 79001
PI: Snook, Steve
Protocol: AZMP
Platform: RRS James Cook
Revisions: 
Attachment: 
Encoding: plain
========================================

$@MID@$: 121
Date: Sun, 24 Nov 2019 11:06:16 +0000
Reply to: 122
Event: 044
Station: SEGB-10
Instrument: RingNet
Attached: 70um/202um
Action: Deployed
Sounding: 0075
Sample_ID: 434784
End_Sample_ID: 
Wire Out: 0065
Depth: 
Author: RockwoodH
Seq_Number: 79001028
IMEI_No: 
WMO_No: 
S/N: 
Name: 
Comment: T4338
Time|Position: 2019-11-24 | 110615.0042 | 44 21.85787 N | 51 6.30907 W
Cruise: 79001
PI: Snook, Steve
Protocol: AZMP
Platform: RRS James Cook
Revisions: 24/Nov/2019 11:06:29
Attachment: 
Encoding: plain
========================================

$@MID@$: 122
Date: Sun, 24 Nov 2019 11:08:22 +0000
Reply to: 123
In reply to: 121
Event: 044
Station: SEGB-10
Instrument: RingNet
Attached: 70um/202um
Action: Bottom
Sounding: 0075
Sample_ID: 434784
End_Sample_ID: 
Wire Out: 0065
Depth: 
Author: RockwoodH
Seq_Number: 79001028
IMEI_No: 
WMO_No: 
S/N: 
Name: 
Comment: T4338
Time|Position: 2019-11-24 | 110821.252 | 44 21.85737 N | 51 6.30824 W
Cruise: 79001
PI: Snook, Steve
Protocol: AZMP
Platform: RRS James Cook
Revisions: 24/Nov/2019 11:06:29
Attachment: 
Encoding: plain
========================================

$@MID@$: 123
Date: Sun, 24 Nov 2019 11:10:21 +0000
In reply to: 122
Event: 044
Station: SEGB-10
Instrument: RingNet
Attached: 70um/202um
Action: Recovered
Sounding: 0075
Sample_ID: 434784
End_Sample_ID: 
Wire Out: 0065
Depth: 
Author: RockwoodH
Seq_Number: 79001028
IMEI_No: 
WMO_No: 
S/N: 
Name: 
Comment: T4338
Time|Position: 2019-11-24 | 111020.252 | 44 21.85749 N | 51 6.31123 W
Cruise: 79001
PI: Snook, Steve
Protocol: AZMP
Platform: RRS James Cook
Revisions: 24/Nov/2019 11:06:29
Attachment: 
Encoding: plain
========================================

$@MID@$: 124
Date: Sun, 24 Nov 2019 23:22:31 +0000
Reply to: 125
Event: 045
Station: SEGB-11
Instrument: CTD
Attached: pH
Action: Deployed
Sounding: 0074
Sample_ID: 434793
End_Sample_ID: 434801
Wire Out: 
Depth: 
Author: PyeB
Seq_Number: 79001029
IMEI_No: 
WMO_No: 
S/N: S1257
Name: 
Comment: 
Time|Position: 2019-11-24 | 232229.379 | 43 59.91102 N | 50 48.34706 W
Cruise: 79001
PI: Snook, Steve
Protocol: AZMP
Platform: RRS James Cook
Revisions: 
Attachment: 
Encoding: plain
========================================

$@MID@$: 125
Date: Sun, 24 Nov 2019 23:25:12 +0000
Reply to: 126
In reply to: 124
Event: 045
Station: SEGB-11
Instrument: CTD
Attached: pH
Action: Bottom
Sounding: 0074
Sample_ID: 434793
End_Sample_ID: 434801
Wire Out: 
Depth: 
Author: PyeB
Seq_Number: 79001029
IMEI_No: 
WMO_No: 
S/N: S1257
Name: 
Comment: 
Time|Position: 2019-11-24 | 232511.379 | 43 59.91143 N | 50 48.34357 W
Cruise: 79001
PI: Snook, Steve
Protocol: AZMP
Platform: RRS James Cook
Revisions: 
Attachment: 
Encoding: plain
========================================

$@MID@$: 126
Date: Sun, 24 Nov 2019 23:40:58 +0000
In reply to: 125
Event: 045
Station: SEGB-11
Instrument: CTD
Attached: pH
Action: Recovered
Sounding: 0074
Sample_ID: 434793
End_Sample_ID: 434801
Wire Out: 
Depth: 
Author: PyeB
Seq_Number: 79001029
IMEI_No: 
WMO_No: 
S/N: S1257
Name: 
Comment: 
Time|Position: 2019-11-24 | 234057.0049 | 43 59.91145 N | 50 48.34623 W
Cruise: 79001
PI: Snook, Steve
Protocol: AZMP
Platform: RRS James Cook
Revisions: 
Attachment: 
Encoding: plain
========================================

$@MID@$: 127
Date: Sun, 24 Nov 2019 23:54:54 +0000
Reply to: 128, 129
Event: 046
Station: SEGB-11
Instrument: RingNet
Attached: 70um/202um
Action: Deployed
Sounding: 0074
Sample_ID: 434793
End_Sample_ID: 
Wire Out: 0064
Depth: 
Author: BelangerD
Seq_Number: 79001029
IMEI_No: 
WMO_No: 
S/N: 
Name: 
Comment: T4339
Time|Position: 2019-11-24 | 235452.384 | 43 59.91132 N | 50 48.34741 W
Cruise: 79001
PI: Snook, Steve
Protocol: AZMP
Platform: RRS James Cook
Revisions: 
Attachment: 
Encoding: plain
========================================

$@MID@$: 128
Date: Sun, 24 Nov 2019 23:58:37 +0000
In reply to: 127
Event: 046
Station: SEGB-11
Instrument: RingNet
Attached: 70um/202um
Action: Bottom
Sounding: 0074
Sample_ID: 434793
End_Sample_ID: 
Wire Out: 0064
Depth: 
Author: BelangerD
Seq_Number: 79001029
IMEI_No: 
WMO_No: 
S/N: 
Name: 
Comment: T4339
Time|Position: 2019-11-24 | 235836.0029 | 43 59.91096 N | 50 48.34879 W
Cruise: 79001
PI: Snook, Steve
Protocol: AZMP
Platform: RRS James Cook
Revisions: 
Attachment: 
Encoding: plain
========================================

$@MID@$: 129
Date: Sun, 24 Nov 2019 23:58:59 +0000
Reply to: 130
In reply to: 127
Event: 046
Station: SEGB-11
Instrument: RingNet
Attached: 70um/202um
Action: Bottom
Sounding: 0074
Sample_ID: 434793
End_Sample_ID: 
Wire Out: 0064
Depth: 
Author: BelangerD
Seq_Number: 79001029
IMEI_No: 
WMO_No: 
S/N: 
Name: 
Comment: T4339
Time|Position: 2019-11-24 | 235858.385 | 43 59.91085 N | 50 48.34937 W
Cruise: 79001
PI: Snook, Steve
Protocol: AZMP
Platform: RRS James Cook
Revisions: 
Attachment: 
Encoding: plain
========================================

