$@MID@$: 194
Date: Sat, 14 Apr 2018 00:41:43 +0000
Reply to: 196
Event: 080
Station: SEGB-12
Instrument: CTD
Attached: pH
Action: Deployed
Sounding: 0066
Sample_ID: 430997
End_Sample_ID: 431003
Wire Out: 
Depth: 
Author: RobarA
Set_Number: 040
IMEI_No: 
WMO_No: 
S/N: S1221
Name: 
Comment: 
Time|Position: 2018-04-14 | 003959.00 | 43 38.3766 N | 50 31.1816 W
Cruise: 39185
PI: Snook, Steve
Protocol: AZMP
Platform: CCGS Teleost
Revisions: 14/Apr/2018 01:10:31
Attachment: 
Encoding: plain
========================================

$@MID@$: 195
Date: Sat, 14 Apr 2018 00:43:24 +0000
Reply to: 197
Event: 081
Station: SEGB-12
Instrument: RingNet
Attached: 20um
Action: Deployed
Sounding: 0066
Sample_ID: 
End_Sample_ID: 
Wire Out: 0030
Depth: 
Author: RamsayD
Set_Number: 040
IMEI_No: 
WMO_No: 
S/N: 
Name: 
Comment: T4031
Time|Position: 2018-04-14 | 004141.00 | 43 38.3804 N | 50 31.1718 W
Cruise: 39185
PI: Snook, Steve
Protocol: AZMP
Platform: CCGS Teleost
Revisions: 
Attachment: 
Encoding: plain
========================================

$@MID@$: 196
Date: Sat, 14 Apr 2018 00:43:58 +0000
Reply to: 201
In reply to: 194
Event: 080
Station: SEGB-12
Instrument: CTD
Attached: pH
Action: Bottom
Sounding: 0066
Sample_ID: 430997
End_Sample_ID: 431003
Wire Out: 
Depth: 
Author: RobarA
Set_Number: 040
IMEI_No: 
WMO_No: 
S/N: S1221
Name: 
Comment: 
Time|Position: 2018-04-14 | 004215.00 | 43 38.3818 N | 50 31.1654 W
Cruise: 39185
PI: Snook, Steve
Protocol: AZMP
Platform: CCGS Teleost
Revisions: 
Attachment: 
Encoding: plain
========================================

$@MID@$: 197
Date: Sat, 14 Apr 2018 00:46:25 +0000
In reply to: 195
Event: 081
Station: SEGB-12
Instrument: RingNet
Attached: 20um
Action: Recovered
Sounding: 0066
Sample_ID: 
End_Sample_ID: 
Wire Out: 0030
Depth: 
Author: RamsayD
Set_Number: 040
IMEI_No: 
WMO_No: 
S/N: 
Name: 
Comment: T4031
Time|Position: 2018-04-14 | 004442.00 | 43 38.4024 N | 50 31.1336 W
Cruise: 39185
PI: Snook, Steve
Protocol: AZMP
Platform: CCGS Teleost
Revisions: 
Attachment: 
Encoding: plain
========================================

$@MID@$: 198
Date: Sat, 14 Apr 2018 01:03:50 +0000
Reply to: 199
Event: 082
Station: SEGB-12
Instrument: RingNet
Attached: 70um/202um
Action: Deployed
Sounding: 0066
Sample_ID: 430997
End_Sample_ID: 
Wire Out: 0056
Depth: 
Author: RamsayD
Set_Number: 040
IMEI_No: 
WMO_No: 
S/N: 
Name: 
Comment: T4031
Time|Position: 2018-04-14 | 010207.00 | 43 38.5081 N | 50 30.7724 W
Cruise: 39185
PI: Snook, Steve
Protocol: AZMP
Platform: CCGS Teleost
Revisions: 
Attachment: 
Encoding: plain
========================================

$@MID@$: 199
Date: Sat, 14 Apr 2018 01:06:14 +0000
Reply to: 200
In reply to: 198
Event: 082
Station: SEGB-12
Instrument: RingNet
Attached: 70um/202um
Action: Bottom
Sounding: 0066
Sample_ID: 430997
End_Sample_ID: 
Wire Out: 0056
Depth: 
Author: RamsayD
Set_Number: 040
IMEI_No: 
WMO_No: 
S/N: 
Name: 
Comment: T4031
Time|Position: 2018-04-14 | 010431.00 | 43 38.5346 N | 50 30.7297 W
Cruise: 39185
PI: Snook, Steve
Protocol: AZMP
Platform: CCGS Teleost
Revisions: 
Attachment: 
Encoding: plain
========================================

$@MID@$: 200
Date: Sat, 14 Apr 2018 01:07:53 +0000
In reply to: 199
Event: 082
Station: SEGB-12
Instrument: RingNet
Attached: 70um/202um
Action: Recovered
Sounding: 0066
Sample_ID: 430997
End_Sample_ID: 
Wire Out: 0056
Depth: 
Author: RamsayD
Set_Number: 040
IMEI_No: 
WMO_No: 
S/N: 
Name: 
Comment: T4031
Time|Position: 2018-04-14 | 010609.00 | 43 38.5421 N | 50 30.6719 W
Cruise: 39185
PI: Snook, Steve
Protocol: AZMP
Platform: CCGS Teleost
Revisions: 
Attachment: 
Encoding: plain
========================================

$@MID@$: 201
Date: Sat, 14 Apr 2018 01:09:52 +0000
In reply to: 196
Event: 080
Station: SEGB-12
Instrument: CTD
Attached: pH
Action: Recovered
Sounding: 0066
Sample_ID: 430997
End_Sample_ID: 431003
Wire Out: 
Depth: 
Author: RobarA
Set_Number: 040
IMEI_No: 
WMO_No: 
S/N: S1221
Name: 
Comment: 
Time|Position: 2018-04-14 | 010809.00 | 43 38.5127 N | 50 30.6701 W
Cruise: 39185
PI: Snook, Steve
Protocol: AZMP
Platform: CCGS Teleost
Revisions: 
Attachment: 
Encoding: plain
========================================

$@MID@$: 202
Date: Sat, 14 Apr 2018 04:26:44 +0000
Reply to: 205
Event: 083
Station: SEGB-13
Instrument: CTD
Attached: pH
Action: Deployed
Sounding: 0065
Sample_ID: 431004
End_Sample_ID: 431010
Wire Out: 
Depth: 
Author: BaileyW
Set_Number: 041
IMEI_No: 
WMO_No: 
S/N: S1221
Name: 
Comment: 
Time|Position: 2018-04-14 | 042500.00 | 43 11.9406 N | 50 9.9608 W
Cruise: 39185
PI: Snook, Steve
Protocol: AZMP
Platform: CCGS Teleost
Revisions: 
Attachment: 
Encoding: plain
========================================

$@MID@$: 203
Date: Sat, 14 Apr 2018 04:29:40 +0000
Reply to: 204
Event: 084
Station: SEGB-13
Instrument: RingNet
Attached: 20um
Action: Deployed
Sounding: 0066
Sample_ID: 
End_Sample_ID: 
Wire Out: 0030
Depth: 
Author: RastinS
Set_Number: 041
IMEI_No: 
WMO_No: 
S/N: 
Name: 
Comment: T4032
Time|Position: 2018-04-14 | 042756.00 | 43 11.97 N | 50 9.9165 W
Cruise: 39185
PI: Snook, Steve
Protocol: AZMP
Platform: CCGS Teleost
Revisions: 
Attachment: 
Encoding: plain
========================================

$@MID@$: 204
Date: Sat, 14 Apr 2018 04:37:48 +0000
In reply to: 203
Event: 084
Station: SEGB-13
Instrument: RingNet
Attached: 20um
Action: Recovered
Sounding: 0066
Sample_ID: 
End_Sample_ID: 
Wire Out: 0030
Depth: 
Author: RastinS
Set_Number: 041
IMEI_No: 
WMO_No: 
S/N: 
Name: 
Comment: T4032 - Lots of drag at surface; probably only made it to 20-25m
Time|Position: 2018-04-14 | 043605.00 | 43 12.0307 N | 50 9.8172 W
Cruise: 39185
PI: Snook, Steve
Protocol: AZMP
Platform: CCGS Teleost
Revisions: 
Attachment: 
Encoding: plain
========================================

$@MID@$: 205
Date: Sat, 14 Apr 2018 04:46:13 +0000
Reply to: 206
In reply to: 202
Event: 083
Station: SEGB-13
Instrument: CTD
Attached: pH
Action: Bottom
Sounding: 0065
Sample_ID: 431004
End_Sample_ID: 431010
Wire Out: 
Depth: 
Author: BaileyW
Set_Number: 041
IMEI_No: 
WMO_No: 
S/N: S1221
Name: 
Comment: 
Time|Position: 2018-04-14 | 044430.00 | 43 12.1353 N | 50 9.7333 W
Cruise: 39185
PI: Snook, Steve
Protocol: AZMP
Platform: CCGS Teleost
Revisions: 
Attachment: 
Encoding: plain
========================================

$@MID@$: 206
Date: Sat, 14 Apr 2018 04:46:27 +0000
In reply to: 205
Event: 083
Station: SEGB-13
Instrument: CTD
Attached: pH
Action: Recovered
Sounding: 0065
Sample_ID: 431004
End_Sample_ID: 431010
Wire Out: 
Depth: 
Author: BaileyW
Set_Number: 041
IMEI_No: 
WMO_No: 
S/N: S1221
Name: 
Comment: 
Time|Position: 2018-04-14 | 044444.00 | 43 12.1388 N | 50 9.7303 W
Cruise: 39185
PI: Snook, Steve
Protocol: AZMP
Platform: CCGS Teleost
Revisions: 
Attachment: 
Encoding: plain
========================================

$@MID@$: 207
Date: Sat, 14 Apr 2018 04:52:11 +0000
Reply to: 208
Event: 085
Station: SEGB-13
Instrument: RingNet
Attached: Dual 202um
Action: Deployed
Sounding: 0066
Sample_ID: 431010
End_Sample_ID: 
Wire Out: 0056
Depth: 
Author: RastinS
Set_Number: 041
IMEI_No: 
WMO_No: 
S/N: 
Name: 
Comment: T4032
Time|Position: 2018-04-14 | 045028.00 | 43 12.1892 N | 50 9.6809 W
Cruise: 39185
PI: Snook, Steve
Protocol: AZMP
Platform: CCGS Teleost
Revisions: 
Attachment: 
Encoding: plain
========================================

$@MID@$: 208
Date: Sat, 14 Apr 2018 04:55:22 +0000
Reply to: 209
In reply to: 207
Event: 085
Station: SEGB-13
Instrument: RingNet
Attached: Dual 202um
Action: Bottom
Sounding: 0066
Sample_ID: 431010
End_Sample_ID: 
Wire Out: 0056
Depth: 
Author: RastinS
Set_Number: 041
IMEI_No: 
WMO_No: 
S/N: 
Name: 
Comment: T4032
Time|Position: 2018-04-14 | 045339.00 | 43 12.2121 N | 50 9.6566 W
Cruise: 39185
PI: Snook, Steve
Protocol: AZMP
Platform: CCGS Teleost
Revisions: 
Attachment: 
Encoding: plain
========================================

$@MID@$: 209
Date: Sat, 14 Apr 2018 04:57:53 +0000
In reply to: 208
Event: 085
Station: SEGB-13
Instrument: RingNet
Attached: Dual 202um
Action: Recovered
Sounding: 0066
Sample_ID: 431010
End_Sample_ID: 
Wire Out: 0056
Depth: 
Author: RastinS
Set_Number: 041
IMEI_No: 
WMO_No: 
S/N: 
Name: 
Comment: T4032
Time|Position: 2018-04-14 | 045610.00 | 43 12.2314 N | 50 9.6259 W
Cruise: 39185
PI: Snook, Steve
Protocol: AZMP
Platform: CCGS Teleost
Revisions: 
Attachment: 
Encoding: plain
========================================

$@MID@$: 210
Date: Sat, 14 Apr 2018 07:53:42 +0000
Reply to: 211
Event: 086
Station: SEGB-14
Instrument: CTD
Attached: pH
Action: Deployed
Sounding: 0186
Sample_ID: 
End_Sample_ID: 
Wire Out: 
Depth: 
Author: DoyleG
Set_Number: 042
IMEI_No: 
WMO_No: 
S/N: S1221
Name: 
Comment: 
Time|Position: 2018-04-14 | 075158.00 | 42 54.9073 N | 49 56.1124 W
Cruise: 39185
PI: Snook, Steve
Protocol: AZMP
Platform: CCGS Teleost
Revisions: 
Attachment: 
Encoding: plain
========================================

$@MID@$: 211
Date: Sat, 14 Apr 2018 08:00:16 +0000
Reply to: 212
In reply to: 210
Event: 086
Station: SEGB-14
Instrument: CTD
Attached: pH
Action: Bottom
Sounding: 0186
Sample_ID: 
End_Sample_ID: 
Wire Out: 
Depth: 
Author: DoyleG
Set_Number: 042
IMEI_No: 
WMO_No: 
S/N: S1221
Name: 
Comment: 
Time|Position: 2018-04-14 | 075832.00 | 42 54.8862 N | 49 56.0253 W
Cruise: 39185
PI: Snook, Steve
Protocol: AZMP
Platform: CCGS Teleost
Revisions: 
Attachment: 
Encoding: plain
========================================

$@MID@$: 212
Date: Sat, 14 Apr 2018 08:01:56 +0000
Reply to: 214
In reply to: 211
Event: 086
Station: SEGB-14
Instrument: CTD
Attached: pH
Action: Recovered
Sounding: 0186
Sample_ID: 
End_Sample_ID: 
Wire Out: 
Depth: 
Author: DoyleG
Set_Number: 042
IMEI_No: 
WMO_No: 
S/N: S1221
Name: 
Comment: 
Time|Position: 2018-04-14 | 080013.00 | 42 54.8843 N | 49 56.0113 W
Cruise: 39185
PI: Snook, Steve
Protocol: AZMP
Platform: CCGS Teleost
Revisions: 
Attachment: 
Encoding: plain
========================================

$@MID@$: 213
Date: Sat, 14 Apr 2018 09:34:34 +0000
Reply to: 216
Event: 087
Station: SEGB-15
Instrument: RingNet
Attached: 20um
Action: Deployed
Sounding: 0416
Sample_ID: 
End_Sample_ID: 
Wire Out: 0030
Depth: 
Author: RastinS
Set_Number: 043
IMEI_No: 
WMO_No: 
S/N: 
Name: 
Comment: T4033
Time|Position: 2018-04-14 | 093251.00 | 42 50.7168 N | 49 53.076 W
Cruise: 39185
PI: Snook, Steve
Protocol: AZMP
Platform: CCGS Teleost
Revisions: 
Attachment: 
Encoding: plain
========================================

$@MID@$: 214
Date: Sat, 14 Apr 2018 09:40:46 +0000
Reply to: 215
In reply to: 212
Event: 086
Station: SEGB-15
Instrument: CTD
Attached: pH
Action: Deployed
Sounding: 0396
Sample_ID: 431011
End_Sample_ID: 431021
Wire Out: 
Depth: 
Author: BaileyW
Set_Number: 043
IMEI_No: 
WMO_No: 
S/N: S1221
Name: 
Comment: 
Time|Position: 2018-04-14 | 093903.00 | 42 50.6414 N | 49 53.0103 W
Cruise: 39185
PI: Snook, Steve
Protocol: AZMP
Platform: CCGS Teleost
Revisions: 
Attachment: 
Encoding: plain
========================================

$@MID@$: 215
Date: Sat, 14 Apr 2018 09:41:08 +0000
Reply to: 217
In reply to: 214
Event: 086
Station: SEGB-15
Instrument: CTD
Attached: pH
Action: Bottom
Sounding: 0396
Sample_ID: 431011
End_Sample_ID: 431021
Wire Out: 
Depth: 
Author: BaileyW
Set_Number: 043
IMEI_No: 
WMO_No: 
S/N: S1221
Name: 
Comment: 
Time|Position: 2018-04-14 | 093925.00 | 42 50.6345 N | 49 53.0069 W
Cruise: 39185
PI: Snook, Steve
Protocol: AZMP
Platform: CCGS Teleost
Revisions: 
Attachment: 
Encoding: plain
========================================

$@MID@$: 216
Date: Sat, 14 Apr 2018 09:42:19 +0000
In reply to: 213
Event: 087
Station: SEGB-15
Instrument: RingNet
Attached: 20um
Action: Recovered
Sounding: 0416
Sample_ID: 
End_Sample_ID: 
Wire Out: 0030
Depth: 
Author: RastinS
Set_Number: 043
IMEI_No: 
WMO_No: 
S/N: 
Name: 
Comment: T4033
Time|Position: 2018-04-14 | 094036.00 | 42 50.6236 N | 49 52.991 W
Cruise: 39185
PI: Snook, Steve
Protocol: AZMP
Platform: CCGS Teleost
Revisions: 
Attachment: 
Encoding: plain
========================================

$@MID@$: 217
Date: Sat, 14 Apr 2018 10:11:10 +0000
Reply to: 221
In reply to: 215
Event: 086
Station: SEGB-15
Instrument: CTD
Attached: pH
Action: Recovered
Sounding: 0396
Sample_ID: 431011
End_Sample_ID: 431021
Wire Out: 
Depth: 
Author: BaileyW
Set_Number: 043
IMEI_No: 
WMO_No: 
S/N: S1221
Name: 
Comment: 
Time|Position: 2018-04-14 | 100926.00 | 42 50.2736 N | 49 52.7065 W
Cruise: 39185
PI: Snook, Steve
Protocol: AZMP
Platform: CCGS Teleost
Revisions: 
Attachment: 
Encoding: plain
========================================

$@MID@$: 218
Date: Sat, 14 Apr 2018 10:28:25 +0000
Reply to: 219
Event: 088
Station: SEGB-15
Instrument: RingNet
Attached: 70um/202um
Action: Deployed
Sounding: 0405
Sample_ID: 431011
End_Sample_ID: 
Wire Out: 0395
Depth: 
Author: RastinS
Set_Number: 043
IMEI_No: 
WMO_No: 
S/N: 
Name: 
Comment: T4033
Time|Position: 2018-04-14 | 102642.00 | 42 50.7875 N | 49 53.3949 W
Cruise: 39185
PI: Snook, Steve
Protocol: AZMP
Platform: CCGS Teleost
Revisions: 
Attachment: 
Encoding: plain
========================================

$@MID@$: 219
Date: Sat, 14 Apr 2018 10:42:47 +0000
Reply to: 220
In reply to: 218
Event: 088
Station: SEGB-15
Instrument: RingNet
Attached: 70um/202um
Action: Bottom
Sounding: 0405
Sample_ID: 431011
End_Sample_ID: 
Wire Out: 0395
Depth: 
Author: RastinS
Set_Number: 043
IMEI_No: 
WMO_No: 
S/N: 
Name: 
Comment: T4033
Time|Position: 2018-04-14 | 104103.00 | 42 50.6365 N | 49 53.2572 W
Cruise: 39185
PI: Snook, Steve
Protocol: AZMP
Platform: CCGS Teleost
Revisions: 
Attachment: 
Encoding: plain
========================================

$@MID@$: 220
Date: Sat, 14 Apr 2018 10:48:16 +0000
In reply to: 219
Event: 088
Station: SEGB-15
Instrument: RingNet
Attached: 70um/202um
Action: Recovered
Sounding: 0405
Sample_ID: 431011
End_Sample_ID: 
Wire Out: 0395
Depth: 
Author: RastinS
Set_Number: 043
IMEI_No: 
WMO_No: 
S/N: 
Name: 
Comment: T4033
Time|Position: 2018-04-14 | 104632.00 | 42 50.5463 N | 49 53.2092 W
Cruise: 39185
PI: Snook, Steve
Protocol: AZMP
Platform: CCGS Teleost
Revisions: 
Attachment: 
Encoding: plain
========================================

$@MID@$: 221
Date: Sat, 14 Apr 2018 12:11:50 +0000
Reply to: 222
In reply to: 217
Event: 086
Station: SEGB-16
Instrument: CTD
Attached: pH
Action: Deployed
Sounding: 1473
Sample_ID: 431022
End_Sample_ID: 431031
Wire Out: 
Depth: 
Author: BaileyW
Set_Number: 044
IMEI_No: 
WMO_No: 
S/N: S1221
Name: 
Comment: 
Time|Position: 2018-04-14 | 121007.00 | 42 46.1707 N | 49 49.5357 W
Cruise: 39185
PI: Snook, Steve
Protocol: AZMP
Platform: CCGS Teleost
Revisions: 
Attachment: 
Encoding: plain
========================================

$@MID@$: 222
Date: Sat, 14 Apr 2018 12:12:09 +0000
Reply to: 225
In reply to: 221
Event: 086
Station: SEGB-16
Instrument: CTD
Attached: pH
Action: Bottom
Sounding: 1473
Sample_ID: 431022
End_Sample_ID: 431031
Wire Out: 
Depth: 
Author: BaileyW
Set_Number: 044
IMEI_No: 
WMO_No: 
S/N: S1221
Name: 
Comment: 
Time|Position: NA
Cruise: 39185
PI: Snook, Steve
Protocol: AZMP
Platform: CCGS Teleost
Revisions: 
Attachment: 
Encoding: plain
========================================

$@MID@$: 223
Date: Sat, 14 Apr 2018 12:13:07 +0000
Reply to: 224
Event: 089
Station: SEGB-16
Instrument: RingNet
Attached: 20um
Action: Deployed
Sounding: 1470
Sample_ID: 
End_Sample_ID: 
Wire Out: 30
Depth: 
Author: RastinS
Set_Number: 44
IMEI_No: 
WMO_No: 
S/N: 
Name: 
Comment: T4034
Time|Position: NA
Cruise: 39185
PI: Snook, Steve
Protocol: AZMP
Platform: CCGS Teleost
Revisions: 
Attachment: 
Encoding: plain
========================================

$@MID@$: 224
Date: Sat, 14 Apr 2018 12:19:38 +0000
In reply to: 223
Event: 089
Station: SEGB-16
Instrument: RingNet
Attached: 20um
Action: Recovered
Sounding: 1470
Sample_ID: 
End_Sample_ID: 
Wire Out: 30
Depth: 
Author: RastinS
Set_Number: 44
IMEI_No: 
WMO_No: 
S/N: 
Name: 
Comment: T4034
Time|Position: 2018-04-14 | 121755.00 | 42 46.0355 N | 49 49.618 W
Cruise: 39185
PI: Snook, Steve
Protocol: AZMP
Platform: CCGS Teleost
Revisions: 
Attachment: 
Encoding: plain
========================================

$@MID@$: 225
Date: Sat, 14 Apr 2018 12:54:03 +0000
In reply to: 222
Event: 086
Station: SEGB-16
Instrument: CTD
Attached: pH
Action: Recovered
Sounding: 1473
Sample_ID: 431022
End_Sample_ID: 431031
Wire Out: 
Depth: 
Author: BaileyW
Set_Number: 044
IMEI_No: 
WMO_No: 
S/N: S1221
Name: 
Comment: 
Time|Position: 2018-04-14 | 125220.00 | 42 45.644 N | 49 49.3962 W
Cruise: 39185
PI: Snook, Steve
Protocol: AZMP
Platform: CCGS Teleost
Revisions: 
Attachment: 
Encoding: plain
========================================

$@MID@$: 226
Date: Sat, 14 Apr 2018 12:58:30 +0000
Reply to: 227
Event: 090
Station: SEGB-16
Instrument: RingNet
Attached: Dual 202um
Action: Deployed
Sounding: 1450
Sample_ID: 431031
End_Sample_ID: 
Wire Out: 1000
Depth: 
Author: RastinS
Set_Number: 044
IMEI_No: 
WMO_No: 
S/N: 
Name: 
Comment: T4034
Time|Position: 2018-04-14 | 125647.00 | 42 45.5919 N | 49 49.3582 W
Cruise: 39185
PI: Snook, Steve
Protocol: AZMP
Platform: CCGS Teleost
Revisions: 
Attachment: 
Encoding: plain
========================================

$@MID@$: 227
Date: Sat, 14 Apr 2018 13:29:18 +0000
Reply to: 228
In reply to: 226
Event: 090
Station: SEGB-16
Instrument: RingNet
Attached: Dual 202um
Action: Bottom
Sounding: 1450
Sample_ID: 431031
End_Sample_ID: 
Wire Out: 1000
Depth: 
Author: RastinS
Set_Number: 044
IMEI_No: 
WMO_No: 
S/N: 
Name: 
Comment: T4034
Time|Position: 2018-04-14 | 132735.00 | 42 45.1415 N | 49 49.2576 W
Cruise: 39185
PI: Snook, Steve
Protocol: AZMP
Platform: CCGS Teleost
Revisions: 
Attachment: 
Encoding: plain
========================================

$@MID@$: 228
Date: Sat, 14 Apr 2018 14:00:00 +0000
In reply to: 227
Event: 090
Station: SEGB-16
Instrument: RingNet
Attached: Dual 202um
Action: Recovered
Sounding: 1450
Sample_ID: 431031
End_Sample_ID: 
Wire Out: 1000
Depth: 
Author: RastinS
Set_Number: 044
IMEI_No: 
WMO_No: 
S/N: 
Name: 
Comment: T4034
Time|Position: 2018-04-14 | 135817.00 | 42 44.9477 N | 49 49.2166 W
Cruise: 39185
PI: Snook, Steve
Protocol: AZMP
Platform: CCGS Teleost
Revisions: 
Attachment: 
Encoding: plain
========================================

$@MID@$: 229
Date: Sat, 14 Apr 2018 16:04:31 +0000
Reply to: 232, 233
Event: 091
Station: SEGB-17
Instrument: CTD
Attached: pH
Action: Deployed
Sounding: 2502
Sample_ID: 431032
End_Sample_ID: 431043
Wire Out: 
Depth: 
Author: RobarA
Set_Number: 045
IMEI_No: 
WMO_No: 
S/N: S1221
Name: 
Comment: 
Time|Position: 2018-04-14 | 160247.00 | 42 34.9706 N | 49 40.8652 W
Cruise: 39185
PI: Snook, Steve
Protocol: AZMP
Platform: CCGS Teleost
Revisions: 
Attachment: 
Encoding: plain
========================================

$@MID@$: 230
Date: Sat, 14 Apr 2018 16:10:38 +0000
Reply to: 231
Event: 092
Station: SEGB-17
Instrument: RingNet
Attached: 20um
Action: Deployed
Sounding: 2538
Sample_ID: 
End_Sample_ID: 
Wire Out: 30
Depth: 
Author: SquiresB
Set_Number: 045
IMEI_No: 
WMO_No: 
S/N: 
Name: 
Comment: T4035
Time|Position: 2018-04-14 | 160854.00 | 42 34.9146 N | 49 40.8156 W
Cruise: 39185
PI: Snook, Steve
Protocol: AZMP
Platform: CCGS Teleost
Revisions: 14/Apr/2018 16:16:33
Attachment: 
Encoding: plain
========================================

$@MID@$: 231
Date: Sat, 14 Apr 2018 16:14:37 +0000
In reply to: 230
Event: 092
Station: SEGB-17
Instrument: RingNet
Attached: 20um
Action: Recovered
Sounding: 2538
Sample_ID: 
End_Sample_ID: 
Wire Out: 30
Depth: 
Author: SquiresB
Set_Number: 045
IMEI_No: 
WMO_No: 
S/N: 
Name: 
Comment: t4035
Time|Position: 2018-04-14 | 161254.00 | 42 34.8919 N | 49 40.7913 W
Cruise: 39185
PI: Snook, Steve
Protocol: AZMP
Platform: CCGS Teleost
Revisions: 
Attachment: 
Encoding: plain
========================================

$@MID@$: 232
Date: Sat, 14 Apr 2018 16:20:07 +0000
In reply to: 229
Event: 091
Station: SEGB-17
Instrument: CTD
Attached: pH
Action: Bottom
Sounding: 2502
Sample_ID: 431032
End_Sample_ID: 431043
Wire Out: 
Depth: 
Author: RobarA
Set_Number: 045
IMEI_No: 
WMO_No: 
S/N: S1221
Name: 
Comment: 
Time|Position: 2018-04-14 | 161823.00 | 42 34.9074 N | 49 40.7234 W
Cruise: 39185
PI: Snook, Steve
Protocol: AZMP
Platform: CCGS Teleost
Revisions: 
Attachment: 
Encoding: plain
========================================

$@MID@$: 233
Date: Sat, 14 Apr 2018 16:57:02 +0000
In reply to: 229
Event: 091
Station: SEGB-17
Instrument: CTD
Attached: pH
Action: Recovered
Sounding: 2502
Sample_ID: 431032
End_Sample_ID: 431043
Wire Out: 
Depth: 
Author: RobarA
Set_Number: 045
IMEI_No: 
WMO_No: 
S/N: S1221
Name: 
Comment: 
Time|Position: 2018-04-14 | 165518.00 | 42 34.5676 N | 49 40.5484 W
Cruise: 39185
PI: Snook, Steve
Protocol: AZMP
Platform: CCGS Teleost
Revisions: 
Attachment: 
Encoding: plain
========================================

$@MID@$: 234
Date: Sat, 14 Apr 2018 17:06:06 +0000
Reply to: 235
Event: 093
Station: SEGB-17
Instrument: RingNet
Attached: Dual 202um
Action: Deployed
Sounding: 2565
Sample_ID: 431043
End_Sample_ID: 
Wire Out: 1000
Depth: 
Author: HigdonJ
Set_Number: 045
IMEI_No: 
WMO_No: 
S/N: 
Name: 
Comment: 
Time|Position: 2018-04-14 | 170422.00 | 42 34.4351 N | 49 40.5258 W
Cruise: 39185
PI: Snook, Steve
Protocol: AZMP
Platform: CCGS Teleost
Revisions: 
Attachment: 
Encoding: plain
========================================

$@MID@$: 235
Date: Sat, 14 Apr 2018 17:10:52 +0000
In reply to: 234
Event: 093
Station: SEGB-17
Instrument: RingNet
Attached: Dual 202um
Action: Aborted
Sounding: 2565
Sample_ID: 431043
End_Sample_ID: 
Wire Out: 1000
Depth: 
Author: HigdonJ
Set_Number: 045
IMEI_No: 
WMO_No: 
S/N: 
Name: 
Comment: T4035
Time|Position: 2018-04-14 | 170908.00 | 42 34.4054 N | 49 40.4992 W
Cruise: 39185
PI: Snook, Steve
Protocol: AZMP
Platform: CCGS Teleost
Revisions: 
Attachment: 
Encoding: plain
========================================

$@MID@$: 236
Date: Sat, 14 Apr 2018 17:12:08 +0000
Reply to: 237
Event: 094
Station: SEGB-17
Instrument: RingNet
Attached: Dual 202um
Action: Deployed
Sounding: 2575
Sample_ID: 431043
End_Sample_ID: 
Wire Out: 1000
Depth: 
Author: HigdonJ
Set_Number: 045
IMEI_No: 
WMO_No: 
S/N: 
Name: 
Comment: T4035
Time|Position: 2018-04-14 | 171024.00 | 42 34.4006 N | 49 40.4964 W
Cruise: 39185
PI: Snook, Steve
Protocol: AZMP
Platform: CCGS Teleost
Revisions: 
Attachment: 
Encoding: plain
========================================

$@MID@$: 237
Date: Sat, 14 Apr 2018 17:45:04 +0000
Reply to: 238
In reply to: 236
Event: 094
Station: SEGB-17
Instrument: RingNet
Attached: Dual 202um
Action: Bottom
Sounding: 2575
Sample_ID: 431043
End_Sample_ID: 
Wire Out: 1000
Depth: 
Author: HigdonJ
Set_Number: 045
IMEI_No: 
WMO_No: 
S/N: 
Name: 
Comment: T4035
Time|Position: 2018-04-14 | 174321.00 | 42 34.2359 N | 49 40.2496 W
Cruise: 39185
PI: Snook, Steve
Protocol: AZMP
Platform: CCGS Teleost
Revisions: 
Attachment: 
Encoding: plain
========================================

$@MID@$: 238
Date: Sat, 14 Apr 2018 18:31:44 +0000
In reply to: 237
Event: 094
Station: SEGB-17
Instrument: RingNet
Attached: Dual 202um
Action: Recovered
Sounding: 2575
Sample_ID: 431043
End_Sample_ID: 
Wire Out: 1000
Depth: 
Author: HigdonJ
Set_Number: 045
IMEI_No: 
WMO_No: 
S/N: 
Name: 
Comment: T4035
Time|Position: 2018-04-14 | 182001.00 | 42 34.1719 N | 49 40.0405 W
Cruise: 39185
PI: Snook, Steve
Protocol: AZMP
Platform: CCGS Teleost
Revisions: 14/Apr/2018 18:50:46
Attachment: 
Encoding: plain
========================================

$@MID@$: 239
Date: Sat, 14 Apr 2018 20:03:15 +0000
Reply to: 240
Event: 095
Station: SEGB-18
Instrument: CTD
Attached: pH
Action: Deployed
Sounding: 2858
Sample_ID: 
End_Sample_ID: 
Wire Out: 
Depth: 
Author: HigdonJ
Set_Number: 047
IMEI_No: 
WMO_No: 
S/N: S1221
Name: 
Comment: 
Time|Position: 2018-04-14 | 200131.00 | 42 23.6071 N | 49 30.8283 W
Cruise: 39185
PI: Snook, Steve
Protocol: AZMP
Platform: CCGS Teleost
Revisions: 
Attachment: 
Encoding: plain
========================================

$@MID@$: 240
Date: Sat, 14 Apr 2018 20:29:32 +0000
Reply to: 241
In reply to: 239
Event: 095
Station: SEGB-18
Instrument: CTD
Attached: pH
Action: Bottom
Sounding: 2858
Sample_ID: 
End_Sample_ID: 
Wire Out: 
Depth: 
Author: HigdonJ
Set_Number: 047
IMEI_No: 
WMO_No: 
S/N: S1221
Name: 
Comment: 
Time|Position: 2018-04-14 | 202748.00 | 42 23.5724 N | 49 30.335 W
Cruise: 39185
PI: Snook, Steve
Protocol: AZMP
Platform: CCGS Teleost
Revisions: 
Attachment: 
Encoding: plain
========================================

$@MID@$: 241
Date: Sat, 14 Apr 2018 20:53:54 +0000
In reply to: 240
Event: 095
Station: SEGB-18
Instrument: CTD
Attached: pH
Action: Recovered
Sounding: 2858
Sample_ID: 
End_Sample_ID: 
Wire Out: 
Depth: 
Author: HigdonJ
Set_Number: 047
IMEI_No: 
WMO_No: 
S/N: S1221
Name: 
Comment: 
Time|Position: 2018-04-14 | 205211.00 | 42 23.5703 N | 49 29.7841 W
Cruise: 39185
PI: Snook, Steve
Protocol: AZMP
Platform: CCGS Teleost
Revisions: 
Attachment: 
Encoding: plain
========================================

$@MID@$: 242
Date: Sat, 14 Apr 2018 23:29:20 +0000
Reply to: 246
Event: 096
Station: SEGB-19
Instrument: CTD
Attached: pH
Action: Deployed
Sounding: 3125
Sample_ID: 431044
End_Sample_ID: 431055
Wire Out: 
Depth: 
Author: RobarA
Set_Number: 048
IMEI_No: 
WMO_No: 
S/N: S1221
Name: 
Comment: 
Time|Position: 2018-04-14 | 232736.00 | 42 4.9973 N | 49 15.3288 W
Cruise: 39185
PI: Snook, Steve
Protocol: AZMP
Platform: CCGS Teleost
Revisions: 
Attachment: 
Encoding: plain
========================================

$@MID@$: 243
Date: Sat, 14 Apr 2018 23:54:57 +0000
Reply to: 244
Event: 097
Station: SEGB-19
Instrument: RingNet
Attached: 20um
Action: Deployed
Sounding: 3125
Sample_ID: 
End_Sample_ID: 
Wire Out: 30
Depth: 
Author: HigdonJ
Set_Number: 048
IMEI_No: 
WMO_No: 
S/N: 
Name: 
Comment: T4036
Time|Position: 2018-04-14 | 235313.00 | 42 4.7599 N | 49 14.1198 W
Cruise: 39185
PI: Snook, Steve
Protocol: AZMP
Platform: CCGS Teleost
Revisions: 22/Apr/2018 01:05:08
Attachment: 
Encoding: plain
========================================

$@MID@$: 244
Date: Sat, 14 Apr 2018 23:57:03 +0000
In reply to: 243
Event: 097
Station: SEGB-19
Instrument: RingNet
Attached: 20um
Action: Recovered
Sounding: 3125
Sample_ID: 
End_Sample_ID: 
Wire Out: 30
Depth: 
Author: HigdonJ
Set_Number: 048
IMEI_No: 
WMO_No: 
S/N: 
Name: 
Comment: T4036
Time|Position: 2018-04-14 | 235519.00 | 42 4.7451 N | 49 14.0271 W
Cruise: 39185
PI: Snook, Steve
Protocol: AZMP
Platform: CCGS Teleost
Revisions: 22/Apr/2018 01:04:57
Attachment: 
Encoding: plain
========================================

