$@MID@$: 15
Date: Sun, 09 Jul 2017 00:03:05 +0000
Reply to: 16
Event: 007
Station: S27TOFC01-01
Instrument: XBT
Attached: T-10
Action: Deployed
Sounding: 0139
Sample_ID: 
End_Sample_ID: 
Wire Out: 
Depth: 
Author: SnookS
IMEI_No: 
WMO_No: 
S/N: 
Name: 
Comment: 
Time|Position: 2017-07-09 | 000245.00 | 47 9.0559 N | 52 45.8254 W
Cruise: 39176
PIC: Lewis, Sara
Protocol: AZMP
Platform: CCGS Teleost
Revisions: 
Attachment: 
Encoding: plain
========================================

$@MID@$: 16
Date: Sun, 09 Jul 2017 00:03:12 +0000
In reply to: 15
Event: 007
Station: S27TOFC01-01
Instrument: XBT
Attached: T-10
Action: Bottom
Sounding: 0139
Sample_ID: 
End_Sample_ID: 
Wire Out: 
Depth: 
Author: SnookS
IMEI_No: 
WMO_No: 
S/N: 
Name: 
Comment: 
Time|Position: 2017-07-09 | 000253.00 | 47 9.034 N | 52 45.8347 W
Cruise: 39176
PIC: Lewis, Sara
Protocol: AZMP
Platform: CCGS Teleost
Revisions: 
Attachment: 
Encoding: plain
========================================

$@MID@$: 17
Date: Sun, 09 Jul 2017 01:11:39 +0000
Reply to: 18
Event: 008
Station: FC-01
Instrument: CTD
Attached: pH
Action: Deployed
Sounding: 0107
Sample_ID: 429624
End_Sample_ID: 429631
Wire Out: 
Depth: 
Author: SnookS
IMEI_No: 
WMO_No: 
S/N: S1221
Name: 
Comment: 
Time|Position: 2017-07-09 | 011119.00 | 47 0.1106 N | 52 49.7828 W
Cruise: 39176
PIC: Lewis, Sara
Protocol: AZMP
Platform: CCGS Teleost
Revisions: 
Attachment: 
Encoding: plain
========================================

$@MID@$: 18
Date: Sun, 09 Jul 2017 01:14:13 +0000
Reply to: 21
In reply to: 17
Event: 008
Station: FC-01
Instrument: CTD
Attached: pH
Action: Bottom
Sounding: 0107
Sample_ID: 429624
End_Sample_ID: 429631
Wire Out: 
Depth: 
Author: SnookS
IMEI_No: 
WMO_No: 
S/N: S1221
Name: 
Comment: 
Time|Position: 2017-07-09 | 011354.00 | 47 0.0943 N | 52 49.7728 W
Cruise: 39176
PIC: Lewis, Sara
Protocol: AZMP
Platform: CCGS Teleost
Revisions: 
Attachment: 
Encoding: plain
========================================

$@MID@$: 19
Date: Sun, 09 Jul 2017 01:22:39 +0000
Reply to: 20
Event: 009
Station: FC-01
Instrument: Ring Net
Attached: 20um
Action: Deployed
Sounding: 0104
Sample_ID: 
End_Sample_ID: 
Wire Out: 
Depth: 
Author: RobarA
IMEI_No: 
WMO_No: 
S/N: 
Name: 
Comment: 30m
Time|Position: 2017-07-09 | 012220.00 | 47 0.0723 N | 52 49.7174 W
Cruise: 39176
PIC: Lewis, Sara
Protocol: AZMP
Platform: CCGS Teleost
Revisions: 
Attachment: 
Encoding: plain
========================================

$@MID@$: 20
Date: Sun, 09 Jul 2017 01:23:14 +0000
In reply to: 19
Event: 009
Station: FC-01
Instrument: Ring Net
Attached: 20um
Action: Recovered
Sounding: 0104
Sample_ID: 
End_Sample_ID: 
Wire Out: 
Depth: 
Author: RobarA
IMEI_No: 
WMO_No: 
S/N: 
Name: 
Comment: 30m
Time|Position: 2017-07-09 | 012255.00 | 47 0.07 N | 52 49.7139 W
Cruise: 39176
PIC: Lewis, Sara
Protocol: AZMP
Platform: CCGS Teleost
Revisions: 
Attachment: 
Encoding: plain
========================================

$@MID@$: 21
Date: Sun, 09 Jul 2017 01:32:28 +0000
In reply to: 18
Event: 008
Station: FC-01
Instrument: CTD
Attached: pH
Action: Recovered
Sounding: 0107
Sample_ID: 429624
End_Sample_ID: 429631
Wire Out: 
Depth: 
Author: SnookS
IMEI_No: 
WMO_No: 
S/N: S1221
Name: 
Comment: 
Time|Position: 2017-07-09 | 013209.00 | 47 0.0616 N | 52 49.6536 W
Cruise: 39176
PIC: Lewis, Sara
Protocol: AZMP
Platform: CCGS Teleost
Revisions: 
Attachment: 
Encoding: plain
========================================

$@MID@$: 22
Date: Sun, 09 Jul 2017 01:48:16 +0000
Reply to: 23
Event: 010
Station: FC-01
Instrument: Vertical Net
Attached: 70um/202um
Action: Deployed
Sounding: 0102
Sample_ID: 429624
End_Sample_ID: 
Wire Out: 92
Depth: 
Author: HawkinsP
IMEI_No: 
WMO_No: 
S/N: 
Name: 
Comment: T3891
Time|Position: 2017-07-09 | 014756.00 | 47 0.0036 N | 52 49.5539 W
Cruise: 39176
PIC: Lewis, Sara
Protocol: AZMP
Platform: CCGS Teleost
Revisions: 09/Jul/2017 02:50:38
Attachment: 
Encoding: plain
========================================

$@MID@$: 23
Date: Sun, 09 Jul 2017 01:50:45 +0000
Reply to: 24
In reply to: 22
Event: 010
Station: FC-01
Instrument: Vertical Net
Attached: 70um/202um
Action: Bottom
Sounding: 0102
Sample_ID: 429624
End_Sample_ID: 
Wire Out: 92
Depth: 
Author: HawkinsP
IMEI_No: 
WMO_No: 
S/N: 
Name: 
Comment: 
Time|Position: 2017-07-09 | 015025.00 | 47 0.015 N | 52 49.5182 W
Cruise: 39176
PIC: Lewis, Sara
Protocol: AZMP
Platform: CCGS Teleost
Revisions: 
Attachment: 
Encoding: plain
========================================

$@MID@$: 24
Date: Sun, 09 Jul 2017 01:53:30 +0000
In reply to: 23
Event: 010
Station: FC-01
Instrument: Vertical Net
Attached: 70um/202um
Action: Recovered
Sounding: 0102
Sample_ID: 429624
End_Sample_ID: 
Wire Out: 92
Depth: 
Author: HawkinsP
IMEI_No: 
WMO_No: 
S/N: 
Name: 
Comment: 
Time|Position: 2017-07-09 | 015310.00 | 47 0.0192 N | 52 49.4775 W
Cruise: 39176
PIC: Lewis, Sara
Protocol: AZMP
Platform: CCGS Teleost
Revisions: 09/Jul/2017 02:21:34
Attachment: 
Encoding: plain
========================================

$@MID@$: 25
Date: Sun, 09 Jul 2017 02:59:13 +0000
Event: 011
Station: FC-02
Instrument: CTD
Attached: pH
Action: Deployed
Sounding: 0188
Sample_ID: 429632
End_Sample_ID: 429641
Wire Out: 
Depth: 
Author: HigdonJ
IMEI_No: 
WMO_No: 
S/N: S1221
Name: 
Comment: 
Time|Position: 2017-07-09 | 025853.00 | 46 59.823 N | 52 41.8148 W
Cruise: 39176
PIC: Lewis, Sara
Protocol: AZMP
Platform: CCGS Teleost
Revisions: 
Attachment: 
Encoding: plain
========================================

$@MID@$: 26
Date: Sun, 09 Jul 2017 03:07:10 +0000
Reply to: 27
Event: 012
Station: FC-02
Instrument: Ring Net
Attached: 20um
Action: Deployed
Sounding: 0186
Sample_ID: 
End_Sample_ID: 
Wire Out: 
Depth: 
Author: CoffeyW
IMEI_No: 
WMO_No: 
S/N: 
Name: 
Comment: 
Time|Position: 2017-07-09 | 030650.00 | 46 59.7366 N | 52 41.7334 W
Cruise: 39176
PIC: Lewis, Sara
Protocol: AZMP
Platform: CCGS Teleost
Revisions: 
Attachment: 
Encoding: plain
========================================

$@MID@$: 27
Date: Sun, 09 Jul 2017 03:13:19 +0000
In reply to: 26
Event: 012
Station: FC-02
Instrument: Ring Net
Attached: 20um
Action: Recovered
Sounding: 0186
Sample_ID: 
End_Sample_ID: 
Wire Out: 
Depth: 
Author: CoffeyW
IMEI_No: 
WMO_No: 
S/N: 
Name: 
Comment: 
Time|Position: 2017-07-09 | 031259.00 | 46 59.6922 N | 52 41.6215 W
Cruise: 39176
PIC: Lewis, Sara
Protocol: AZMP
Platform: CCGS Teleost
Revisions: 
Attachment: 
Encoding: plain
========================================

$@MID@$: 28
Date: Sun, 09 Jul 2017 03:33:05 +0000
Reply to: 29
Event: 013
Station: FC-02
Instrument: CTD
Attached: pH
Action: Deployed
Sounding: 0184
Sample_ID: 429632
End_Sample_ID: 429641
Wire Out: 
Depth: 
Author: HigdonJ
IMEI_No: 
WMO_No: 
S/N: S1221
Name: 
Comment: 2nd attempt
Time|Position: 2017-07-09 | 033246.00 | 46 59.6385 N | 52 41.3365 W
Cruise: 39176
PIC: Lewis, Sara
Protocol: AZMP
Platform: CCGS Teleost
Revisions: 
Attachment: 
Encoding: plain
========================================

$@MID@$: 29
Date: Sun, 09 Jul 2017 03:38:20 +0000
Reply to: 30
In reply to: 28
Event: 013
Station: FC-02
Instrument: CTD
Attached: pH
Action: Bottom
Sounding: 0184
Sample_ID: 429632
End_Sample_ID: 429641
Wire Out: 
Depth: 
Author: HigdonJ
IMEI_No: 
WMO_No: 
S/N: S1221
Name: 
Comment: 
Time|Position: 2017-07-09 | 033801.00 | 46 59.6309 N | 52 41.2629 W
Cruise: 39176
PIC: Lewis, Sara
Protocol: AZMP
Platform: CCGS Teleost
Revisions: 
Attachment: 
Encoding: plain
========================================

$@MID@$: 30
Date: Sun, 09 Jul 2017 04:02:13 +0000
In reply to: 29
Event: 013
Station: FC-02
Instrument: CTD
Attached: pH
Action: Recovered
Sounding: 0184
Sample_ID: 429632
End_Sample_ID: 429641
Wire Out: 
Depth: 
Author: HigdonJ
IMEI_No: 
WMO_No: 
S/N: S1221
Name: 
Comment: 
Time|Position: 2017-07-09 | 040154.00 | 46 59.5512 N | 52 40.9599 W
Cruise: 39176
PIC: Lewis, Sara
Protocol: AZMP
Platform: CCGS Teleost
Revisions: 
Attachment: 
Encoding: plain
========================================

$@MID@$: 31
Date: Sun, 09 Jul 2017 04:29:04 +0000
Reply to: 32
Event: 014
Station: FC-02
Instrument: Vertical Net
Attached: 70um/202um
Action: Deployed
Sounding: 0186
Sample_ID: 42632
End_Sample_ID: 
Wire Out: 176
Depth: 
Author: CoffeyW
IMEI_No: 
WMO_No: 
S/N: 
Name: 
Comment: T3892
Time|Position: 2017-07-09 | 042845.00 | 47 0.0222 N | 52 42.017 W
Cruise: 39176
PIC: Lewis, Sara
Protocol: AZMP
Platform: CCGS Teleost
Revisions: 09/Jul/2017 04:31:25
Attachment: 
Encoding: plain
========================================

$@MID@$: 32
Date: Sun, 09 Jul 2017 04:34:14 +0000
Reply to: 33
In reply to: 31
Event: 014
Station: FC-02
Instrument: Vertical Net
Attached: 70um/202um
Action: Bottom
Sounding: 0186
Sample_ID: 42632
End_Sample_ID: 
Wire Out: 0176
Depth: 
Author: CoffeyW
IMEI_No: 
WMO_No: 
S/N: 
Name: 
Comment: 
Time|Position: 2017-07-09 | 043354.00 | 46 59.9651 N | 52 41.9972 W
Cruise: 39176
PIC: Lewis, Sara
Protocol: AZMP
Platform: CCGS Teleost
Revisions: 09/Jul/2017 04:31:25
Attachment: 
Encoding: plain
========================================

$@MID@$: 33
Date: Sun, 09 Jul 2017 04:40:06 +0000
In reply to: 32
Event: 014
Station: FC-02
Instrument: Vertical Net
Attached: 70um/202um
Action: Recovered
Sounding: 0186
Sample_ID: 42632
End_Sample_ID: 
Wire Out: 0176
Depth: 
Author: CoffeyW
IMEI_No: 
WMO_No: 
S/N: 
Name: 
Comment: 
Time|Position: 2017-07-09 | 043947.00 | 46 59.9063 N | 52 41.8997 W
Cruise: 39176
PIC: Lewis, Sara
Protocol: AZMP
Platform: CCGS Teleost
Revisions: 09/Jul/2017 04:31:25
Attachment: 
Encoding: plain
========================================

$@MID@$: 34
Date: Sun, 09 Jul 2017 05:36:06 +0000
Reply to: 35
Event: 015
Station: FC-03
Instrument: CTD
Attached: pH
Action: Deployed
Sounding: 0158
Sample_ID: 429642
End_Sample_ID: 429650
Wire Out: 
Depth: 
Author: HigdonJ
IMEI_No: 
WMO_No: 
S/N: S1221
Name: 
Comment: 
Time|Position: 2017-07-09 | 053547.00 | 47 0.0096 N | 52 35.0292 W
Cruise: 39176
PIC: Lewis, Sara
Protocol: AZMP
Platform: CCGS Teleost
Revisions: 
Attachment: 
Encoding: plain
========================================

$@MID@$: 35
Date: Sun, 09 Jul 2017 05:38:58 +0000
In reply to: 34
Event: 015
Station: FC-03
Instrument: CTD
Attached: pH
Action: Bottom
Sounding: 0158
Sample_ID: 429642
End_Sample_ID: 429650
Wire Out: 
Depth: 
Author: HigdonJ
IMEI_No: 
WMO_No: 
S/N: S1221
Name: 
Comment: 
Time|Position: 2017-07-09 | 053839.00 | 46 59.9928 N | 52 35.0165 W
Cruise: 39176
PIC: Lewis, Sara
Protocol: AZMP
Platform: CCGS Teleost
Revisions: 
Attachment: 
Encoding: plain
========================================

$@MID@$: 36
Date: Sun, 09 Jul 2017 05:54:01 +0000
Reply to: 37
Event: 016
Station: FC-03
Instrument: Ring Net
Attached: 20um
Action: Deployed
Sounding: 0158
Sample_ID: 
End_Sample_ID: 
Wire Out: 
Depth: 
Author: CoffeyW
IMEI_No: 
WMO_No: 
S/N: 
Name: 
Comment: system crashed, cast done @ 0540gmt
Time|Position: 2017-07-09 | 055342.00 | 46 59.9015 N | 52 34.9957 W
Cruise: 39176
PIC: Lewis, Sara
Protocol: AZMP
Platform: CCGS Teleost
Revisions: 
Attachment: 
Encoding: plain
========================================

$@MID@$: 37
Date: Sun, 09 Jul 2017 05:54:45 +0000
In reply to: 36
Event: 016
Station: FC-03
Instrument: Ring Net
Attached: 20um
Action: Recovered
Sounding: 0158
Sample_ID: 
End_Sample_ID: 
Wire Out: 
Depth: 
Author: CoffeyW
IMEI_No: 
WMO_No: 
S/N: 
Name: 
Comment: see comment for deployment
Time|Position: 2017-07-09 | 055425.00 | 46 59.8948 N | 52 35.0009 W
Cruise: 39176
PIC: Lewis, Sara
Protocol: AZMP
Platform: CCGS Teleost
Revisions: 
Attachment: 
Encoding: plain
========================================

$@MID@$: 38
Date: Sun, 09 Jul 2017 05:59:41 +0000
Reply to: 39
Event: 016
Station: FC-03
Instrument: CTD
Attached: pH
Action: Deployed
Sounding: 0158
Sample_ID: 429642
End_Sample_ID: 429650
Wire Out: 
Depth: 
Author: HigdonJ
IMEI_No: 
WMO_No: 
S/N: S1221
Name: 
Comment: Redeploy power failure
Time|Position: 2017-07-09 | 055922.00 | 46 59.8888 N | 52 34.9715 W
Cruise: 39176
PIC: Lewis, Sara
Protocol: AZMP
Platform: CCGS Teleost
Revisions: 
Attachment: 
Encoding: plain
========================================

$@MID@$: 39
Date: Sun, 09 Jul 2017 06:03:13 +0000
Reply to: 40
In reply to: 38
Event: 016
Station: FC-03
Instrument: CTD
Attached: pH
Action: Bottom
Sounding: 0158
Sample_ID: 429642
End_Sample_ID: 429650
Wire Out: 
Depth: 
Author: HigdonJ
IMEI_No: 
WMO_No: 
S/N: S1221
Name: 
Comment: 
Time|Position: 2017-07-09 | 060253.00 | 46 59.8562 N | 52 34.9575 W
Cruise: 39176
PIC: Lewis, Sara
Protocol: AZMP
Platform: CCGS Teleost
Revisions: 
Attachment: 
Encoding: plain
========================================

$@MID@$: 40
Date: Sun, 09 Jul 2017 06:18:18 +0000
In reply to: 39
Event: 016
Station: FC-03
Instrument: CTD
Attached: pH
Action: Recovered
Sounding: 0158
Sample_ID: 429642
End_Sample_ID: 429650
Wire Out: 
Depth: 
Author: HigdonJ
IMEI_No: 
WMO_No: 
S/N: S1221
Name: 
Comment: 
Time|Position: 2017-07-09 | 061759.00 | 46 59.7897 N | 52 34.8565 W
Cruise: 39176
PIC: Lewis, Sara
Protocol: AZMP
Platform: CCGS Teleost
Revisions: 
Attachment: 
Encoding: plain
========================================

$@MID@$: 41
Date: Sun, 09 Jul 2017 06:30:14 +0000
Reply to: 42
Event: 017
Station: FC-03
Instrument: Vertical Net
Attached: Dual 202um
Action: Deployed
Sounding: 0156
Sample_ID: 429650
End_Sample_ID: 
Wire Out: 146
Depth: 
Author: CoffeyW
IMEI_No: 
WMO_No: 
S/N: 
Name: 
Comment: T3893
Time|Position: 2017-07-09 | 062955.00 | 46 59.7844 N | 52 34.9082 W
Cruise: 39176
PIC: Lewis, Sara
Protocol: AZMP
Platform: CCGS Teleost
Revisions: 
Attachment: 
Encoding: plain
========================================

$@MID@$: 42
Date: Sun, 09 Jul 2017 06:35:14 +0000
Reply to: 43
In reply to: 41
Event: 017
Station: FC-03
Instrument: Vertical Net
Attached: Dual 202um
Action: Bottom
Sounding: 0156
Sample_ID: 429650
End_Sample_ID: 
Wire Out: 146
Depth: 
Author: CoffeyW
IMEI_No: 
WMO_No: 
S/N: 
Name: 
Comment: 
Time|Position: 2017-07-09 | 063455.00 | 46 59.7686 N | 52 34.9021 W
Cruise: 39176
PIC: Lewis, Sara
Protocol: AZMP
Platform: CCGS Teleost
Revisions: 
Attachment: 
Encoding: plain
========================================

$@MID@$: 43
Date: Sun, 09 Jul 2017 06:40:01 +0000
In reply to: 42
Event: 017
Station: FC-03
Instrument: Vertical Net
Attached: Dual 202um
Action: Recovered
Sounding: 0156
Sample_ID: 429650
End_Sample_ID: 
Wire Out: 146
Depth: 
Author: CoffeyW
IMEI_No: 
WMO_No: 
S/N: 
Name: 
Comment: 
Time|Position: 2017-07-09 | 063942.00 | 46 59.7691 N | 52 34.8735 W
Cruise: 39176
PIC: Lewis, Sara
Protocol: AZMP
Platform: CCGS Teleost
Revisions: 
Attachment: 
Encoding: plain
========================================

$@MID@$: 44
Date: Sun, 09 Jul 2017 08:38:40 +0000
Reply to: 46
Event: 018
Station: FC-04
Instrument: Ring Net
Attached: 20um
Action: Deployed
Sounding: 0124
Sample_ID: 
End_Sample_ID: 
Wire Out: 
Depth: 
Author: CoffeyW
IMEI_No: 
WMO_No: 
S/N: 
Name: 
Comment: 
Time|Position: 2017-07-09 | 083821.00 | 47 0.1022 N | 52 19.5927 W
Cruise: 39176
PIC: Lewis, Sara
Protocol: AZMP
Platform: CCGS Teleost
Revisions: 
Attachment: 
Encoding: plain
========================================

$@MID@$: 45
Date: Sun, 09 Jul 2017 09:26:26 +0000
Reply to: 49
Event: 019
Station: FC-04
Instrument: CTD
Attached: pH
Action: Deployed
Sounding: 0125
Sample_ID: 429651
End_Sample_ID: 429659
Wire Out: 
Depth: 
Author: HigdonJ
IMEI_No: 
WMO_No: 
S/N: S1221
Name: 
Comment: 
Time|Position: 2017-07-09 | 092606.00 | 46 59.9459 N | 52 19.3338 W
Cruise: 39176
PIC: Lewis, Sara
Protocol: AZMP
Platform: CCGS Teleost
Revisions: 
Attachment: 
Encoding: plain
========================================

$@MID@$: 46
Date: Sun, 09 Jul 2017 09:38:40 +0000
In reply to: 44
Event: 018
Station: FC-04
Instrument: Ring Net
Attached: 20um
Action: Recovered
Sounding: 0124
Sample_ID: 
End_Sample_ID: 
Wire Out: 
Depth: 
Author: CoffeyW
IMEI_No: 
WMO_No: 
S/N: 
Name: 
Comment: computer crashed net recoveryed @0842
Time|Position: 2017-07-09 | 093820.00 | 46 59.9005 N | 52 19.3454 W
Cruise: 39176
PIC: Lewis, Sara
Protocol: AZMP
Platform: CCGS Teleost
Revisions: 
Attachment: 
Encoding: plain
========================================

$@MID@$: 47
Date: Sun, 09 Jul 2017 09:41:32 +0000
Reply to: 48
Event: 020
Station: FC-04
Instrument: Vertical Net
Attached: 70um/202um
Action: Deployed
Sounding: 0124
Sample_ID: 429651
End_Sample_ID: 
Wire Out: 0114
Depth: 
Author: CoffeyW
IMEI_No: 
WMO_No: 
S/N: 
Name: 
Comment: T3894, computer crashed cast went in at 0901
Time|Position: 2017-07-09 | 094113.00 | 46 59.8912 N | 52 19.3259 W
Cruise: 39176
PIC: Lewis, Sara
Protocol: AZMP
Platform: CCGS Teleost
Revisions: 
Attachment: 
Encoding: plain
========================================

$@MID@$: 48
Date: Sun, 09 Jul 2017 09:41:56 +0000
Reply to: 50
In reply to: 47
Event: 020
Station: FC-04
Instrument: Vertical Net
Attached: 70um/202um
Action: Bottom
Sounding: 0124
Sample_ID: 429651
End_Sample_ID: 
Wire Out: 0114
Depth: 
Author: CoffeyW
IMEI_No: 
WMO_No: 
S/N: 
Name: 
Comment: on bottom @0905
Time|Position: 2017-07-09 | 094137.00 | 46 59.8939 N | 52 19.3321 W
Cruise: 39176
PIC: Lewis, Sara
Protocol: AZMP
Platform: CCGS Teleost
Revisions: 
Attachment: 
Encoding: plain
========================================

$@MID@$: 49
Date: Sun, 09 Jul 2017 09:42:32 +0000
In reply to: 45
Event: 019
Station: FC-04
Instrument: CTD
Attached: pH
Action: Recovered
Sounding: 0125
Sample_ID: 429651
End_Sample_ID: 429659
Wire Out: 
Depth: 
Author: HigdonJ
IMEI_No: 
WMO_No: 
S/N: S1221
Name: 
Comment: 
Time|Position: 2017-07-09 | 094213.00 | 46 59.8976 N | 52 19.343 W
Cruise: 39176
PIC: Lewis, Sara
Protocol: AZMP
Platform: CCGS Teleost
Revisions: 
Attachment: 
Encoding: plain
========================================

$@MID@$: 50
Date: Sun, 09 Jul 2017 09:42:39 +0000
In reply to: 48
Event: 020
Station: FC-04
Instrument: Vertical Net
Attached: 70um/202um
Action: Recovered
Sounding: 0124
Sample_ID: 429651
End_Sample_ID: 
Wire Out: 0114
Depth: 
Author: CoffeyW
IMEI_No: 
WMO_No: 
S/N: 
Name: 
Comment: recovered @ 0908
Time|Position: 2017-07-09 | 094220.00 | 46 59.8987 N | 52 19.3451 W
Cruise: 39176
PIC: Lewis, Sara
Protocol: AZMP
Platform: CCGS Teleost
Revisions: 
Attachment: 
Encoding: plain
========================================

$@MID@$: 51
Date: Sun, 09 Jul 2017 11:00:46 +0000
Reply to: 52
Event: 021
Station: FC-05
Instrument: CTD
Attached: pH
Action: Deployed
Sounding: 0139
Sample_ID: 429660
End_Sample_ID: 429668
Wire Out: 
Depth: 
Author: HigdonJ
IMEI_No: 
WMO_No: 
S/N: S1221
Name: 
Comment: 
Time|Position: 2017-07-09 | 110427.00 | 47 0.0735 N | 52 1.8199 W
Cruise: 39176
PIC: Lewis, Sara
Protocol: AZMP
Platform: CCGS Teleost
Revisions: 09/Jul/2017 15:45:04
Attachment: 
Encoding: plain
========================================

$@MID@$: 52
Date: Sun, 09 Jul 2017 11:04:47 +0000
Reply to: 55
In reply to: 51
Event: 021
Station: FC-05
Instrument: CTD
Attached: pH
Action: Bottom
Sounding: 0139
Sample_ID: 429660
End_Sample_ID: 429668
Wire Out: 
Depth: 
Author: HigdonJ
IMEI_No: 
WMO_No: 
S/N: S1221
Name: 
Comment: 
Time|Position: 2017-07-09 | 110427.00 | 47 0.0735 N | 52 1.8199 W
Cruise: 39176
PIC: Lewis, Sara
Protocol: AZMP
Platform: CCGS Teleost
Revisions: 
Attachment: 
Encoding: plain
========================================

$@MID@$: 53
Date: Sun, 09 Jul 2017 11:07:16 +0000
Reply to: 54
Event: 022
Station: FC-05
Instrument: Ring Net
Attached: 20um
Action: Deployed
Sounding: 0139
Sample_ID: 
End_Sample_ID: 
Wire Out: 
Depth: 
Author: CoffeyW
IMEI_No: 
WMO_No: 
S/N: 
Name: 
Comment: 
Time|Position: 2017-07-09 | 110657.00 | 47 0.0761 N | 52 1.8125 W
Cruise: 39176
PIC: Lewis, Sara
Protocol: AZMP
Platform: CCGS Teleost
Revisions: 
Attachment: 
Encoding: plain
========================================

$@MID@$: 54
Date: Sun, 09 Jul 2017 11:09:57 +0000
In reply to: 53
Event: 022
Station: FC-05
Instrument: Ring Net
Attached: 20um
Action: Recovered
Sounding: 0139
Sample_ID: 
End_Sample_ID: 
Wire Out: 
Depth: 
Author: CoffeyW
IMEI_No: 
WMO_No: 
S/N: 
Name: 
Comment: 
Time|Position: 2017-07-09 | 110657.00 | 47 0.0761 N | 52 1.8125 W
Cruise: 39176
PIC: Lewis, Sara
Protocol: AZMP
Platform: CCGS Teleost
Revisions: 09/Jul/2017 15:44:26
Attachment: 
Encoding: plain
========================================

$@MID@$: 55
Date: Sun, 09 Jul 2017 11:18:10 +0000
In reply to: 52
Event: 021
Station: FC-05
Instrument: CTD
Attached: pH
Action: Recovered
Sounding: 0139
Sample_ID: 429660
End_Sample_ID: 429668
Wire Out: 
Depth: 
Author: HigdonJ
IMEI_No: 
WMO_No: 
S/N: S1221
Name: 
Comment: 
Time|Position: 2017-07-09 | 111751.00 | 47 0.1648 N | 52 1.7297 W
Cruise: 39176
PIC: Lewis, Sara
Protocol: AZMP
Platform: CCGS Teleost
Revisions: 
Attachment: 
Encoding: plain
========================================

$@MID@$: 56
Date: Sun, 09 Jul 2017 11:28:23 +0000
Reply to: 57
Event: 023
Station: FC-05
Instrument: Vertical Net
Attached: Dual 202um
Action: Deployed
Sounding: 0140
Sample_ID: 429668
End_Sample_ID: 
Wire Out: 
Depth: 
Author: CoffeyW
IMEI_No: 
WMO_No: 
S/N: 
Name: 
Comment: T3895
Time|Position: 2017-07-09 | 112803.00 | 47 0.1652 N | 52 1.6978 W
Cruise: 39176
PIC: Lewis, Sara
Protocol: AZMP
Platform: CCGS Teleost
Revisions: 09/Jul/2017 15:42:44
Attachment: 
Encoding: plain
========================================

$@MID@$: 57
Date: Sun, 09 Jul 2017 11:32:08 +0000
Reply to: 58
In reply to: 56
Event: 023
Station: FC-05
Instrument: Vertical Net
Attached: Dual 202um
Action: Bottom
Sounding: 0140
Sample_ID: 429668
End_Sample_ID: 
Wire Out: 
Depth: 
Author: CoffeyW
IMEI_No: 
WMO_No: 
S/N: 
Name: 
Comment: 
Time|Position: 2017-07-09 | 113149.00 | 47 0.1891 N | 52 1.6246 W
Cruise: 39176
PIC: Lewis, Sara
Protocol: AZMP
Platform: CCGS Teleost
Revisions: 09/Jul/2017 15:42:52
Attachment: 
Encoding: plain
========================================

$@MID@$: 58
Date: Sun, 09 Jul 2017 11:36:00 +0000
In reply to: 57
Event: 023
Station: FC-05
Instrument: Vertical Net
Attached: Dual 202um
Action: Bottom
Sounding: 0140
Sample_ID: 429668
End_Sample_ID: 
Wire Out: 
Depth: 
Author: CoffeyW
IMEI_No: 
WMO_No: 
S/N: 
Name: 
Comment: 
Time|Position: 2017-07-09 | 113541.00 | 47 0.1784 N | 52 1.6142 W
Cruise: 39176
PIC: Lewis, Sara
Protocol: AZMP
Platform: CCGS Teleost
Revisions: 09/Jul/2017 15:43:00
Attachment: 
Encoding: plain
========================================

$@MID@$: 59
Date: Sun, 09 Jul 2017 13:46:49 +0000
Reply to: 61
Event: 024
Station: FC-06
Instrument: CTD
Attached: pH
Action: Deployed
Sounding: 0098
Sample_ID: 429669
End_Sample_ID: 429676
Wire Out: 
Depth: 
Author: HigdonJ
IMEI_No: 
WMO_No: 
S/N: S1221
Name: 
Comment: 
Time|Position: 2017-07-09 | 134629.00 | 46 59.974 N | 51 29.0144 W
Cruise: 39176
PIC: Lewis, Sara
Protocol: AZMP
Platform: CCGS Teleost
Revisions: 
Attachment: 
Encoding: plain
========================================

$@MID@$: 60
Date: Sun, 09 Jul 2017 13:49:05 +0000
Reply to: 62
Event: 025
Station: FC-06
Instrument: Ring Net
Attached: 20um
Action: Deployed
Sounding: 0099
Sample_ID: 
End_Sample_ID: 
Wire Out: 
Depth: 
Author: CoffeyW
IMEI_No: 
WMO_No: 
S/N: 
Name: 
Comment: 
Time|Position: 2017-07-09 | 134846.00 | 46 59.9649 N | 51 28.9681 W
Cruise: 39176
PIC: Lewis, Sara
Protocol: AZMP
Platform: CCGS Teleost
Revisions: 
Attachment: 
Encoding: plain
========================================

$@MID@$: 61
Date: Sun, 09 Jul 2017 13:51:26 +0000
Reply to: 63
In reply to: 59
Event: 024
Station: FC-06
Instrument: CTD
Attached: pH
Action: Bottom
Sounding: 0098
Sample_ID: 429669
End_Sample_ID: 429676
Wire Out: 
Depth: 
Author: HigdonJ
IMEI_No: 
WMO_No: 
S/N: S1221
Name: 
Comment: 
Time|Position: 2017-07-09 | 135107.00 | 46 59.97 N | 51 28.9426 W
Cruise: 39176
PIC: Lewis, Sara
Protocol: AZMP
Platform: CCGS Teleost
Revisions: 
Attachment: 
Encoding: plain
========================================

$@MID@$: 62
Date: Sun, 09 Jul 2017 13:51:53 +0000
In reply to: 60
Event: 025
Station: FC-06
Instrument: Ring Net
Attached: 20um
Action: Recovered
Sounding: 0099
Sample_ID: 
End_Sample_ID: 
Wire Out: 
Depth: 
Author: CoffeyW
IMEI_No: 
WMO_No: 
S/N: 
Name: 
Comment: 
Time|Position: 2017-07-09 | 135134.00 | 46 59.9685 N | 51 28.9348 W
Cruise: 39176
PIC: Lewis, Sara
Protocol: AZMP
Platform: CCGS Teleost
Revisions: 
Attachment: 
Encoding: plain
========================================

$@MID@$: 63
Date: Sun, 09 Jul 2017 14:02:28 +0000
In reply to: 61
Event: 024
Station: FC-06
Instrument: CTD
Attached: pH
Action: Recovered
Sounding: 0098
Sample_ID: 429669
End_Sample_ID: 429676
Wire Out: 
Depth: 
Author: HigdonJ
IMEI_No: 
WMO_No: 
S/N: S1221
Name: 
Comment: 
Time|Position: 2017-07-09 | 140209.00 | 46 59.9504 N | 51 28.7824 W
Cruise: 39176
PIC: Lewis, Sara
Protocol: AZMP
Platform: CCGS Teleost
Revisions: 
Attachment: 
Encoding: plain
========================================

$@MID@$: 64
Date: Sun, 09 Jul 2017 14:11:14 +0000
Reply to: 65
Event: 026
Station: FC-06
Instrument: Vertical Net
Attached: Dual 202um
Action: Deployed
Sounding: 0100
Sample_ID: 429676
End_Sample_ID: 
Wire Out: 90
Depth: 
Author: CoffeyW
IMEI_No: 
WMO_No: 
S/N: 
Name: 
Comment: T3896
Time|Position: 2017-07-09 | 141055.00 | 46 59.9401 N | 51 28.6233 W
Cruise: 39176
PIC: Lewis, Sara
Protocol: AZMP
Platform: CCGS Teleost
Revisions: 
Attachment: 
Encoding: plain
========================================

$@MID@$: 65
Date: Sun, 09 Jul 2017 14:14:00 +0000
Reply to: 66
In reply to: 64
Event: 026
Station: FC-06
Instrument: Vertical Net
Attached: Dual 202um
Action: Bottom
Sounding: 0100
Sample_ID: 429676
End_Sample_ID: 
Wire Out: 90
Depth: 
Author: CoffeyW
IMEI_No: 
WMO_No: 
S/N: 
Name: 
Comment: 
Time|Position: 2017-07-09 | 141341.00 | 46 59.9177 N | 51 28.6007 W
Cruise: 39176
PIC: Lewis, Sara
Protocol: AZMP
Platform: CCGS Teleost
Revisions: 
Attachment: 
Encoding: plain
========================================

$@MID@$: 66
Date: Sun, 09 Jul 2017 14:16:48 +0000
In reply to: 65
Event: 026
Station: FC-06
Instrument: Vertical Net
Attached: Dual 202um
Action: Recovered
Sounding: 0100
Sample_ID: 429676
End_Sample_ID: 
Wire Out: 90
Depth: 
Author: CoffeyW
IMEI_No: 
WMO_No: 
S/N: 
Name: 
Comment: 
Time|Position: 2017-07-09 | 141629.00 | 46 59.9091 N | 51 28.5778 W
Cruise: 39176
PIC: Lewis, Sara
Protocol: AZMP
Platform: CCGS Teleost
Revisions: 
Attachment: 
Encoding: plain
========================================

$@MID@$: 67
Date: Sun, 09 Jul 2017 16:16:59 +0000
Reply to: 68
Event: 027
Station: FC-07
Instrument: CTD
Attached: pH
Action: Deployed
Sounding: 0102
Sample_ID: 429677
End_Sample_ID: 429684
Wire Out: 
Depth: 
Author: SnookS
IMEI_No: 
WMO_No: 
S/N: S1221
Name: 
Comment: 
Time|Position: 2017-07-09 | 161640.00 | 46 59.7651 N | 50 59.9503 W
Cruise: 39176
PIC: Lewis, Sara
Protocol: AZMP
Platform: CCGS Teleost
Revisions: 
Attachment: 
Encoding: plain
========================================

$@MID@$: 68
Date: Sun, 09 Jul 2017 16:23:12 +0000
Reply to: 71
In reply to: 67
Event: 027
Station: FC-07
Instrument: CTD
Attached: pH
Action: Bottom
Sounding: 0102
Sample_ID: 429677
End_Sample_ID: 429684
Wire Out: 
Depth: 
Author: SnookS
IMEI_No: 
WMO_No: 
S/N: S1221
Name: 
Comment: 
Time|Position: 2017-07-09 | 162253.00 | 46 59.6449 N | 50 59.8783 W
Cruise: 39176
PIC: Lewis, Sara
Protocol: AZMP
Platform: CCGS Teleost
Revisions: 
Attachment: 
Encoding: plain
========================================

$@MID@$: 69
Date: Sun, 09 Jul 2017 16:28:45 +0000
Reply to: 70
Event: 028
Station: FC-07
Instrument: Ring Net
Attached: 20um
Action: Deployed
Sounding: 0096
Sample_ID: 
End_Sample_ID: 
Wire Out: 
Depth: 
Author: RobarA
IMEI_No: 
WMO_No: 
S/N: 
Name: 
Comment: 30m
Time|Position: 2017-07-09 | 162825.00 | 46 59.5692 N | 50 59.8156 W
Cruise: 39176
PIC: Lewis, Sara
Protocol: AZMP
Platform: CCGS Teleost
Revisions: 
Attachment: 
Encoding: plain
========================================

$@MID@$: 70
Date: Sun, 09 Jul 2017 16:29:25 +0000
In reply to: 69
Event: 028
Station: FC-07
Instrument: Ring Net
Attached: 20um
Action: Recovered
Sounding: 0096
Sample_ID: 
End_Sample_ID: 
Wire Out: 
Depth: 
Author: RobarA
IMEI_No: 
WMO_No: 
S/N: 
Name: 
Comment: 30m
Time|Position: 2017-07-09 | 162905.00 | 46 59.5625 N | 50 59.7998 W
Cruise: 39176
PIC: Lewis, Sara
Protocol: AZMP
Platform: CCGS Teleost
Revisions: 
Attachment: 
Encoding: plain
========================================

$@MID@$: 71
Date: Sun, 09 Jul 2017 16:38:33 +0000
In reply to: 68
Event: 027
Station: FC-07
Instrument: CTD
Attached: pH
Action: Recovered
Sounding: 0102
Sample_ID: 429677
End_Sample_ID: 429684
Wire Out: 
Depth: 
Author: SnookS
IMEI_No: 
WMO_No: 
S/N: S1221
Name: 
Comment: 
Time|Position: 2017-07-09 | 163814.00 | 46 59.444 N | 50 59.7591 W
Cruise: 39176
PIC: Lewis, Sara
Protocol: AZMP
Platform: CCGS Teleost
Revisions: 
Attachment: 
Encoding: plain
========================================

$@MID@$: 72
Date: Sun, 09 Jul 2017 16:46:06 +0000
Reply to: 73
Event: 029
Station: FC-07
Instrument: Vertical Net
Attached: 70um/202um
Action: Deployed
Sounding: 0089
Sample_ID: 429677
End_Sample_ID: 
Wire Out: 
Depth: 
Author: HawkinsP
IMEI_No: 
WMO_No: 
S/N: 
Name: 
Comment: T3897
Time|Position: 2017-07-09 | 164547.00 | 46 59.3712 N | 50 59.6712 W
Cruise: 39176
PIC: Lewis, Sara
Protocol: AZMP
Platform: CCGS Teleost
Revisions: 09/Jul/2017 22:23:09
Attachment: 
Encoding: plain
========================================

$@MID@$: 73
Date: Sun, 09 Jul 2017 16:48:21 +0000
Reply to: 74
In reply to: 72
Event: 029
Station: FC-07
Instrument: Vertical Net
Attached: 70um/202um
Action: Bottom
Sounding: 0089
Sample_ID: 429677
End_Sample_ID: 
Wire Out: 
Depth: 
Author: HawkinsP
IMEI_No: 
WMO_No: 
S/N: 
Name: 
Comment: 
Time|Position: 2017-07-09 | 164802.00 | 46 59.3587 N | 50 59.646 W
Cruise: 39176
PIC: Lewis, Sara
Protocol: AZMP
Platform: CCGS Teleost
Revisions: 
Attachment: 
Encoding: plain
========================================

$@MID@$: 74
Date: Sun, 09 Jul 2017 16:50:55 +0000
In reply to: 73
Event: 029
Station: FC-07
Instrument: Vertical Net
Attached: 70um/202um
Action: Recovered
Sounding: 0089
Sample_ID: 429677
End_Sample_ID: 
Wire Out: 
Depth: 
Author: HawkinsP
IMEI_No: 
WMO_No: 
S/N: 
Name: 
Comment: 
Time|Position: 2017-07-09 | 165036.00 | 46 59.3368 N | 50 59.6263 W
Cruise: 39176
PIC: Lewis, Sara
Protocol: AZMP
Platform: CCGS Teleost
Revisions: 
Attachment: 
Encoding: plain
========================================

$@MID@$: 75
Date: Sun, 09 Jul 2017 18:21:06 +0000
Reply to: 76
Event: 030
Station: FC-08
Instrument: CTD
Attached: pH
Action: Deployed
Sounding: 0175
Sample_ID: 
End_Sample_ID: 
Wire Out: 
Depth: 
Author: SnookS
IMEI_No: 
WMO_No: 
S/N: S1221
Name: 
Comment: 
Time|Position: 2017-07-09 | 182046.00 | 46 59.9276 N | 50 40.0838 W
Cruise: 39176
PIC: Lewis, Sara
Protocol: AZMP
Platform: CCGS Teleost
Revisions: 
Attachment: 
Encoding: plain
========================================

$@MID@$: 76
Date: Sun, 09 Jul 2017 18:27:45 +0000
Reply to: 77
In reply to: 75
Event: 030
Station: FC-08
Instrument: CTD
Attached: pH
Action: Bottom
Sounding: 0175
Sample_ID: 
End_Sample_ID: 
Wire Out: 
Depth: 
Author: SnookS
IMEI_No: 
WMO_No: 
S/N: S1221
Name: 
Comment: 
Time|Position: 2017-07-09 | 182725.00 | 46 59.8547 N | 50 39.9479 W
Cruise: 39176
PIC: Lewis, Sara
Protocol: AZMP
Platform: CCGS Teleost
Revisions: 
Attachment: 
Encoding: plain
========================================

$@MID@$: 77
Date: Sun, 09 Jul 2017 18:32:54 +0000
In reply to: 76
Event: 030
Station: FC-08
Instrument: CTD
Attached: pH
Action: Recovered
Sounding: 0175
Sample_ID: 
End_Sample_ID: 
Wire Out: 
Depth: 
Author: SnookS
IMEI_No: 
WMO_No: 
S/N: S1221
Name: 
Comment: 
Time|Position: 2017-07-09 | 183235.00 | 46 59.7961 N | 50 39.8273 W
Cruise: 39176
PIC: Lewis, Sara
Protocol: AZMP
Platform: CCGS Teleost
Revisions: 
Attachment: 
Encoding: plain
========================================

$@MID@$: 78
Date: Sun, 09 Jul 2017 21:20:30 +0000
Reply to: 81
Event: 032
Station: FC-09
Instrument: CTD
Attached: pH
Action: Deployed
Sounding: 0085
Sample_ID: 429685
End_Sample_ID: 429691
Wire Out: 
Depth: 
Author: SnookS
IMEI_No: 
WMO_No: 
S/N: S1221
Name: 
Comment: 
Time|Position: 2017-07-09 | 212010.00 | 46 59.9657 N | 50 0.0497 W
Cruise: 39176
PIC: Lewis, Sara
Protocol: AZMP
Platform: CCGS Teleost
Revisions: 09/Jul/2017 21:39:46
Attachment: 
Encoding: plain
========================================

$@MID@$: 79
Date: Sun, 09 Jul 2017 21:24:07 +0000
Reply to: 80
Event: 031
Station: FC-09
Instrument: Ring Net
Attached: 20um
Action: Deployed
Sounding: 0083
Sample_ID: 
End_Sample_ID: 
Wire Out: 
Depth: 
Author: HawkinsP
IMEI_No: 
WMO_No: 
S/N: 
Name: 
Comment: 
Time|Position: 2017-07-09 | 212348.00 | 46 59.9371 N | 50 0.073 W
Cruise: 39176
PIC: Lewis, Sara
Protocol: AZMP
Platform: CCGS Teleost
Revisions: 
Attachment: 
Encoding: plain
========================================

$@MID@$: 80
Date: Sun, 09 Jul 2017 21:25:36 +0000
In reply to: 79
Event: 031
Station: FC-09
Instrument: Ring Net
Attached: 20um
Action: Recovered
Sounding: 0083
Sample_ID: 
End_Sample_ID: 
Wire Out: 
Depth: 
Author: HawkinsP
IMEI_No: 
WMO_No: 
S/N: 
Name: 
Comment: 
Time|Position: 2017-07-09 | 212517.00 | 46 59.9305 N | 50 0.0687 W
Cruise: 39176
PIC: Lewis, Sara
Protocol: AZMP
Platform: CCGS Teleost
Revisions: 
Attachment: 
Encoding: plain
========================================

$@MID@$: 81
Date: Sun, 09 Jul 2017 21:29:03 +0000
Reply to: 82
In reply to: 78
Event: 032
Station: FC-09
Instrument: CTD
Attached: pH
Action: Bottom
Sounding: 0085
Sample_ID: 429685
End_Sample_ID: 429691
Wire Out: 
Depth: 
Author: SnookS
IMEI_No: 
WMO_No: 
S/N: S1221
Name: 
Comment: 
Time|Position: 2017-07-09 | 212844.00 | 46 59.921 N | 50 0.0722 W
Cruise: 39176
PIC: Lewis, Sara
Protocol: AZMP
Platform: CCGS Teleost
Revisions: 09/Jul/2017 21:39:53
Attachment: 
Encoding: plain
========================================

$@MID@$: 82
Date: Sun, 09 Jul 2017 21:37:51 +0000
In reply to: 81
Event: 032
Station: FC-09
Instrument: CTD
Attached: pH
Action: Recovered
Sounding: 0085
Sample_ID: 429685
End_Sample_ID: 429691
Wire Out: 
Depth: 
Author: SnookS
IMEI_No: 
WMO_No: 
S/N: S1221
Name: 
Comment: 
Time|Position: 2017-07-09 | 213732.00 | 46 59.9523 N | 50 0.1887 W
Cruise: 39176
PIC: Lewis, Sara
Protocol: AZMP
Platform: CCGS Teleost
Revisions: 09/Jul/2017 21:39:59
Attachment: 
Encoding: plain
========================================

$@MID@$: 83
Date: Sun, 09 Jul 2017 21:49:28 +0000
Reply to: 84
Event: 033
Station: FC-09
Instrument: Vertical Net
Attached: 70um/202um
Action: Deployed
Sounding: 0085
Sample_ID: 429685
End_Sample_ID: 
Wire Out: 
Depth: 
Author: HawkinsP
IMEI_No: 
WMO_No: 
S/N: 
Name: 
Comment: T3898
Time|Position: 2017-07-09 | 214908.00 | 46 59.8688 N | 50 0.2458 W
Cruise: 39176
PIC: Lewis, Sara
Protocol: AZMP
Platform: CCGS Teleost
Revisions: 09/Jul/2017 22:27:01
Attachment: 
Encoding: plain
========================================

$@MID@$: 84
Date: Sun, 09 Jul 2017 21:51:03 +0000
Reply to: 85
In reply to: 83
Event: 033
Station: FC-09
Instrument: Vertical Net
Attached: 70um/202um
Action: Bottom
Sounding: 0085
Sample_ID: 429685
End_Sample_ID: 
Wire Out: 
Depth: 
Author: HawkinsP
IMEI_No: 
WMO_No: 
S/N: 
Name: 
Comment: 
Time|Position: 2017-07-09 | 215044.00 | 46 59.858 N | 50 0.2457 W
Cruise: 39176
PIC: Lewis, Sara
Protocol: AZMP
Platform: CCGS Teleost
Revisions: 09/Jul/2017 22:27:11
Attachment: 
Encoding: plain
========================================

$@MID@$: 85
Date: Sun, 09 Jul 2017 21:53:21 +0000
In reply to: 84
Event: 033
Station: FC-09
Instrument: Vertical Net
Attached: 70um/202um
Action: Recovered
Sounding: 0085
Sample_ID: 429685
End_Sample_ID: 
Wire Out: 
Depth: 
Author: HawkinsP
IMEI_No: 
WMO_No: 
S/N: 
Name: 
Comment: 
Time|Position: 2017-07-09 | 215301.00 | 46 59.8329 N | 50 0.2465 W
Cruise: 39176
PIC: Lewis, Sara
Protocol: AZMP
Platform: CCGS Teleost
Revisions: 09/Jul/2017 22:27:21
Attachment: 
Encoding: plain
========================================

