$@MID@$: 869
Date: Fri, 28 Jul 2017 00:54:44 +0000
Reply to: 870
Event: 335
Station: C6TOS27-08
Instrument: XBT
Attached: T-06
Action: Deployed
Sounding: 0287
Sample_ID: 
End_Sample_ID: 
Wire Out: 
Depth: 
Author: PyeB
IMEI_No: 
WMO_No: 
S/N: 
Name: 
Comment: 
Time|Position: 2017-07-28 | 005342.00 | 49 44.5635 N | 52 59.9107 W
Cruise: 39176
PIC: Lewis, Sara
Protocol: AZMP
Platform: CCGS Teleost
Revisions: 
Attachment: 
Encoding: plain
========================================

$@MID@$: 870
Date: Fri, 28 Jul 2017 00:55:42 +0000
In reply to: 869
Event: 335
Station: C6TOS27-08
Instrument: XBT
Attached: T-06
Action: Bottom
Sounding: 0287
Sample_ID: 
End_Sample_ID: 
Wire Out: 
Depth: 
Author: PyeB
IMEI_No: 
WMO_No: 
S/N: 
Name: 
Comment: 
Time|Position: 2017-07-28 | 005440.00 | 49 44.3859 N | 52 59.866 W
Cruise: 39176
PIC: Lewis, Sara
Protocol: AZMP
Platform: CCGS Teleost
Revisions: 
Attachment: 
Encoding: plain
========================================

$@MID@$: 871
Date: Fri, 28 Jul 2017 03:00:23 +0000
Reply to: 872
Event: 336
Station: C6TOS27-09
Instrument: XBT
Attached: T-06
Action: Deployed
Sounding: 0294
Sample_ID: 
End_Sample_ID: 
Wire Out: 
Depth: 
Author: DoyleG
IMEI_No: 
WMO_No: 
S/N: 
Name: 
Comment: 
Time|Position: 2017-07-28 | 025921.00 | 49 21.5393 N | 52 55.167 W
Cruise: 39176
PIC: Lewis, Sara
Protocol: AZMP
Platform: CCGS Teleost
Revisions: 
Attachment: 
Encoding: plain
========================================

$@MID@$: 872
Date: Fri, 28 Jul 2017 03:01:34 +0000
In reply to: 871
Event: 336
Station: C6TOS27-09
Instrument: XBT
Attached: T-06
Action: Bottom
Sounding: 0294
Sample_ID: 
End_Sample_ID: 
Wire Out: 
Depth: 
Author: DoyleG
IMEI_No: 
WMO_No: 
S/N: 
Name: 
Comment: 
Time|Position: 2017-07-28 | 030032.00 | 49 21.3223 N | 52 55.1415 W
Cruise: 39176
PIC: Lewis, Sara
Protocol: AZMP
Platform: CCGS Teleost
Revisions: 
Attachment: 
Encoding: plain
========================================

$@MID@$: 873
Date: Fri, 28 Jul 2017 05:03:51 +0000
Reply to: 874
Event: 337
Station: C6TOS27-10
Instrument: XBT
Attached: T-06
Action: Deployed
Sounding: 0228
Sample_ID: 
End_Sample_ID: 
Wire Out: 
Depth: 
Author: DoyleG
IMEI_No: 
WMO_No: 
S/N: 
Name: 
Comment: 
Time|Position: 2017-07-28 | 050249.00 | 48 58.5274 N | 52 51.1745 W
Cruise: 39176
PIC: Lewis, Sara
Protocol: AZMP
Platform: CCGS Teleost
Revisions: 
Attachment: 
Encoding: plain
========================================

$@MID@$: 874
Date: Fri, 28 Jul 2017 05:04:44 +0000
In reply to: 873
Event: 337
Station: C6TOS27-10
Instrument: XBT
Attached: T-06
Action: Bottom
Sounding: 0228
Sample_ID: 
End_Sample_ID: 
Wire Out: 
Depth: 
Author: DoyleG
IMEI_No: 
WMO_No: 
S/N: 
Name: 
Comment: 
Time|Position: 2017-07-28 | 050341.00 | 48 58.3596 N | 52 51.1448 W
Cruise: 39176
PIC: Lewis, Sara
Protocol: AZMP
Platform: CCGS Teleost
Revisions: 
Attachment: 
Encoding: plain
========================================

$@MID@$: 875
Date: Fri, 28 Jul 2017 06:54:48 +0000
Reply to: 876
Event: 338
Station: C6TOS27-11
Instrument: XBT
Attached: T-06
Action: Deployed
Sounding: 0224
Sample_ID: 
End_Sample_ID: 
Wire Out: 
Depth: 
Author: HigdonJ
IMEI_No: 
WMO_No: 
S/N: 
Name: 
Comment: 
Time|Position: 2017-07-28 | 065345.00 | 48 37.2745 N | 52 50.0869 W
Cruise: 39176
PIC: Lewis, Sara
Protocol: AZMP
Platform: CCGS Teleost
Revisions: 
Attachment: 
Encoding: plain
========================================

$@MID@$: 876
Date: Fri, 28 Jul 2017 06:55:17 +0000
In reply to: 875
Event: 338
Station: C6TOS27-11
Instrument: XBT
Attached: T-06
Action: Bottom
Sounding: 0224
Sample_ID: 
End_Sample_ID: 
Wire Out: 
Depth: 
Author: HigdonJ
IMEI_No: 
WMO_No: 
S/N: 
Name: 
Comment: Was more shallow after deployment
Time|Position: 2017-07-28 | 065415.00 | 48 37.1846 N | 52 50.132 W
Cruise: 39176
PIC: Lewis, Sara
Protocol: AZMP
Platform: CCGS Teleost
Revisions: 28/Jul/2017 07:04:08
Attachment: 
Encoding: plain
========================================

$@MID@$: 877
Date: Fri, 28 Jul 2017 08:56:28 +0000
Reply to: 878
Event: 339
Station: C6TOS27-12
Instrument: XBT
Attached: T-10
Action: Deployed
Sounding: 0196
Sample_ID: 
End_Sample_ID: 
Wire Out: 
Depth: 
Author: HigdonJ
IMEI_No: 
WMO_No: 
S/N: 
Name: 
Comment: 
Time|Position: 2017-07-28 | 085526.00 | 48 15.4708 N | 52 43.8129 W
Cruise: 39176
PIC: Lewis, Sara
Protocol: AZMP
Platform: CCGS Teleost
Revisions: 
Attachment: 
Encoding: plain
========================================

$@MID@$: 878
Date: Fri, 28 Jul 2017 08:57:14 +0000
In reply to: 877
Event: 339
Station: C6TOS27-12
Instrument: XBT
Attached: T-10
Action: Bottom
Sounding: 0196
Sample_ID: 
End_Sample_ID: 
Wire Out: 
Depth: 
Author: HigdonJ
IMEI_No: 
WMO_No: 
S/N: 
Name: 
Comment: 
Time|Position: 2017-07-28 | 085612.00 | 48 15.3334 N | 52 43.784 W
Cruise: 39176
PIC: Lewis, Sara
Protocol: AZMP
Platform: CCGS Teleost
Revisions: 
Attachment: 
Encoding: plain
========================================

$@MID@$: 879
Date: Fri, 28 Jul 2017 11:08:04 +0000
Reply to: 880
Event: 340
Station: C6TOS27-13
Instrument: XBT
Attached: T-10
Action: Deployed
Sounding: 0170
Sample_ID: 
End_Sample_ID: 
Wire Out: 
Depth: 
Author: HigdonJ
IMEI_No: 
WMO_No: 
S/N: 
Name: 
Comment: 
Time|Position: 2017-07-28 | 110701.00 | 47 53.0929 N | 52 38.9729 W
Cruise: 39176
PIC: Lewis, Sara
Protocol: AZMP
Platform: CCGS Teleost
Revisions: 28/Jul/2017 11:08:35
Attachment: 
Encoding: plain
========================================

$@MID@$: 880
Date: Fri, 28 Jul 2017 11:08:50 +0000
In reply to: 879
Event: 340
Station: C6TOS27-13
Instrument: XBT
Attached: T-10
Action: Bottom
Sounding: 0170
Sample_ID: 
End_Sample_ID: 
Wire Out: 
Depth: 
Author: HigdonJ
IMEI_No: 
WMO_No: 
S/N: 
Name: 
Comment: 
Time|Position: 2017-07-28 | 110901.00 | 47 53.0929 N | 52 38.9729 W 
Cruise: 39176
PIC: Lewis, Sara
Protocol: AZMP
Platform: CCGS Teleost
Revisions: 28/Jul/2017 11:08:59
Attachment: 
Encoding: plain
========================================

$@MID@$: 881
Date: Fri, 28 Jul 2017 13:03:57 +0000
Reply to: 882
Event: 341
Station: S27-01
Instrument: Ring Net
Attached: 20um
Action: Deployed
Sounding: 178M
Sample_ID: 
End_Sample_ID: 
Wire Out: 
Depth: 
Author: RobarA
IMEI_No: 
WMO_No: 
S/N: 
Name: 
Comment: 30M
Time|Position: 2017-07-28 | 130255.00 | 47 32.4036 N | 52 34.8704 W
Cruise: 39176
PIC: Lewis, Sara
Protocol: AZMP
Platform: CCGS Teleost
Revisions: 
Attachment: 
Encoding: plain
========================================

$@MID@$: 882
Date: Fri, 28 Jul 2017 13:04:51 +0000
In reply to: 881
Event: 341
Station: S27-01
Instrument: Ring Net
Attached: 20um
Action: Recovered
Sounding: 178M
Sample_ID: 
End_Sample_ID: 
Wire Out: 
Depth: 
Author: RobarA
IMEI_No: 
WMO_No: 
S/N: 
Name: 
Comment: 30M
Time|Position: 2017-07-28 | 130349.00 | 47 32.3919 N | 52 34.8698 W
Cruise: 39176
PIC: Lewis, Sara
Protocol: AZMP
Platform: CCGS Teleost
Revisions: 
Attachment: 
Encoding: plain
========================================

$@MID@$: 883
Date: Fri, 28 Jul 2017 13:10:12 +0000
Reply to: 884
Event: 341
Station: S27-01
Instrument: CTD
Attached: pH
Action: Deployed
Sounding: 0178
Sample_ID: 430400
End_Sample_ID: 430409
Wire Out: 
Depth: 
Author: HigdonJ
IMEI_No: 
WMO_No: 
S/N: S1221
Name: 
Comment: 
Time|Position: 2017-07-28 | 130910.00 | 47 32.3159 N | 52 34.857 W
Cruise: 39176
PIC: Lewis, Sara
Protocol: AZMP
Platform: CCGS Teleost
Revisions: 
Attachment: 
Encoding: plain
========================================

$@MID@$: 884
Date: Fri, 28 Jul 2017 13:13:19 +0000
Reply to: 885
In reply to: 883
Event: 341
Station: S27-01
Instrument: CTD
Attached: pH
Action: Bottom
Sounding: 0178
Sample_ID: 430400
End_Sample_ID: 430409
Wire Out: 
Depth: 
Author: HigdonJ
IMEI_No: 
WMO_No: 
S/N: S1221
Name: 
Comment: 
Time|Position: 2017-07-28 | 131216.00 | 47 32.2597 N | 52 34.8422 W
Cruise: 39176
PIC: Lewis, Sara
Protocol: AZMP
Platform: CCGS Teleost
Revisions: 
Attachment: 
Encoding: plain
========================================

$@MID@$: 885
Date: Fri, 28 Jul 2017 13:27:21 +0000
In reply to: 884
Event: 341
Station: S27-01
Instrument: CTD
Attached: pH
Action: Recovered
Sounding: 0178
Sample_ID: 430400
End_Sample_ID: 430409
Wire Out: 
Depth: 
Author: HigdonJ
IMEI_No: 
WMO_No: 
S/N: S1221
Name: 
Comment: 
Time|Position: 2017-07-28 | 132619.00 | 47 32.0462 N | 52 34.7616 W
Cruise: 39176
PIC: Lewis, Sara
Protocol: AZMP
Platform: CCGS Teleost
Revisions: 
Attachment: 
Encoding: plain
========================================

$@MID@$: 886
Date: Fri, 28 Jul 2017 13:40:11 +0000
Reply to: 887
Event: 342
Station: S27-01
Instrument: Vertical Net
Attached: 70um/202um
Action: Deployed
Sounding: 178M
Sample_ID: 430400
End_Sample_ID: 
Wire Out: 
Depth: 
Author: SullivanD
IMEI_No: 
WMO_No: 
S/N: 
Name: 
Comment: T3969
Time|Position: 2017-07-28 | 133909.00 | 47 32.6092 N | 52 35.1641 W
Cruise: 39176
PIC: Lewis, Sara
Protocol: AZMP
Platform: CCGS Teleost
Revisions: 
Attachment: 
Encoding: plain
========================================

$@MID@$: 887
Date: Fri, 28 Jul 2017 13:46:30 +0000
Reply to: 888
In reply to: 886
Event: 342
Station: S27-01
Instrument: Vertical Net
Attached: 70um/202um
Action: Bottom
Sounding: 178M
Sample_ID: 430400
End_Sample_ID: 
Wire Out: 
Depth: 
Author: SullivanD
IMEI_No: 
WMO_No: 
S/N: 
Name: 
Comment: 
Time|Position: 2017-07-28 | 134528.00 | 47 32.5112 N | 52 35.1243 W
Cruise: 39176
PIC: Lewis, Sara
Protocol: AZMP
Platform: CCGS Teleost
Revisions: 
Attachment: 
Encoding: plain
========================================

$@MID@$: 888
Date: Fri, 28 Jul 2017 13:52:37 +0000
In reply to: 887
Event: 342
Station: S27-01
Instrument: Vertical Net
Attached: 70um/202um
Action: Recovered
Sounding: 178M
Sample_ID: 430400
End_Sample_ID: 
Wire Out: 
Depth: 
Author: SullivanD
IMEI_No: 
WMO_No: 
S/N: 
Name: 
Comment: 
Time|Position: 2017-07-28 | 135134.00 | 47 32.4266 N | 52 35.1098 W
Cruise: 39176
PIC: Lewis, Sara
Protocol: AZMP
Platform: CCGS Teleost
Revisions: 
Attachment: 
Encoding: plain
========================================

$@MID@$: 889
Date: Fri, 28 Jul 2017 14:00:19 +0000
Reply to: 890
Event: 343
Station: S27-01
Instrument: Vertical Net
Attached: Dual 202um
Action: Deployed
Sounding: 0178
Sample_ID: 430400
End_Sample_ID: 
Wire Out: 
Depth: 
Author: SullivanD
IMEI_No: 
WMO_No: 
S/N: 
Name: 
Comment: T3969 LIPIDS ONLY
Time|Position: 2017-07-28 | 135917.00 | 47 32.323 N | 52 35.0615 W
Cruise: 39176
PIC: Lewis, Sara
Protocol: AZMP
Platform: CCGS Teleost
Revisions: 
Attachment: 
Encoding: plain
========================================

$@MID@$: 890
Date: Fri, 28 Jul 2017 14:06:26 +0000
Reply to: 891
In reply to: 889
Event: 343
Station: S27-01
Instrument: Vertical Net
Attached: Dual 202um
Action: Bottom
Sounding: 0178
Sample_ID: 430400
End_Sample_ID: 
Wire Out: 
Depth: 
Author: SullivanD
IMEI_No: 
WMO_No: 
S/N: 
Name: 
Comment: 
Time|Position: 2017-07-28 | 140524.00 | 47 32.246 N | 52 35.0041 W
Cruise: 39176
PIC: Lewis, Sara
Protocol: AZMP
Platform: CCGS Teleost
Revisions: 
Attachment: 
Encoding: plain
========================================

$@MID@$: 891
Date: Fri, 28 Jul 2017 14:15:36 +0000
In reply to: 890
Event: 343
Station: S27-01
Instrument: Vertical Net
Attached: Dual 202um
Action: Recovered
Sounding: 0178
Sample_ID: 430400
End_Sample_ID: 
Wire Out: 
Depth: 
Author: SullivanD
IMEI_No: 
WMO_No: 
S/N: 
Name: 
Comment: 
Time|Position: 2017-07-28 | 141434.00 | 47 32.1429 N | 52 34.9011 W
Cruise: 39176
PIC: Lewis, Sara
Protocol: AZMP
Platform: CCGS Teleost
Revisions: 
Attachment: 
Encoding: plain
========================================

