$@MID@$: 461
Date: Tue, 09 Jul 2019 00:12:47 +0000
In reply to: 460
Event: 169
Station: SI-06
Instrument: CTD
Attached: pH
Action: Recovered
Sounding: 0164
Sample_ID: 434409
End_Sample_ID: 434419
Wire Out: 
Depth: 
Author: RastinS
Seq_Number: 39200103
IMEI_No: 
WMO_No: 
S/N: S1221
Name: 
Comment: 
Time|Position: 2019-07-09 | 001203.00 | 53 45.7862 N | 54 46.6725 W
Cruise: 39200
PI: Snook, Steve
Protocol: AZMP
Platform: CCGS Teleost
Revisions: 08/Jul/2019 23:50:04
Attachment: 
Encoding: plain
========================================

$@MID@$: 462
Date: Tue, 09 Jul 2019 01:43:00 +0000
Reply to: 463
Event: 170
Station: SI-07
Instrument: CTD
Attached: pH
Action: Deployed
Sounding: 0176
Sample_ID: 
End_Sample_ID: 
Wire Out: 
Depth: 
Author: RastinS
Seq_Number: 39200104
IMEI_No: 
WMO_No: 
S/N: S1221
Name: 
Comment: 
Time|Position: 2019-07-09 | 014215.00 | 53 55.1076 N | 54 30.1649 W
Cruise: 39200
PI: Snook, Steve
Protocol: AZMP
Platform: CCGS Teleost
Revisions: 
Attachment: 
Encoding: plain
========================================

$@MID@$: 463
Date: Tue, 09 Jul 2019 01:46:55 +0000
Reply to: 464
In reply to: 462
Event: 170
Station: SI-07
Instrument: CTD
Attached: pH
Action: Bottom
Sounding: 0176
Sample_ID: 
End_Sample_ID: 
Wire Out: 
Depth: 
Author: RastinS
Seq_Number: 39200104
IMEI_No: 
WMO_No: 
S/N: S1221
Name: 
Comment: 
Time|Position: 2019-07-09 | 014610.00 | 53 55.1373 N | 54 30.1683 W
Cruise: 39200
PI: Snook, Steve
Protocol: AZMP
Platform: CCGS Teleost
Revisions: 
Attachment: 
Encoding: plain
========================================

$@MID@$: 464
Date: Tue, 09 Jul 2019 01:52:02 +0000
In reply to: 463
Event: 170
Station: SI-07
Instrument: CTD
Attached: pH
Action: Recovered
Sounding: 0176
Sample_ID: 
End_Sample_ID: 
Wire Out: 
Depth: 
Author: RastinS
Seq_Number: 39200104
IMEI_No: 
WMO_No: 
S/N: S1221
Name: 
Comment: 
Time|Position: 2019-07-09 | 015118.00 | 53 55.1785 N | 54 30.1567 W
Cruise: 39200
PI: Snook, Steve
Protocol: AZMP
Platform: CCGS Teleost
Revisions: 
Attachment: 
Encoding: plain
========================================

$@MID@$: 465
Date: Tue, 09 Jul 2019 03:49:27 +0000
Reply to: 466
Event: 171
Station: SI-08
Instrument: CTD
Attached: pH
Action: Deployed
Sounding: 0192
Sample_ID: 434420
End_Sample_ID: 434429
Wire Out: 
Depth: 
Author: DoodyR
Seq_Number: 39200105
IMEI_No: 
WMO_No: 
S/N: S1221
Name: 
Comment: 
Time|Position: 2019-07-09 | 034843.00 | 54 4.8827 N | 54 13.0139 W
Cruise: 39200
PI: Snook, Steve
Protocol: AZMP
Platform: CCGS Teleost
Revisions: 
Attachment: 
Encoding: plain
========================================

$@MID@$: 466
Date: Tue, 09 Jul 2019 03:53:15 +0000
Reply to: 467
In reply to: 465
Event: 171
Station: SI-08
Instrument: CTD
Attached: pH
Action: Bottom
Sounding: 0192
Sample_ID: 434420
End_Sample_ID: 434429
Wire Out: 
Depth: 
Author: DoodyR
Seq_Number: 39200105
IMEI_No: 
WMO_No: 
S/N: S1221
Name: 
Comment: 
Time|Position: 2019-07-09 | 035230.00 | 54 4.8884 N | 54 13.0544 W
Cruise: 39200
PI: Snook, Steve
Protocol: AZMP
Platform: CCGS Teleost
Revisions: 
Attachment: 
Encoding: plain
========================================

$@MID@$: 467
Date: Tue, 09 Jul 2019 04:10:19 +0000
In reply to: 466
Event: 171
Station: SI-08
Instrument: CTD
Attached: pH
Action: Recovered
Sounding: 0192
Sample_ID: 434420
End_Sample_ID: 434429
Wire Out: 
Depth: 
Author: DoodyR
Seq_Number: 39200105
IMEI_No: 
WMO_No: 
S/N: S1221
Name: 
Comment: 
Time|Position: 2019-07-09 | 040935.00 | 54 4.9197 N | 54 13.1816 W
Cruise: 39200
PI: Snook, Steve
Protocol: AZMP
Platform: CCGS Teleost
Revisions: 
Attachment: 
Encoding: plain
========================================

$@MID@$: 468
Date: Tue, 09 Jul 2019 04:17:12 +0000
Reply to: 469
Event: 172
Station: SI-08
Instrument: RingNet
Attached: 70um/202um
Action: Deployed
Sounding: 0191
Sample_ID: 434420
End_Sample_ID: 
Wire Out: 0181
Depth: 
Author: CoffeyW
Seq_Number: 39200105
IMEI_No: 
WMO_No: 
S/N: 
Name: 
Comment: T4311
Time|Position: 2019-07-09 | 041628.00 | 54 4.9285 N | 54 13.1917 W
Cruise: 39200
PI: Snook, Steve
Protocol: AZMP
Platform: CCGS Teleost
Revisions: 
Attachment: 
Encoding: plain
========================================

$@MID@$: 469
Date: Tue, 09 Jul 2019 04:24:16 +0000
Reply to: 470
In reply to: 468
Event: 172
Station: SI-08
Instrument: RingNet
Attached: 70um/202um
Action: Bottom
Sounding: 0191
Sample_ID: 434420
End_Sample_ID: 
Wire Out: 0181
Depth: 
Author: CoffeyW
Seq_Number: 39200105
IMEI_No: 
WMO_No: 
S/N: 
Name: 
Comment: T4311
Time|Position: 2019-07-09 | 042332.00 | 54 4.9349 N | 54 13.2422 W
Cruise: 39200
PI: Snook, Steve
Protocol: AZMP
Platform: CCGS Teleost
Revisions: 
Attachment: 
Encoding: plain
========================================

$@MID@$: 470
Date: Tue, 09 Jul 2019 04:32:28 +0000
In reply to: 469
Event: 172
Station: SI-08
Instrument: RingNet
Attached: 70um/202um
Action: Recovered
Sounding: 0191
Sample_ID: 434420
End_Sample_ID: 
Wire Out: 0181
Depth: 
Author: CoffeyW
Seq_Number: 39200105
IMEI_No: 
WMO_No: 
S/N: 
Name: 
Comment: T4311
Time|Position: 2019-07-09 | 043144.00 | 54 4.9632 N | 54 13.2612 W
Cruise: 39200
PI: Snook, Steve
Protocol: AZMP
Platform: CCGS Teleost
Revisions: 
Attachment: 
Encoding: plain
========================================

$@MID@$: 471
Date: Tue, 09 Jul 2019 06:01:58 +0000
Reply to: 472
Event: 173
Station: SI-09
Instrument: CTD
Attached: pH
Action: Deployed
Sounding: 0215
Sample_ID: 434430
End_Sample_ID: 434439
Wire Out: 
Depth: 
Author: PyeB
Seq_Number: 39200106
IMEI_No: 
WMO_No: 
S/N: S1221
Name: 
Comment: 
Time|Position: 2019-07-09 | 060113.00 | 54 12.0152 N | 53 59.9723 W
Cruise: 39200
PI: Snook, Steve
Protocol: AZMP
Platform: CCGS Teleost
Revisions: 
Attachment: 
Encoding: plain
========================================

$@MID@$: 472
Date: Tue, 09 Jul 2019 06:06:38 +0000
Reply to: 473
In reply to: 471
Event: 173
Station: SI-09
Instrument: CTD
Attached: pH
Action: Bottom
Sounding: 0215
Sample_ID: 434430
End_Sample_ID: 434439
Wire Out: 
Depth: 
Author: PyeB
Seq_Number: 39200106
IMEI_No: 
WMO_No: 
S/N: S1221
Name: 
Comment: 
Time|Position: 2019-07-09 | 060554.00 | 54 12.0157 N | 53 59.9263 W
Cruise: 39200
PI: Snook, Steve
Protocol: AZMP
Platform: CCGS Teleost
Revisions: 
Attachment: 
Encoding: plain
========================================

$@MID@$: 473
Date: Tue, 09 Jul 2019 06:25:12 +0000
In reply to: 472
Event: 173
Station: SI-09
Instrument: CTD
Attached: pH
Action: Recovered
Sounding: 0215
Sample_ID: 434430
End_Sample_ID: 434439
Wire Out: 
Depth: 
Author: PyeB
Seq_Number: 39200106
IMEI_No: 
WMO_No: 
S/N: S1221
Name: 
Comment: 
Time|Position: 2019-07-09 | 062427.00 | 54 11.9783 N | 53 59.8652 W
Cruise: 39200
PI: Snook, Steve
Protocol: AZMP
Platform: CCGS Teleost
Revisions: 
Attachment: 
Encoding: plain
========================================

$@MID@$: 474
Date: Tue, 09 Jul 2019 06:31:58 +0000
Reply to: 475
Event: 174
Station: SI-09
Instrument: RingNet
Attached: Dual 202um
Action: Deployed
Sounding: 0218
Sample_ID: 434439
End_Sample_ID: 
Wire Out: 0208
Depth: 
Author: CoffeyW
Seq_Number: 39200106
IMEI_No: 
WMO_No: 
S/N: 
Name: 
Comment: T4312
Time|Position: 2019-07-09 | 063114.00 | 54 11.9531 N | 53 59.8601 W
Cruise: 39200
PI: Snook, Steve
Protocol: AZMP
Platform: CCGS Teleost
Revisions: 
Attachment: 
Encoding: plain
========================================

$@MID@$: 475
Date: Tue, 09 Jul 2019 06:40:25 +0000
Reply to: 476
In reply to: 474
Event: 174
Station: SI-09
Instrument: RingNet
Attached: Dual 202um
Action: Bottom
Sounding: 0218
Sample_ID: 434439
End_Sample_ID: 
Wire Out: 0208
Depth: 
Author: CoffeyW
Seq_Number: 39200106
IMEI_No: 
WMO_No: 
S/N: 
Name: 
Comment: T4312
Time|Position: 2019-07-09 | 063941.00 | 54 11.9049 N | 53 59.887 W
Cruise: 39200
PI: Snook, Steve
Protocol: AZMP
Platform: CCGS Teleost
Revisions: 
Attachment: 
Encoding: plain
========================================

$@MID@$: 476
Date: Tue, 09 Jul 2019 06:50:20 +0000
In reply to: 475
Event: 174
Station: SI-09
Instrument: RingNet
Attached: Dual 202um
Action: Recovered
Sounding: 0218
Sample_ID: 434439
End_Sample_ID: 
Wire Out: 0208
Depth: 
Author: CoffeyW
Seq_Number: 39200106
IMEI_No: 
WMO_No: 
S/N: 
Name: 
Comment: T4312
Time|Position: 2019-07-09 | 064936.00 | 54 11.9024 N | 54 0.0829 W
Cruise: 39200
PI: Snook, Steve
Protocol: AZMP
Platform: CCGS Teleost
Revisions: 
Attachment: 
Encoding: plain
========================================

$@MID@$: 477
Date: Tue, 09 Jul 2019 08:25:09 +0000
Reply to: 478
Event: 175
Station: SI-10
Instrument: CTD
Attached: pH
Action: Deployed
Sounding: 0235
Sample_ID: 434440
End_Sample_ID: 434449
Wire Out: 
Depth: 
Author: PyeB
Seq_Number: 39200107
IMEI_No: 
WMO_No: 
S/N: S1221
Name: 
Comment: 
Time|Position: 2019-07-09 | 082424.00 | 54 21.2093 N | 53 43.7991 W
Cruise: 39200
PI: Snook, Steve
Protocol: AZMP
Platform: CCGS Teleost
Revisions: 
Attachment: 
Encoding: plain
========================================

$@MID@$: 478
Date: Tue, 09 Jul 2019 08:29:02 +0000
Reply to: 479
In reply to: 477
Event: 175
Station: SI-10
Instrument: CTD
Attached: pH
Action: Bottom
Sounding: 0235
Sample_ID: 434440
End_Sample_ID: 434449
Wire Out: 
Depth: 
Author: PyeB
Seq_Number: 39200107
IMEI_No: 
WMO_No: 
S/N: S1221
Name: 
Comment: 
Time|Position: 2019-07-09 | 082818.00 | 54 21.1964 N | 53 43.7353 W
Cruise: 39200
PI: Snook, Steve
Protocol: AZMP
Platform: CCGS Teleost
Revisions: 
Attachment: 
Encoding: plain
========================================

$@MID@$: 479
Date: Tue, 09 Jul 2019 08:46:15 +0000
In reply to: 478
Event: 175
Station: SI-10
Instrument: CTD
Attached: pH
Action: Recovered
Sounding: 0235
Sample_ID: 434440
End_Sample_ID: 434449
Wire Out: 
Depth: 
Author: PyeB
Seq_Number: 39200107
IMEI_No: 
WMO_No: 
S/N: S1221
Name: 
Comment: 
Time|Position: 2019-07-09 | 084531.00 | 54 21.122 N | 53 43.4235 W
Cruise: 39200
PI: Snook, Steve
Protocol: AZMP
Platform: CCGS Teleost
Revisions: 
Attachment: 
Encoding: plain
========================================

$@MID@$: 480
Date: Tue, 09 Jul 2019 08:52:18 +0000
Reply to: 481
Event: 176
Station: SI-10
Instrument: RingNet
Attached: 70um/202um
Action: Deployed
Sounding: 0235
Sample_ID: 434440
End_Sample_ID: 
Wire Out: 0225
Depth: 
Author: CoffeyW
Seq_Number: 39200107
IMEI_No: 
WMO_No: 
S/N: 
Name: 
Comment: T4313
Time|Position: 2019-07-09 | 085134.00 | 54 21.0738 N | 53 43.3225 W
Cruise: 39200
PI: Snook, Steve
Protocol: AZMP
Platform: CCGS Teleost
Revisions: 
Attachment: 
Encoding: plain
========================================

$@MID@$: 481
Date: Tue, 09 Jul 2019 08:59:51 +0000
Reply to: 482
In reply to: 480
Event: 176
Station: SI-10
Instrument: RingNet
Attached: 70um/202um
Action: Bottom
Sounding: 0235
Sample_ID: 434440
End_Sample_ID: 
Wire Out: 0225
Depth: 
Author: CoffeyW
Seq_Number: 39200107
IMEI_No: 
WMO_No: 
S/N: 
Name: 
Comment: T4313
Time|Position: 2019-07-09 | 085907.00 | 54 21.0585 N | 53 43.1896 W
Cruise: 39200
PI: Snook, Steve
Protocol: AZMP
Platform: CCGS Teleost
Revisions: 
Attachment: 
Encoding: plain
========================================

$@MID@$: 482
Date: Tue, 09 Jul 2019 09:09:10 +0000
In reply to: 481
Event: 176
Station: SI-10
Instrument: RingNet
Attached: 70um/202um
Action: Recovered
Sounding: 0235
Sample_ID: 434440
End_Sample_ID: 
Wire Out: 0225
Depth: 
Author: CoffeyW
Seq_Number: 39200107
IMEI_No: 
WMO_No: 
S/N: 
Name: 
Comment: T4313
Time|Position: 2019-07-09 | 090825.00 | 54 21.0157 N | 53 43.0445 W
Cruise: 39200
PI: Snook, Steve
Protocol: AZMP
Platform: CCGS Teleost
Revisions: 
Attachment: 
Encoding: plain
========================================

$@MID@$: 483
Date: Tue, 09 Jul 2019 10:39:39 +0000
Reply to: 484
Event: 177
Station: SI-11
Instrument: CTD
Attached: pH
Action: Deployed
Sounding: 0320
Sample_ID: 
End_Sample_ID: 
Wire Out: 
Depth: 
Author: DoodyR
Seq_Number: 39200108
IMEI_No: 
WMO_No: 
S/N: S1221
Name: 
Comment: 
Time|Position: 2019-07-09 | 103854.00 | 54 29.8372 N | 53 29.9666 W
Cruise: 39200
PI: Snook, Steve
Protocol: AZMP
Platform: CCGS Teleost
Revisions: 
Attachment: 
Encoding: plain
========================================

$@MID@$: 484
Date: Tue, 09 Jul 2019 10:47:18 +0000
Reply to: 485
In reply to: 483
Event: 177
Station: SI-11
Instrument: CTD
Attached: pH
Action: Bottom
Sounding: 0320
Sample_ID: 
End_Sample_ID: 
Wire Out: 
Depth: 
Author: DoodyR
Seq_Number: 39200108
IMEI_No: 
WMO_No: 
S/N: S1221
Name: 
Comment: 
Time|Position: 2019-07-09 | 104633.00 | 54 29.7853 N | 53 30.0517 W
Cruise: 39200
PI: Snook, Steve
Protocol: AZMP
Platform: CCGS Teleost
Revisions: 
Attachment: 
Encoding: plain
========================================

$@MID@$: 485
Date: Tue, 09 Jul 2019 10:53:48 +0000
In reply to: 484
Event: 177
Station: SI-11
Instrument: CTD
Attached: pH
Action: Recovered
Sounding: 0320
Sample_ID: 
End_Sample_ID: 
Wire Out: 
Depth: 
Author: DoodyR
Seq_Number: 39200108
IMEI_No: 
WMO_No: 
S/N: S1221
Name: 
Comment: 
Time|Position: 2019-07-09 | 105303.00 | 54 29.73 N | 53 30.1436 W
Cruise: 39200
PI: Snook, Steve
Protocol: AZMP
Platform: CCGS Teleost
Revisions: 
Attachment: 
Encoding: plain
========================================

$@MID@$: 486
Date: Tue, 09 Jul 2019 12:24:22 +0000
Reply to: 487
Event: 178
Station: SI-12
Instrument: CTD
Attached: pH
Action: Deployed
Sounding: 0680
Sample_ID: 434450
End_Sample_ID: 434461
Wire Out: 
Depth: 
Author: DoodyR
Seq_Number: 39200109
IMEI_No: 
WMO_No: 
S/N: S1221
Name: 
Comment: 
Time|Position: 2019-07-09 | 122338.00 | 54 37.7862 N | 53 14.9233 W
Cruise: 39200
PI: Snook, Steve
Protocol: AZMP
Platform: CCGS Teleost
Revisions: 
Attachment: 
Encoding: plain
========================================

$@MID@$: 487
Date: Tue, 09 Jul 2019 12:41:04 +0000
Reply to: 488
In reply to: 486
Event: 178
Station: SI-12
Instrument: CTD
Attached: pH
Action: Bottom
Sounding: 0680
Sample_ID: 434450
End_Sample_ID: 434461
Wire Out: 
Depth: 
Author: DoodyR
Seq_Number: 39200109
IMEI_No: 
WMO_No: 
S/N: S1221
Name: 
Comment: 
Time|Position: 2019-07-09 | 124020.00 | 54 37.5721 N | 53 14.9362 W
Cruise: 39200
PI: Snook, Steve
Protocol: AZMP
Platform: CCGS Teleost
Revisions: 
Attachment: 
Encoding: plain
========================================

$@MID@$: 488
Date: Tue, 09 Jul 2019 13:09:48 +0000
In reply to: 487
Event: 178
Station: SI-12
Instrument: CTD
Attached: pH
Action: Recovered
Sounding: 0680
Sample_ID: 434450
End_Sample_ID: 434461
Wire Out: 
Depth: 
Author: DoodyR
Seq_Number: 39200109
IMEI_No: 
WMO_No: 
S/N: S1221
Name: 
Comment: 
Time|Position: 2019-07-09 | 130904.00 | 54 37.3495 N | 53 15.0067 W
Cruise: 39200
PI: Snook, Steve
Protocol: AZMP
Platform: CCGS Teleost
Revisions: 
Attachment: 
Encoding: plain
========================================

$@MID@$: 489
Date: Tue, 09 Jul 2019 13:16:59 +0000
Reply to: 490
Event: 179
Station: SI-12
Instrument: RingNet
Attached: Dual 202um
Action: Deployed
Sounding: 0684
Sample_ID: 434459
End_Sample_ID: 
Wire Out: 0674
Depth: 
Author: CoffeyW
Seq_Number: 39200109
IMEI_No: 
WMO_No: 
S/N: 
Name: 
Comment: T4314
Time|Position: 2019-07-09 | 131615.00 | 54 37.2928 N | 53 14.9618 W
Cruise: 39200
PI: Snook, Steve
Protocol: AZMP
Platform: CCGS Teleost
Revisions: 
Attachment: 
Encoding: plain
========================================

$@MID@$: 490
Date: Tue, 09 Jul 2019 13:40:59 +0000
Reply to: 491
In reply to: 489
Event: 179
Station: SI-12
Instrument: RingNet
Attached: Dual 202um
Action: Bottom
Sounding: 0684
Sample_ID: 434459
End_Sample_ID: 
Wire Out: 0674
Depth: 
Author: CoffeyW
Seq_Number: 39200109
IMEI_No: 
WMO_No: 
S/N: 
Name: 
Comment: T4314
Time|Position: 2019-07-09 | 134014.00 | 54 37.0471 N | 53 14.9876 W
Cruise: 39200
PI: Snook, Steve
Protocol: AZMP
Platform: CCGS Teleost
Revisions: 
Attachment: 
Encoding: plain
========================================

$@MID@$: 491
Date: Tue, 09 Jul 2019 14:08:36 +0000
In reply to: 490
Event: 179
Station: SI-12
Instrument: RingNet
Attached: Dual 202um
Action: Recovered
Sounding: 0684
Sample_ID: 434459
End_Sample_ID: 
Wire Out: 0674
Depth: 
Author: CoffeyW
Seq_Number: 39200109
IMEI_No: 
WMO_No: 
S/N: 
Name: 
Comment: T4314
Time|Position: 2019-07-09 | 140752.00 | 54 36.8214 N | 53 14.8661 W
Cruise: 39200
PI: Snook, Steve
Protocol: AZMP
Platform: CCGS Teleost
Revisions: 
Attachment: 
Encoding: plain
========================================

$@MID@$: 492
Date: Tue, 09 Jul 2019 15:52:45 +0000
Reply to: 493
Event: 180
Station: SI-13
Instrument: CTD
Attached: pH
Action: Deployed
Sounding: 1058
Sample_ID: 434462
End_Sample_ID: 434473
Wire Out: 
Depth: 
Author: RamsayD
Seq_Number: 39200110
IMEI_No: 
WMO_No: 
S/N: S1221
Name: 
Comment: 
Time|Position: 2019-07-09 | 155201.00 | 54 47.0279 N | 52 59.9285 W
Cruise: 39200
PI: Snook, Steve
Protocol: AZMP
Platform: CCGS Teleost
Revisions: 
Attachment: 
Encoding: plain
========================================

$@MID@$: 493
Date: Tue, 09 Jul 2019 16:20:33 +0000
Reply to: 494
In reply to: 492
Event: 180
Station: SI-13
Instrument: CTD
Attached: pH
Action: Bottom
Sounding: 1058
Sample_ID: 434462
End_Sample_ID: 434473
Wire Out: 
Depth: 
Author: RamsayD
Seq_Number: 39200110
IMEI_No: 
WMO_No: 
S/N: S1221
Name: 
Comment: 
Time|Position: 2019-07-09 | 161949.00 | 54 47.1018 N | 52 59.7907 W
Cruise: 39200
PI: Snook, Steve
Protocol: AZMP
Platform: CCGS Teleost
Revisions: 
Attachment: 
Encoding: plain
========================================

$@MID@$: 494
Date: Tue, 09 Jul 2019 17:03:10 +0000
In reply to: 493
Event: 180
Station: SI-13
Instrument: CTD
Attached: pH
Action: Recovered
Sounding: 1058
Sample_ID: 434462
End_Sample_ID: 434473
Wire Out: 
Depth: 
Author: RamsayD
Seq_Number: 39200110
IMEI_No: 
WMO_No: 
S/N: S1221
Name: 
Comment: 
Time|Position: 2019-07-09 | 170225.00 | 54 47.112 N | 52 59.5063 W
Cruise: 39200
PI: Snook, Steve
Protocol: AZMP
Platform: CCGS Teleost
Revisions: 
Attachment: 
Encoding: plain
========================================

$@MID@$: 495
Date: Tue, 09 Jul 2019 17:10:50 +0000
Reply to: 496
Event: 181
Station: SI-13
Instrument: RingNet
Attached: Dual 202um
Action: Deployed
Sounding: 1070
Sample_ID: 434473
End_Sample_ID: 
Wire Out: 1000
Depth: 
Author: BelangerD
Seq_Number: 39200110
IMEI_No: 
WMO_No: 
S/N: 
Name: 
Comment: T4315
Time|Position: 2019-07-09 | 171006.00 | 54 47.0796 N | 52 59.4082 W
Cruise: 39200
PI: Snook, Steve
Protocol: AZMP
Platform: CCGS Teleost
Revisions: 
Attachment: 
Encoding: plain
========================================

$@MID@$: 496
Date: Tue, 09 Jul 2019 17:48:57 +0000
Reply to: 497
In reply to: 495
Event: 181
Station: SI-13
Instrument: RingNet
Attached: Dual 202um
Action: Bottom
Sounding: 1070
Sample_ID: 434473
End_Sample_ID: 
Wire Out: 1000
Depth: 
Author: BelangerD
Seq_Number: 39200110
IMEI_No: 
WMO_No: 
S/N: 
Name: 
Comment: T4315
Time|Position: 2019-07-09 | 174813.00 | 54 46.6114 N | 52 59.2542 W
Cruise: 39200
PI: Snook, Steve
Protocol: AZMP
Platform: CCGS Teleost
Revisions: 
Attachment: 
Encoding: plain
========================================

$@MID@$: 497
Date: Tue, 09 Jul 2019 18:23:02 +0000
In reply to: 496
Event: 181
Station: SI-13
Instrument: RingNet
Attached: Dual 202um
Action: Recovered
Sounding: 1070
Sample_ID: 434473
End_Sample_ID: 
Wire Out: 1000
Depth: 
Author: BelangerD
Seq_Number: 39200110
IMEI_No: 
WMO_No: 
S/N: 
Name: 
Comment: T4315
Time|Position: 2019-07-09 | 182217.00 | 54 46.3974 N | 52 59.1424 W
Cruise: 39200
PI: Snook, Steve
Protocol: AZMP
Platform: CCGS Teleost
Revisions: 
Attachment: 
Encoding: plain
========================================

$@MID@$: 498
Date: Tue, 09 Jul 2019 20:59:13 +0000
Reply to: 499
Event: 182
Station: SI-14
Instrument: RingNet
Attached: Dual 202um
Action: Deployed
Sounding: 2645
Sample_ID: 434485
End_Sample_ID: 
Wire Out: 1000
Depth: 
Author: BelangerD
Seq_Number: 39200111
IMEI_No: 
WMO_No: 
S/N: 
Name: 
Comment: T4316
Time|Position: 2019-07-09 | 205829.00 | 55 3.9104 N | 52 30.0352 W
Cruise: 39200
PI: Snook, Steve
Protocol: AZMP
Platform: CCGS Teleost
Revisions: 
Attachment: 
Encoding: plain
========================================

$@MID@$: 499
Date: Tue, 09 Jul 2019 21:33:26 +0000
Reply to: 500
In reply to: 498
Event: 182
Station: SI-14
Instrument: RingNet
Attached: Dual 202um
Action: Bottom
Sounding: 2645
Sample_ID: 434485
End_Sample_ID: 
Wire Out: 1000
Depth: 
Author: BelangerD
Seq_Number: 39200111
IMEI_No: 
WMO_No: 
S/N: 
Name: 
Comment: T4316
Time|Position: 2019-07-09 | 213242.00 | 55 3.8288 N | 52 30.2179 W
Cruise: 39200
PI: Snook, Steve
Protocol: AZMP
Platform: CCGS Teleost
Revisions: 
Attachment: 
Encoding: plain
========================================

$@MID@$: 500
Date: Tue, 09 Jul 2019 22:04:20 +0000
In reply to: 499
Event: 182
Station: SI-14
Instrument: RingNet
Attached: Dual 202um
Action: Recovered
Sounding: 2645
Sample_ID: 434485
End_Sample_ID: 
Wire Out: 1000
Depth: 
Author: BelangerD
Seq_Number: 39200111
IMEI_No: 
WMO_No: 
S/N: 
Name: 
Comment: T4316
Time|Position: 2019-07-09 | 220336.00 | 55 3.6082 N | 52 30.853 W
Cruise: 39200
PI: Snook, Steve
Protocol: AZMP
Platform: CCGS Teleost
Revisions: 
Attachment: 
Encoding: plain
========================================

$@MID@$: 501
Date: Tue, 09 Jul 2019 22:14:12 +0000
Reply to: 502
Event: 183
Station: SI-14
Instrument: CTD
Attached: pH
Action: Deployed
Sounding: 2628
Sample_ID: 434474
End_Sample_ID: 434485
Wire Out: 
Depth: 
Author: RastinS
Seq_Number: 39200111
IMEI_No: 
WMO_No: 
S/N: S1221
Name: 
Comment: 
Time|Position: 2019-07-09 | 221328.00 | 55 3.5459 N | 52 31.0087 W
Cruise: 39200
PI: Snook, Steve
Protocol: AZMP
Platform: CCGS Teleost
Revisions: 
Attachment: 
Encoding: plain
========================================

$@MID@$: 502
Date: Tue, 09 Jul 2019 22:42:31 +0000
Reply to: 503
In reply to: 501
Event: 183
Station: SI-14
Instrument: CTD
Attached: pH
Action: Bottom
Sounding: 2628
Sample_ID: 434474
End_Sample_ID: 434485
Wire Out: 
Depth: 
Author: RastinS
Seq_Number: 39200111
IMEI_No: 
WMO_No: 
S/N: S1221
Name: 
Comment: 
Time|Position: 2019-07-09 | 224147.00 | 55 3.3727 N | 52 31.6501 W
Cruise: 39200
PI: Snook, Steve
Protocol: AZMP
Platform: CCGS Teleost
Revisions: 
Attachment: 
Encoding: plain
========================================

$@MID@$: 503
Date: Tue, 09 Jul 2019 23:33:14 +0000
In reply to: 502
Event: 183
Station: SI-14
Instrument: CTD
Attached: pH
Action: Recovered
Sounding: 2628
Sample_ID: 434474
End_Sample_ID: 434485
Wire Out: 
Depth: 
Author: RastinS
Seq_Number: 39200111
IMEI_No: 
WMO_No: 
S/N: S1221
Name: 
Comment: 
Time|Position: 2019-07-09 | 233230.00 | 55 3.264 N | 52 32.5347 W
Cruise: 39200
PI: Snook, Steve
Protocol: AZMP
Platform: CCGS Teleost
Revisions: 
Attachment: 
Encoding: plain
========================================

