$@MID@$: 563
Date: Thu, 30 Jul 2020 01:01:56 +0000
Reply to: 564
Event: 207
Station: MB01TOS2701-21
Instrument: XBT
Attached: T-10
Action: Deployed
Sounding: 0160
Sample_ID: 
End_Sample_ID: 
T_Number: 
Wire Out: 
Depth: 
Author: GrandyM
Seq_Number: tel210_2020_132
IMEI_No: 
WMO_No: 
S/N: 
Name: 
Comment: 
Time|Position: 2020-07-30 | 010105.00 | 49 59.8613 N | 53 37.988 W
Cruise: tel210
PI: Snook, Steve
Protocol: AZMP
Platform: CCGS Teleost
Revisions: 
Attachment: 
Encoding: plain
========================================

$@MID@$: 564
Date: Thu, 30 Jul 2020 01:02:37 +0000
In reply to: 563
Event: 207
Station: MB01TOS2701-21
Instrument: XBT
Attached: T-10
Action: Bottom
Sounding: 0160
Sample_ID: 
End_Sample_ID: 
T_Number: 
Wire Out: 
Depth: 
Author: GrandyM
Seq_Number: tel210_2020_132
IMEI_No: 
WMO_No: 
S/N: 
Name: 
Comment: 
Time|Position: 2020-07-30 | 010147.00 | 49 59.7377 N | 53 37.9127 W
Cruise: tel210
PI: Snook, Steve
Protocol: AZMP
Platform: CCGS Teleost
Revisions: 
Attachment: 
Encoding: plain
========================================

$@MID@$: 565
Date: Thu, 30 Jul 2020 03:58:45 +0000
Reply to: 566
Event: 208
Station: MB01TOS2701-22
Instrument: XBT
Attached: T-10
Action: Deployed
Sounding: 0167
Sample_ID: 
End_Sample_ID: 
T_Number: 
Wire Out: 
Depth: 
Author: DoodyR
Seq_Number: tel210_2020_133
IMEI_No: 
WMO_No: 
S/N: 
Name: 
Comment: 
Time|Position: 2020-07-30 | 035754.00 | 49 27.7401 N | 53 20.6544 W
Cruise: tel210
PI: Snook, Steve
Protocol: AZMP
Platform: CCGS Teleost
Revisions: 
Attachment: 
Encoding: plain
========================================

$@MID@$: 566
Date: Thu, 30 Jul 2020 03:59:28 +0000
In reply to: 565
Event: 208
Station: MB01TOS2701-22
Instrument: XBT
Attached: T-10
Action: Bottom
Sounding: 0167
Sample_ID: 
End_Sample_ID: 
T_Number: 
Wire Out: 
Depth: 
Author: DoodyR
Seq_Number: tel210_2020_133
IMEI_No: 
WMO_No: 
S/N: 
Name: 
Comment: 
Time|Position: 2020-07-30 | 035838.00 | 49 27.6134 N | 53 20.5828 W
Cruise: tel210
PI: Snook, Steve
Protocol: AZMP
Platform: CCGS Teleost
Revisions: 
Attachment: 
Encoding: plain
========================================

$@MID@$: 567
Date: Thu, 30 Jul 2020 06:51:54 +0000
Reply to: 568
Event: 209
Station: MB01TOS2701-23
Instrument: XBT
Attached: T-10
Action: Deployed
Sounding: 0225
Sample_ID: 
End_Sample_ID: 
T_Number: 
Wire Out: 
Depth: 
Author: DoyleG
Seq_Number: tel210_2020_134
IMEI_No: 
WMO_No: 
S/N: 
Name: 
Comment: 
Time|Position: 2020-07-30 | 065104.00 | 48 58.9782 N | 53 0.764 W
Cruise: tel210
PI: Snook, Steve
Protocol: AZMP
Platform: CCGS Teleost
Revisions: 
Attachment: 
Encoding: plain
========================================

$@MID@$: 568
Date: Thu, 30 Jul 2020 06:52:46 +0000
In reply to: 567
Event: 209
Station: MB01TOS2701-23
Instrument: XBT
Attached: T-10
Action: Bottom
Sounding: 0225
Sample_ID: 
End_Sample_ID: 
T_Number: 
Wire Out: 
Depth: 
Author: DoyleG
Seq_Number: tel210_2020_134
IMEI_No: 
WMO_No: 
S/N: 
Name: 
Comment: 
Time|Position: 2020-07-30 | 065156.00 | 48 58.8352 N | 53 0.6371 W
Cruise: tel210
PI: Snook, Steve
Protocol: AZMP
Platform: CCGS Teleost
Revisions: 
Attachment: 
Encoding: plain
========================================

$@MID@$: 569
Date: Thu, 30 Jul 2020 10:06:08 +0000
Reply to: 570
Event: 210
Station: MB01TOS2701-24
Instrument: XBT
Attached: T-10
Action: Deployed
Sounding: 0265
Sample_ID: 
End_Sample_ID: 
T_Number: 
Wire Out: 
Depth: 
Author: DoodyR
Seq_Number: tel210_2020_135
IMEI_No: 
WMO_No: 
S/N: 
Name: 
Comment: 
Time|Position: 2020-07-30 | 100518.00 | 48 25.3288 N | 52 42.9084 W
Cruise: tel210
PI: Snook, Steve
Protocol: AZMP
Platform: CCGS Teleost
Revisions: 
Attachment: 
Encoding: plain
========================================

$@MID@$: 570
Date: Thu, 30 Jul 2020 10:07:06 +0000
In reply to: 569
Event: 210
Station: MB01TOS2701-24
Instrument: XBT
Attached: T-10
Action: Bottom
Sounding: 0265
Sample_ID: 
End_Sample_ID: 
T_Number: 
Wire Out: 
Depth: 
Author: DoodyR
Seq_Number: tel210_2020_135
IMEI_No: 
WMO_No: 
S/N: 
Name: 
Comment: 
Time|Position: 2020-07-30 | 100616.00 | 48 25.149 N | 52 42.8801 W
Cruise: tel210
PI: Snook, Steve
Protocol: AZMP
Platform: CCGS Teleost
Revisions: 
Attachment: 
Encoding: plain
========================================

$@MID@$: 571
Date: Thu, 30 Jul 2020 12:53:20 +0000
Reply to: 572
Event: 211
Station: MB01TOS2701-25
Instrument: XBT
Attached: T-10
Action: Deployed
Sounding: 0178
Sample_ID: 
End_Sample_ID: 
T_Number: 
Wire Out: 
Depth: 
Author: DoyleG
Seq_Number: tel210_2020_136
IMEI_No: 
WMO_No: 
S/N: 
Name: 
Comment: 
Time|Position: 2020-07-30 | 125229.00 | 47 55.5187 N | 52 38.9455 W
Cruise: tel210
PI: Snook, Steve
Protocol: AZMP
Platform: CCGS Teleost
Revisions: 
Attachment: 
Encoding: plain
========================================

$@MID@$: 572
Date: Thu, 30 Jul 2020 12:54:19 +0000
In reply to: 571
Event: 211
Station: MB01TOS2701-25
Instrument: XBT
Attached: T-10
Action: Bottom
Sounding: 0178
Sample_ID: 
End_Sample_ID: 
T_Number: 
Wire Out: 
Depth: 
Author: DoyleG
Seq_Number: tel210_2020_136
IMEI_No: 
WMO_No: 
S/N: 
Name: 
Comment: 
Time|Position: 2020-07-30 | 125329.00 | 47 55.3637 N | 52 38.9212 W
Cruise: tel210
PI: Snook, Steve
Protocol: AZMP
Platform: CCGS Teleost
Revisions: 
Attachment: 
Encoding: plain
========================================

$@MID@$: 573
Date: Thu, 30 Jul 2020 15:24:42 +0000
Reply to: 574
Event: 212
Station: S27-01
Instrument: CTD
Attached: pH
Action: Deployed
Sounding: 0176
Sample_ID: 436348
End_Sample_ID: 436357
T_Number: 
Wire Out: 
Depth: 
Author: BaileyW
Seq_Number: tel210_2020_137
IMEI_No: 
WMO_No: 
S/N: S1146
Name: 
Comment: 
Time|Position: 2020-07-30 | 152352.00 | 47 32.8656 N | 52 35.1744 W
Cruise: tel210
PI: Snook, Steve
Protocol: AZMP
Platform: CCGS Teleost
Revisions: 
Attachment: 
Encoding: plain
========================================

$@MID@$: 574
Date: Thu, 30 Jul 2020 15:28:41 +0000
Reply to: 575
In reply to: 573
Event: 212
Station: S27-01
Instrument: CTD
Attached: pH
Action: Bottom
Sounding: 0176
Sample_ID: 436348
End_Sample_ID: 436357
T_Number: 
Wire Out: 
Depth: 
Author: BaileyW
Seq_Number: tel210_2020_137
IMEI_No: 
WMO_No: 
S/N: S1146
Name: 
Comment: 
Time|Position: 2020-07-30 | 152751.00 | 47 32.8983 N | 52 35.1707 W
Cruise: tel210
PI: Snook, Steve
Protocol: AZMP
Platform: CCGS Teleost
Revisions: 
Attachment: 
Encoding: plain
========================================

$@MID@$: 575
Date: Thu, 30 Jul 2020 15:53:34 +0000
In reply to: 574
Event: 212
Station: S27-01
Instrument: CTD
Attached: pH
Action: Recovered
Sounding: 0176
Sample_ID: 436348
End_Sample_ID: 436357
T_Number: 
Wire Out: 
Depth: 
Author: BaileyW
Seq_Number: tel210_2020_137
IMEI_No: 
WMO_No: 
S/N: S1146
Name: 
Comment: 
Time|Position: 2020-07-30 | 155243.00 | 47 32.9879 N | 52 35.0916 W
Cruise: tel210
PI: Snook, Steve
Protocol: AZMP
Platform: CCGS Teleost
Revisions: 
Attachment: 
Encoding: plain
========================================

$@MID@$: 576
Date: Thu, 30 Jul 2020 16:03:53 +0000
Reply to: 577
Event: 213
Station: S27-01
Instrument: RingNet
Attached: 70um/202um
Action: Deployed
Sounding: 0176
Sample_ID: 436348
End_Sample_ID: 
T_Number: T4461
Wire Out: 0166
Depth: 
Author: SullivanD
Seq_Number: tel210_2020_137
IMEI_No: 
WMO_No: 
S/N: 
Name: 
Comment: 
Time|Position: 2020-07-30 | 160303.00 | 47 32.9659 N | 52 35.0016 W
Cruise: tel210
PI: Snook, Steve
Protocol: AZMP
Platform: CCGS Teleost
Revisions: 
Attachment: 
Encoding: plain
========================================

$@MID@$: 577
Date: Thu, 30 Jul 2020 16:08:14 +0000
Reply to: 578
In reply to: 576
Event: 213
Station: S27-01
Instrument: RingNet
Attached: 70um/202um
Action: Bottom
Sounding: 0176
Sample_ID: 436348
End_Sample_ID: 
T_Number: T4461
Wire Out: 0166
Depth: 
Author: SullivanD
Seq_Number: tel210_2020_137
IMEI_No: 
WMO_No: 
S/N: 
Name: 
Comment: 
Time|Position: 2020-07-30 | 160723.00 | 47 32.9531 N | 52 34.9387 W
Cruise: tel210
PI: Snook, Steve
Protocol: AZMP
Platform: CCGS Teleost
Revisions: 
Attachment: 
Encoding: plain
========================================

$@MID@$: 578
Date: Thu, 30 Jul 2020 16:13:02 +0000
In reply to: 577
Event: 213
Station: S27-01
Instrument: RingNet
Attached: 70um/202um
Action: Recovered
Sounding: 0176
Sample_ID: 436348
End_Sample_ID: 
T_Number: T4461
Wire Out: 0166
Depth: 
Author: SullivanD
Seq_Number: tel210_2020_137
IMEI_No: 
WMO_No: 
S/N: 
Name: 
Comment: 
Time|Position: 2020-07-30 | 161212.00 | 47 32.9335 N | 52 34.8916 W
Cruise: tel210
PI: Snook, Steve
Protocol: AZMP
Platform: CCGS Teleost
Revisions: 
Attachment: 
Encoding: plain
========================================

$@MID@$: 579
Date: Thu, 30 Jul 2020 16:27:32 +0000
Reply to: 580
Event: 214
Station: S27-01
Instrument: RingNet
Attached: Dual 202um
Action: Deployed
Sounding: 0176
Sample_ID: 436357
End_Sample_ID: 
T_Number: T4461
Wire Out: 0166
Depth: 
Author: SullivanD
Seq_Number: tel210_2020_137
IMEI_No: 
WMO_No: 
S/N: 
Name: 
Comment: 
Time|Position: 2020-07-30 | 162642.00 | 47 32.8875 N | 52 34.7968 W
Cruise: tel210
PI: Snook, Steve
Protocol: AZMP
Platform: CCGS Teleost
Revisions: 
Attachment: 
Encoding: plain
========================================

$@MID@$: 580
Date: Thu, 30 Jul 2020 16:32:53 +0000
Reply to: 581
In reply to: 579
Event: 214
Station: S27-01
Instrument: RingNet
Attached: Dual 202um
Action: Bottom
Sounding: 0176
Sample_ID: 436357
End_Sample_ID: 
T_Number: T4461
Wire Out: 0166
Depth: 
Author: SullivanD
Seq_Number: tel210_2020_137
IMEI_No: 
WMO_No: 
S/N: 
Name: 
Comment: 
Time|Position: 2020-07-30 | 163202.00 | 47 32.9107 N | 52 34.7828 W
Cruise: tel210
PI: Snook, Steve
Protocol: AZMP
Platform: CCGS Teleost
Revisions: 
Attachment: 
Encoding: plain
========================================

$@MID@$: 581
Date: Thu, 30 Jul 2020 16:36:51 +0000
In reply to: 580
Event: 214
Station: S27-01
Instrument: RingNet
Attached: Dual 202um
Action: Recovered
Sounding: 0176
Sample_ID: 436357
End_Sample_ID: 
T_Number: T4461
Wire Out: 0166
Depth: 
Author: SullivanD
Seq_Number: tel210_2020_137
IMEI_No: 
WMO_No: 
S/N: 
Name: 
Comment: 
Time|Position: 2020-07-30 | 163601.00 | 47 32.9212 N | 52 34.7449 W
Cruise: tel210
PI: Snook, Steve
Protocol: AZMP
Platform: CCGS Teleost
Revisions: 
Attachment: 
Encoding: plain
========================================

$@MID@$: 582
Date: Thu, 30 Jul 2020 18:04:43 +0000
Reply to: 583
Event: 215
Station: S27-02
Instrument: CTD
Attached: pH
Action: Deployed
Sounding: 0166
Sample_ID: 
End_Sample_ID: 
T_Number: 
Wire Out: 
Depth: 
Author: BaileyW
Seq_Number: tel210_2020_138
IMEI_No: 
WMO_No: 
S/N: S1146
Name: 
Comment: 
Time|Position: 2020-07-30 | 180353.00 | 47 34.8136 N | 52 21.0992 W
Cruise: tel210
PI: Snook, Steve
Protocol: AZMP
Platform: CCGS Teleost
Revisions: 
Attachment: 
Encoding: plain
========================================

$@MID@$: 583
Date: Thu, 30 Jul 2020 18:08:26 +0000
Reply to: 584
In reply to: 582
Event: 215
Station: S27-02
Instrument: CTD
Attached: pH
Action: Bottom
Sounding: 0166
Sample_ID: 
End_Sample_ID: 
T_Number: 
Wire Out: 
Depth: 
Author: BaileyW
Seq_Number: tel210_2020_138
IMEI_No: 
WMO_No: 
S/N: S1146
Name: 
Comment: 
Time|Position: 2020-07-30 | 180735.00 | 47 34.7669 N | 52 21.1266 W
Cruise: tel210
PI: Snook, Steve
Protocol: AZMP
Platform: CCGS Teleost
Revisions: 
Attachment: 
Encoding: plain
========================================

$@MID@$: 584
Date: Thu, 30 Jul 2020 18:13:21 +0000
In reply to: 583
Event: 215
Station: S27-02
Instrument: CTD
Attached: pH
Action: Recovered
Sounding: 0166
Sample_ID: 
End_Sample_ID: 
T_Number: 
Wire Out: 
Depth: 
Author: BaileyW
Seq_Number: tel210_2020_138
IMEI_No: 
WMO_No: 
S/N: S1146
Name: 
Comment: 
Time|Position: 2020-07-30 | 181231.00 | 47 34.7588 N | 52 21.1744 W
Cruise: tel210
PI: Snook, Steve
Protocol: AZMP
Platform: CCGS Teleost
Revisions: 
Attachment: 
Encoding: plain
========================================

$@MID@$: 585
Date: Thu, 30 Jul 2020 20:17:33 +0000
Reply to: 586
Event: 216
Station: S27-03
Instrument: CTD
Attached: pH
Action: Deployed
Sounding: 0172
Sample_ID: 436358
End_Sample_ID: 436367
T_Number: 
Wire Out: 
Depth: 
Author: BaileyW
Seq_Number: tel210_2020_139
IMEI_No: 
WMO_No: 
S/N: S1146
Name: 
Comment: 
Time|Position: 2020-07-30 | 201643.00 | 47 37.7736 N | 52 7.2361 W
Cruise: tel210
PI: Snook, Steve
Protocol: AZMP
Platform: CCGS Teleost
Revisions: 
Attachment: 
Encoding: plain
========================================

$@MID@$: 586
Date: Thu, 30 Jul 2020 20:22:35 +0000
Reply to: 587
In reply to: 585
Event: 216
Station: S27-03
Instrument: CTD
Attached: pH
Action: Bottom
Sounding: 0172
Sample_ID: 436358
End_Sample_ID: 436367
T_Number: 
Wire Out: 
Depth: 
Author: BaileyW
Seq_Number: tel210_2020_139
IMEI_No: 
WMO_No: 
S/N: S1146
Name: 
Comment: 
Time|Position: 2020-07-30 | 202145.00 | 47 37.8291 N | 52 7.2169 W
Cruise: tel210
PI: Snook, Steve
Protocol: AZMP
Platform: CCGS Teleost
Revisions: 
Attachment: 
Encoding: plain
========================================

$@MID@$: 587
Date: Thu, 30 Jul 2020 20:42:33 +0000
Reply to: 588
In reply to: 586
Event: 216
Station: S27-03
Instrument: CTD
Attached: pH
Action: Bottom
Sounding: 0172
Sample_ID: 436358
End_Sample_ID: 436367
T_Number: 
Wire Out: 
Depth: 
Author: BaileyW
Seq_Number: tel210_2020_139
IMEI_No: 
WMO_No: 
S/N: S1146
Name: 
Comment: 
Time|Position: 2020-07-30 | 204142.00 | 47 37.9895 N | 52 7.321 W
Cruise: tel210
PI: Snook, Steve
Protocol: AZMP
Platform: CCGS Teleost
Revisions: 
Attachment: 
Encoding: plain
========================================

$@MID@$: 588
Date: Thu, 30 Jul 2020 20:48:08 +0000
In reply to: 587
Event: 216
Station: S27-03
Instrument: CTD
Attached: pH
Action: Recovered
Sounding: 0172
Sample_ID: 436358
End_Sample_ID: 436367
T_Number: 
Wire Out: 
Depth: 
Author: BaileyW
Seq_Number: tel210_2020_139
IMEI_No: 
WMO_No: 
S/N: S1146
Name: 
Comment: 
Time|Position: 2020-07-30 | 204718.00 | 47 38.0546 N | 52 7.2876 W
Cruise: tel210
PI: Snook, Steve
Protocol: AZMP
Platform: CCGS Teleost
Revisions: 
Attachment: 
Encoding: plain
========================================

$@MID@$: 589
Date: Thu, 30 Jul 2020 20:52:12 +0000
Reply to: 590
Event: 217
Station: S27-03
Instrument: RingNet
Attached: Dual 202um
Action: Deployed
Sounding: 0174
Sample_ID: 436367
End_Sample_ID: 
T_Number: T4462
Wire Out: 0164
Depth: 
Author: SullivanD
Seq_Number: tel210_2020_139
IMEI_No: 
WMO_No: 
S/N: 
Name: 
Comment: 
Time|Position: 2020-07-30 | 205121.00 | 47 38.0635 N | 52 7.1881 W
Cruise: tel210
PI: Snook, Steve
Protocol: AZMP
Platform: CCGS Teleost
Revisions: 
Attachment: 
Encoding: plain
========================================

$@MID@$: 590
Date: Thu, 30 Jul 2020 20:56:50 +0000
Reply to: 591
In reply to: 589
Event: 217
Station: S27-03
Instrument: RingNet
Attached: Dual 202um
Action: Bottom
Sounding: 0174
Sample_ID: 436367
End_Sample_ID: 
T_Number: T4462
Wire Out: 0164
Depth: 
Author: SullivanD
Seq_Number: tel210_2020_139
IMEI_No: 
WMO_No: 
S/N: 
Name: 
Comment: 
Time|Position: 2020-07-30 | 205600.00 | 47 38.0975 N | 52 7.2137 W
Cruise: tel210
PI: Snook, Steve
Protocol: AZMP
Platform: CCGS Teleost
Revisions: 
Attachment: 
Encoding: plain
========================================

$@MID@$: 591
Date: Thu, 30 Jul 2020 21:00:10 +0000
In reply to: 590
Event: 217
Station: S27-03
Instrument: RingNet
Attached: Dual 202um
Action: Recovered
Sounding: 0174
Sample_ID: 436367
End_Sample_ID: 
T_Number: T4462
Wire Out: 0164
Depth: 
Author: SullivanD
Seq_Number: tel210_2020_139
IMEI_No: 
WMO_No: 
S/N: 
Name: 
Comment: 
Time|Position: 2020-07-30 | 205920.00 | 47 38.1252 N | 52 7.2238 W
Cruise: tel210
PI: Snook, Steve
Protocol: AZMP
Platform: CCGS Teleost
Revisions: 
Attachment: 
Encoding: plain
========================================

$@MID@$: 592
Date: Thu, 30 Jul 2020 22:18:52 +0000
Reply to: 593
Event: 218
Station: S27-04
Instrument: CTD
Attached: pH
Action: Deployed
Sounding: 0185
Sample_ID: 
End_Sample_ID: 
T_Number: 
Wire Out: 
Depth: 
Author: GrandyM
Seq_Number: tel210_2020_140
IMEI_No: 
WMO_No: 
S/N: S1146
Name: 
Comment: 
Time|Position: 2020-07-30 | 221802.00 | 47 40.7926 N | 51 52.7443 W
Cruise: tel210
PI: Snook, Steve
Protocol: AZMP
Platform: CCGS Teleost
Revisions: 31/Jul/2020 08:28:25
Attachment: 
Encoding: plain
========================================

$@MID@$: 593
Date: Thu, 30 Jul 2020 22:21:21 +0000
Reply to: 594
In reply to: 592
Event: 218
Station: S27-04
Instrument: CTD
Attached: pH
Action: Bottom
Sounding: 0185
Sample_ID: 
End_Sample_ID: 
T_Number: 
Wire Out: 
Depth: 
Author: GrandyM
Seq_Number: tel210_2020_140
IMEI_No: 
WMO_No: 
S/N: S1146
Name: 
Comment: 
Time|Position: 2020-07-30 | 222031.00 | 47 40.7853 N | 51 52.6975 W
Cruise: tel210
PI: Snook, Steve
Protocol: AZMP
Platform: CCGS Teleost
Revisions: 
Attachment: 
Encoding: plain
========================================

$@MID@$: 594
Date: Thu, 30 Jul 2020 22:25:17 +0000
In reply to: 593
Event: 218
Station: S27-04
Instrument: CTD
Attached: pH
Action: Recovered
Sounding: 0185
Sample_ID: 
End_Sample_ID: 
T_Number: 
Wire Out: 
Depth: 
Author: GrandyM
Seq_Number: tel210_2020_140
IMEI_No: 
WMO_No: 
S/N: S1146
Name: 
Comment: 
Time|Position: 2020-07-30 | 222427.00 | 47 40.7973 N | 51 52.6869 W
Cruise: tel210
PI: Snook, Steve
Protocol: AZMP
Platform: CCGS Teleost
Revisions: 
Attachment: 
Encoding: plain
========================================

$@MID@$: 595
Date: Thu, 30 Jul 2020 23:34:34 +0000
Reply to: 596
Event: 219
Station: S27-05
Instrument: CTD
Attached: pH
Action: Deployed
Sounding: 0160
Sample_ID: 436368
End_Sample_ID: 436377
T_Number: 
Wire Out: 
Depth: 
Author: BaileyW
Seq_Number: tel210_2020_141
IMEI_No: 
WMO_No: 
S/N: S1146
Name: 
Comment: 
Time|Position: 2020-07-30 | 233344.00 | 47 44.3897 N | 51 39.0105 W
Cruise: tel210
PI: Snook, Steve
Protocol: AZMP
Platform: CCGS Teleost
Revisions: 
Attachment: 
Encoding: plain
========================================

$@MID@$: 596
Date: Thu, 30 Jul 2020 23:38:32 +0000
Reply to: 597
In reply to: 595
Event: 219
Station: S27-05
Instrument: CTD
Attached: pH
Action: Bottom
Sounding: 0160
Sample_ID: 436368
End_Sample_ID: 436377
T_Number: 
Wire Out: 
Depth: 
Author: BaileyW
Seq_Number: tel210_2020_141
IMEI_No: 
WMO_No: 
S/N: S1146
Name: 
Comment: 
Time|Position: 2020-07-30 | 233742.00 | 47 44.4242 N | 51 39.0043 W
Cruise: tel210
PI: Snook, Steve
Protocol: AZMP
Platform: CCGS Teleost
Revisions: 
Attachment: 
Encoding: plain
========================================

