$@MID@$: 540
Date: Wed, 29 Jul 2020 00:34:16 +0000
Reply to: 541
Event: 197
Station: MB01TOS2701-13
Instrument: XBT
Attached: T-10
Action: Deployed
Sounding: 0202
Sample_ID: 
End_Sample_ID: 
T_Number: 
Wire Out: 
Depth: 
Author: GrandyM
Seq_Number: tel210_2020_124
IMEI_No: 
WMO_No: 
S/N: 
Name: 
Comment: 
Time|Position: 2020-07-29 | 003416.00 | 52 41.0000 N | 55 02.8800 W
Cruise: tel210
PI: Snook, Steve
Protocol: AZMP
Platform: CCGS Teleost
Revisions: 
Attachment: 
Encoding: plain
========================================

$@MID@$: 541
Date: Wed, 29 Jul 2020 00:34:36 +0000
In reply to: 540
Event: 197
Station: MB01TOS2701-13
Instrument: XBT
Attached: T-10
Action: Bottom
Sounding: 0162
Sample_ID: 
End_Sample_ID: 
T_Number: 
Wire Out: 
Depth: 
Author: GrandyM
Seq_Number: tel210_2020_124
IMEI_No: 
WMO_No: 
S/N: 
Name: 
Comment: 
Time|Position: 2020-07-29 | 003436.00 | 52 41.0000 N | 55 02.8800 W
Cruise: tel210
PI: Snook, Steve
Protocol: AZMP
Platform: CCGS Teleost
Revisions: 29/Jul/2020 00:38:39
Attachment: 
Encoding: plain
========================================

$@MID@$: 542
Date: Wed, 29 Jul 2020 02:39:35 +0000
Reply to: 543
Event: 198
Station: MB01TOS2701-14
Instrument: XBT
Attached: T-10
Action: Deployed
Sounding: 0240
Sample_ID: 
End_Sample_ID: 
T_Number: 
Wire Out: 
Depth: 
Author: RastinS
Seq_Number: tel210_2020_125
IMEI_No: 
WMO_No: 
S/N: 
Name: 
Comment: 
Time|Position: 2020-07-29 | 023935.00 | 52 27.2100 N | 54 58.6300 W
Cruise: tel210
PI: Snook, Steve
Protocol: AZMP
Platform: CCGS Teleost
Revisions: 
Attachment: 
Encoding: plain
========================================

$@MID@$: 543
Date: Wed, 29 Jul 2020 02:40:17 +0000
In reply to: 542
Event: 198
Station: MB01TOS2701-14
Instrument: XBT
Attached: T-10
Action: Bottom
Sounding: 0240
Sample_ID: 
End_Sample_ID: 
T_Number: 
Wire Out: 
Depth: 
Author: RastinS
Seq_Number: tel210_2020_125
IMEI_No: 
WMO_No: 
S/N: 
Name: 
Comment: 
Time|Position: 2020-07-29 | 024017.00 | 52 27.2100 N | 54 58.6300 W
Cruise: tel210
PI: Snook, Steve
Protocol: AZMP
Platform: CCGS Teleost
Revisions: 
Attachment: 
Encoding: plain
========================================

$@MID@$: 544
Date: Wed, 29 Jul 2020 04:24:25 +0000
Reply to: 545
Event: 199
Station: MB01TOS2701-15
Instrument: XBT
Attached: T-10
Action: Deployed
Sounding: 0184
Sample_ID: 
End_Sample_ID: 
T_Number: 
Wire Out: 
Depth: 
Author: DoyleG
Seq_Number: tel210_2020_126
IMEI_No: 
WMO_No: 
S/N: 
Name: 
Comment: 
Time|Position: 2020-07-29 | 042425.00 | 52 13.4100 N | 54 50.9500 W
Cruise: tel210
PI: Snook, Steve
Protocol: AZMP
Platform: CCGS Teleost
Revisions: 29/Jul/2020 04:29:11
Attachment: 
Encoding: plain
========================================

$@MID@$: 545
Date: Wed, 29 Jul 2020 04:25:13 +0000
In reply to: 544
Event: 199
Station: MB01TOS2701-15
Instrument: XBT
Attached: T-10
Action: Bottom
Sounding: 0184
Sample_ID: 
End_Sample_ID: 
T_Number: 
Wire Out: 
Depth: 
Author: DoyleG
Seq_Number: tel210_2020_126
IMEI_No: 
WMO_No: 
S/N: 
Name: 
Comment: 
Time|Position: 2020-07-29 | 042513.00 | 52 13.4100 N | 54 50.9500 W
Cruise: tel210
PI: Snook, Steve
Protocol: AZMP
Platform: CCGS Teleost
Revisions: 29/Jul/2020 04:29:23
Attachment: 
Encoding: plain
========================================

$@MID@$: 546
Date: Wed, 29 Jul 2020 06:33:18 +0000
Reply to: 547
Event: 200
Station: MB01TOS2701-16
Instrument: XBT
Attached: T-10
Action: Deployed
Sounding: 0256
Sample_ID: 
End_Sample_ID: 
T_Number: 
Wire Out: 
Depth: 
Author: DoodyR
Seq_Number: tel210_2020_127
IMEI_No: 
WMO_No: 
S/N: 
Name: 
Comment: 
Time|Position: 2020-07-29 | 063318.00 | 51 56.8600 N | 54 44.4400 W
Cruise: tel210
PI: Snook, Steve
Protocol: AZMP
Platform: CCGS Teleost
Revisions: 
Attachment: 
Encoding: plain
========================================

$@MID@$: 547
Date: Wed, 29 Jul 2020 06:34:12 +0000
In reply to: 546
Event: 200
Station: MB01TOS2701-16
Instrument: XBT
Attached: T-10
Action: Bottom
Sounding: 0256
Sample_ID: 
End_Sample_ID: 
T_Number: 
Wire Out: 
Depth: 
Author: DoodyR
Seq_Number: tel210_2020_127
IMEI_No: 
WMO_No: 
S/N: 
Name: 
Comment: 
Time|Position: 2020-07-29 | 063412.00 | 51 56.8600 N | 54 44.4400 W
Cruise: tel210
PI: Snook, Steve
Protocol: AZMP
Platform: CCGS Teleost
Revisions: 
Attachment: 
Encoding: plain
========================================

$@MID@$: 548
Date: Wed, 29 Jul 2020 08:23:43 +0000
Reply to: 549
Event: 201
Station: MB01TOS2701-17
Instrument: XBT
Attached: T-10
Action: Deployed
Sounding: 0214
Sample_ID: 
End_Sample_ID: 
T_Number: 
Wire Out: 
Depth: 
Author: DoyleG
Seq_Number: tel210_2020_128
IMEI_No: 
WMO_No: 
S/N: 
Name: 
Comment: 
Time|Position: 2020-07-29 | 082343.00 | 51 43.1300 N | 54 39.2100 W
Cruise: tel210
PI: Snook, Steve
Protocol: AZMP
Platform: CCGS Teleost
Revisions: 
Attachment: 
Encoding: plain
========================================

$@MID@$: 549
Date: Wed, 29 Jul 2020 08:24:26 +0000
In reply to: 548
Event: 201
Station: MB01TOS2701-17
Instrument: XBT
Attached: T-10
Action: Bottom
Sounding: 0214
Sample_ID: 
End_Sample_ID: 
T_Number: 
Wire Out: 
Depth: 
Author: DoyleG
Seq_Number: tel210_2020_128
IMEI_No: 
WMO_No: 
S/N: 
Name: 
Comment: 
Time|Position: 2020-07-29 | 082426.00 | 51 43.1300 N | 54 39.2100 W
Cruise: tel210
PI: Snook, Steve
Protocol: AZMP
Platform: CCGS Teleost
Revisions: 
Attachment: 
Encoding: plain
========================================

$@MID@$: 551
Date: Wed, 29 Jul 2020 09:30:23 +0000
Reply to: 552
Event: 202
Station: C5-04
Instrument: Recover Mooring
Attached: 
Action: Attempt Comms
Sounding: 0195
Sample_ID: 
End_Sample_ID: 
T_Number: 
Wire Out: 
Depth: 
Author: SnookS
Seq_Number: 
IMEI_No: 
WMO_No: 
S/N: 
Name: 
Comment: 
Time|Position: 2020-07-29 | 093033.00 | 51 35.9278 N | 54 35.6905 W
Cruise: tel210
PI: Snook, Steve
Protocol: AZMP
Platform: CCGS Teleost
Revisions: 
Attachment: 
Encoding: plain
========================================

$@MID@$: 552
Date: Wed, 29 Jul 2020 10:00:06 +0000
Reply to: 553
In reply to: 551
Event: 202
Station: C5-04
Instrument: Recover Mooring
Attached: 
Action: Release
Sounding: 0195
Sample_ID: 
End_Sample_ID: 
T_Number: 
Wire Out: 
Depth: 
Author: SnookS
Seq_Number: 
IMEI_No: 
WMO_No: 
S/N: 
Name: 
Comment: No communication with release. Attempt to drag.
Time|Position: 2020-07-29 | 100016.00 | 51 35.9037 N | 54 35.678 W
Cruise: tel210
PI: Snook, Steve
Protocol: AZMP
Platform: CCGS Teleost
Revisions: 
Attachment: 
Encoding: plain
========================================

$@MID@$: 553
Date: Wed, 29 Jul 2020 15:53:12 +0000
In reply to: 552
Event: 202
Station: C5-04
Instrument: Recover Mooring
Attached: 
Action: Aborted
Sounding: 0195
Sample_ID: 
End_Sample_ID: 
T_Number: 
Wire Out: 
Depth: 
Author: SnookS
Seq_Number: 
IMEI_No: 
WMO_No: 
S/N: 
Name: 
Comment: No communication with release. Attempt to drag. Unsuccessful recovery.
Time|Position: 2020-07-29 | 155222.00 | 51 35.7118 N | 54 35.8098 W
Cruise: tel210
PI: Snook, Steve
Protocol: AZMP
Platform: CCGS Teleost
Revisions: 
Attachment: 
Encoding: plain
========================================

$@MID@$: 554
Date: Wed, 29 Jul 2020 16:01:50 +0000
Reply to: 555
Event: 203
Station: MB01TOS2701-18
Instrument: XBT
Attached: T-10
Action: Deployed
Sounding: 0188
Sample_ID: 
End_Sample_ID: 
T_Number: 
Wire Out: 
Depth: 
Author: RastinS
Seq_Number: tel210_2020_129
IMEI_No: 
WMO_No: 
S/N: 
Name: 
Comment: 
Time|Position: 2020-07-29 | 160100.00 | 51 35.1881 N | 54 35.2477 W
Cruise: tel210
PI: Snook, Steve
Protocol: AZMP
Platform: CCGS Teleost
Revisions: 
Attachment: 
Encoding: plain
========================================

$@MID@$: 555
Date: Wed, 29 Jul 2020 16:02:40 +0000
In reply to: 554
Event: 203
Station: MB01TOS2701-18
Instrument: XBT
Attached: T-10
Action: Bottom
Sounding: 0188
Sample_ID: 
End_Sample_ID: 
T_Number: 
Wire Out: 
Depth: 
Author: RastinS
Seq_Number: tel210_2020_129
IMEI_No: 
WMO_No: 
S/N: 
Name: 
Comment: 
Time|Position: 2020-07-29 | 160150.00 | 51 35.0751 N | 54 35.1745 W
Cruise: tel210
PI: Snook, Steve
Protocol: AZMP
Platform: CCGS Teleost
Revisions: 
Attachment: 
Encoding: plain
========================================

$@MID@$: 556
Date: Wed, 29 Jul 2020 18:57:03 +0000
Reply to: 557
Event: 204
Station: MB01TOS2701-19
Instrument: XBT
Attached: T-10
Action: Aborted
Sounding: 0228
Sample_ID: 
End_Sample_ID: 
T_Number: 
Wire Out: 
Depth: 
Author: RastinS
Seq_Number: tel210_2020_130
IMEI_No: 
WMO_No: 
S/N: 
Name: 
Comment: dud
Time|Position: 2020-07-29 | 185612.00 | 51 4.8901 N | 54 17.0259 W
Cruise: tel210
PI: Snook, Steve
Protocol: AZMP
Platform: CCGS Teleost
Revisions: 29/Jul/2020 19:00:20
Attachment: 
Encoding: plain
========================================

$@MID@$: 557
Date: Wed, 29 Jul 2020 18:59:29 +0000
Reply to: 558
In reply to: 556
Event: 204
Station: MB01TOS2701-19
Instrument: XBT
Attached: T-10
Action: Deployed
Sounding: 0228
Sample_ID: 
End_Sample_ID: 
T_Number: 
Wire Out: 
Depth: 
Author: RastinS
Seq_Number: tel210_2020_130
IMEI_No: 
WMO_No: 
S/N: 
Name: 
Comment: 
Time|Position: 2020-07-29 | 185839.00 | 51 4.4563 N | 54 16.7325 W
Cruise: tel210
PI: Snook, Steve
Protocol: AZMP
Platform: CCGS Teleost
Revisions: 
Attachment: 
Encoding: plain
========================================

$@MID@$: 558
Date: Wed, 29 Jul 2020 19:00:12 +0000
In reply to: 557
Event: 204
Station: MB01TOS2701-19
Instrument: XBT
Attached: T-10
Action: Bottom
Sounding: 0228
Sample_ID: 
End_Sample_ID: 
T_Number: 
Wire Out: 
Depth: 
Author: RastinS
Seq_Number: tel210_2020_130
IMEI_No: 
WMO_No: 
S/N: 
Name: 
Comment: 
Time|Position: 2020-07-29 | 185922.00 | 51 4.3288 N | 54 16.6476 W
Cruise: tel210
PI: Snook, Steve
Protocol: AZMP
Platform: CCGS Teleost
Revisions: 
Attachment: 
Encoding: plain
========================================

$@MID@$: 559
Date: Wed, 29 Jul 2020 21:58:48 +0000
Reply to: 560
Event: 205
Station: MB01TOS2701-20
Instrument: XBT
Attached: T-10
Action: Deployed
Sounding: 0272
Sample_ID: 
End_Sample_ID: 
T_Number: 
Wire Out: 
Depth: 
Author: RastinS
Seq_Number: tel210_2020_131
IMEI_No: 
WMO_No: 
S/N: 
Name: 
Comment: 
Time|Position: 2020-07-29 | 215758.00 | 50 32.3199 N | 53 57.471 W
Cruise: tel210
PI: Snook, Steve
Protocol: AZMP
Platform: CCGS Teleost
Revisions: 
Attachment: 
Encoding: plain
========================================

$@MID@$: 560
Date: Wed, 29 Jul 2020 22:00:17 +0000
In reply to: 559
Event: 205
Station: MB01TOS2701-20
Instrument: XBT
Attached: T-10
Action: Aborted
Sounding: 0272
Sample_ID: 
End_Sample_ID: 
T_Number: 
Wire Out: 
Depth: 
Author: RastinS
Seq_Number: tel210_2020_131
IMEI_No: 
WMO_No: 
S/N: 
Name: 
Comment: premature wire break
Time|Position: 2020-07-29 | 215927.00 | 50 32.06 N | 53 57.2929 W
Cruise: tel210
PI: Snook, Steve
Protocol: AZMP
Platform: CCGS Teleost
Revisions: 
Attachment: 
Encoding: plain
========================================

$@MID@$: 561
Date: Wed, 29 Jul 2020 22:04:46 +0000
Reply to: 562
Event: 206
Station: MB01TOS2701-20
Instrument: XBT
Attached: T-06
Action: Deployed
Sounding: 0279
Sample_ID: 
End_Sample_ID: 
T_Number: 
Wire Out: 
Depth: 
Author: RastinS
Seq_Number: tel210_2020_131
IMEI_No: 
WMO_No: 
S/N: 
Name: 
Comment: 
Time|Position: 2020-07-29 | 220356.00 | 50 31.2784 N | 53 56.7584 W
Cruise: tel210
PI: Snook, Steve
Protocol: AZMP
Platform: CCGS Teleost
Revisions: 
Attachment: 
Encoding: plain
========================================

$@MID@$: 562
Date: Wed, 29 Jul 2020 22:05:10 +0000
In reply to: 561
Event: 206
Station: MB01TOS2701-20
Instrument: XBT
Attached: T-06
Action: Bottom
Sounding: 0279
Sample_ID: 
End_Sample_ID: 
T_Number: 
Wire Out: 
Depth: 
Author: RastinS
Seq_Number: tel210_2020_131
IMEI_No: 
WMO_No: 
S/N: 
Name: 
Comment: 
Time|Position: 2020-07-29 | 220420.00 | 50 31.2082 N | 53 56.7112 W
Cruise: tel210
PI: Snook, Steve
Protocol: AZMP
Platform: CCGS Teleost
Revisions: 
Attachment: 
Encoding: plain
========================================

